<?xml version="1.0" encoding="UTF-8"?>
<coverage generated="1778126114192" clover="3.2.0">
  <project timestamp="1778126114192" name="All files">
    <metrics statements="1141" coveredstatements="743" conditionals="837" coveredconditionals="432" methods="269" coveredmethods="96" elements="2247" coveredelements="1271" complexity="0" loc="1141" ncloc="1141" packages="5" files="19" classes="19"/>
    <package name="server">
      <metrics statements="456" coveredstatements="397" conditionals="341" coveredconditionals="245" methods="42" coveredmethods="39"/>
      <file name="index.ts" path="/home/mlapointe/secure/git/freebsdguy/server/index.ts">
        <metrics statements="456" coveredstatements="397" conditionals="341" coveredconditionals="245" methods="42" coveredmethods="39"/>
        <line num="9" count="4" type="stmt"/>
        <line num="11" count="4" type="stmt"/>
        <line num="12" count="4" type="stmt"/>
        <line num="20" count="4" type="stmt"/>
        <line num="21" count="17" type="stmt"/>
        <line num="22" count="17" type="stmt"/>
        <line num="23" count="17" type="stmt"/>
        <line num="24" count="17" type="cond" truecount="3" falsecount="0"/>
        <line num="32" count="4" type="stmt"/>
        <line num="33" count="4" type="stmt"/>
        <line num="36" count="4" type="stmt"/>
        <line num="37" count="4" type="cond" truecount="1" falsecount="1"/>
        <line num="38" count="4" type="cond" truecount="2" falsecount="2"/>
        <line num="39" count="0" type="stmt"/>
        <line num="40" count="0" type="cond" truecount="0" falsecount="2"/>
        <line num="41" count="0" type="stmt"/>
        <line num="42" count="0" type="stmt"/>
        <line num="47" count="4" type="stmt"/>
        <line num="48" count="4" type="cond" truecount="3" falsecount="3"/>
        <line num="49" count="0" type="stmt"/>
        <line num="50" count="0" type="stmt"/>
        <line num="53" count="4" type="stmt"/>
        <line num="54" count="4" type="cond" truecount="2" falsecount="2"/>
        <line num="55" count="4" type="cond" truecount="3" falsecount="0"/>
        <line num="58" count="4" type="stmt"/>
        <line num="59" count="4" type="stmt"/>
        <line num="61" count="4" type="stmt"/>
        <line num="73" count="4" type="stmt"/>
        <line num="75" count="113" type="cond" truecount="1" falsecount="1"/>
        <line num="82" count="4" type="stmt"/>
        <line num="84" count="4" type="cond" truecount="1" falsecount="1"/>
        <line num="91" count="4" type="stmt"/>
        <line num="92" count="4" type="stmt"/>
        <line num="95" count="4" type="stmt"/>
        <line num="107" count="4" type="stmt"/>
        <line num="108" count="84" type="stmt"/>
        <line num="109" count="84" type="cond" truecount="2" falsecount="0"/>
        <line num="111" count="82" type="stmt"/>
        <line num="112" count="82" type="cond" truecount="2" falsecount="0"/>
        <line num="113" count="1" type="stmt"/>
        <line num="114" count="1" type="stmt"/>
        <line num="116" count="81" type="stmt"/>
        <line num="117" count="81" type="stmt"/>
        <line num="122" count="4" type="stmt"/>
        <line num="123" count="4" type="stmt"/>
        <line num="124" count="4" type="stmt"/>
        <line num="126" count="4" type="stmt"/>
        <line num="129" count="4" type="cond" truecount="2" falsecount="0"/>
        <line num="130" count="2" type="stmt"/>
        <line num="131" count="2" type="cond" truecount="2" falsecount="0"/>
        <line num="132" count="1" type="stmt"/>
        <line num="133" count="1" type="stmt"/>
        <line num="134" count="1" type="stmt"/>
        <line num="144" count="150" type="stmt"/>
        <line num="145" count="3" type="cond" truecount="2" falsecount="0"/>
        <line num="146" count="1" type="stmt"/>
        <line num="147" count="1" type="cond" truecount="1" falsecount="1"/>
        <line num="148" count="1" type="stmt"/>
        <line num="149" count="1" type="stmt"/>
        <line num="150" count="1" type="stmt"/>
        <line num="159" count="2" type="stmt"/>
        <line num="160" count="2" type="stmt"/>
        <line num="164" count="4" type="stmt"/>
        <line num="165" count="2" type="cond" truecount="2" falsecount="0"/>
        <line num="166" count="1" type="stmt"/>
        <line num="167" count="1" type="stmt"/>
        <line num="169" count="75" type="stmt"/>
        <line num="171" count="1" type="stmt"/>
        <line num="175" count="4" type="stmt"/>
        <line num="176" count="2" type="cond" truecount="1" falsecount="1"/>
        <line num="178" count="2" type="stmt"/>
        <line num="180" count="2" type="stmt"/>
        <line num="181" count="2" type="stmt"/>
        <line num="183" count="2" type="stmt"/>
        <line num="185" count="148" type="cond" truecount="4" falsecount="0"/>
        <line num="186" count="1" type="stmt"/>
        <line num="189" count="1" type="stmt"/>
        <line num="190" count="1" type="stmt"/>
        <line num="191" count="1" type="stmt"/>
        <line num="193" count="1" type="stmt"/>
        <line num="194" count="1" type="stmt"/>
        <line num="198" count="4" type="stmt"/>
        <line num="199" count="3" type="cond" truecount="1" falsecount="1"/>
        <line num="200" count="3" type="stmt"/>
        <line num="201" count="3" type="stmt"/>
        <line num="203" count="3" type="cond" truecount="2" falsecount="0"/>
        <line num="204" count="1" type="stmt"/>
        <line num="207" count="2" type="stmt"/>
        <line num="208" count="149" type="stmt"/>
        <line num="210" count="2" type="cond" truecount="2" falsecount="0"/>
        <line num="211" count="1" type="stmt"/>
        <line num="214" count="1" type="stmt"/>
        <line num="215" count="1" type="stmt"/>
        <line num="216" count="1" type="stmt"/>
        <line num="220" count="4" type="stmt"/>
        <line num="221" count="8" type="cond" truecount="2" falsecount="0"/>
        <line num="222" count="8" type="cond" truecount="4" falsecount="0"/>
        <line num="223" count="1" type="stmt"/>
        <line num="225" count="7" type="stmt"/>
        <line num="226" count="7" type="stmt"/>
        <line num="227" count="7" type="stmt"/>
        <line num="228" count="7" type="stmt"/>
        <line num="233" count="8" type="stmt"/>
        <line num="234" count="8" type="stmt"/>
        <line num="236" count="8" type="cond" truecount="4" falsecount="0"/>
        <line num="237" count="3" type="cond" truecount="3" falsecount="1"/>
        <line num="238" count="3" type="cond" truecount="2" falsecount="0"/>
        <line num="240" count="3" type="stmt"/>
        <line num="248" count="4" type="stmt"/>
        <line num="252" count="4" type="stmt"/>
        <line num="253" count="5" type="stmt"/>
        <line num="254" count="5" type="cond" truecount="4" falsecount="0"/>
        <line num="255" count="1" type="stmt"/>
        <line num="257" count="4" type="stmt"/>
        <line num="258" count="4" type="cond" truecount="2" falsecount="0"/>
        <line num="260" count="3" type="cond" truecount="2" falsecount="0"/>
        <line num="261" count="5" type="cond" truecount="2" falsecount="0"/>
        <line num="262" count="5" type="cond" truecount="2" falsecount="0"/>
        <line num="264" count="5" type="cond" truecount="5" falsecount="0"/>
        <line num="265" count="1" type="stmt"/>
        <line num="268" count="2" type="stmt"/>
        <line num="269" count="2" type="stmt"/>
        <line num="274" count="5" type="stmt"/>
        <line num="275" count="0" type="stmt"/>
        <line num="277" count="2" type="stmt"/>
        <line num="278" count="2" type="cond" truecount="1" falsecount="1"/>
        <line num="283" count="4" type="stmt"/>
        <line num="284" count="5" type="stmt"/>
        <line num="285" count="5" type="cond" truecount="4" falsecount="0"/>
        <line num="286" count="1" type="stmt"/>
        <line num="288" count="4" type="stmt"/>
        <line num="289" count="4" type="cond" truecount="2" falsecount="0"/>
        <line num="291" count="3" type="cond" truecount="2" falsecount="0"/>
        <line num="292" count="5" type="cond" truecount="2" falsecount="0"/>
        <line num="293" count="5" type="cond" truecount="2" falsecount="0"/>
        <line num="295" count="5" type="cond" truecount="5" falsecount="0"/>
        <line num="296" count="1" type="stmt"/>
        <line num="299" count="2" type="stmt"/>
        <line num="300" count="2" type="stmt"/>
        <line num="305" count="5" type="stmt"/>
        <line num="306" count="0" type="stmt"/>
        <line num="308" count="2" type="stmt"/>
        <line num="309" count="2" type="cond" truecount="1" falsecount="1"/>
        <line num="314" count="4" type="stmt"/>
        <line num="315" count="5" type="stmt"/>
        <line num="316" count="5" type="cond" truecount="2" falsecount="0"/>
        <line num="317" count="1" type="stmt"/>
        <line num="319" count="4" type="cond" truecount="2" falsecount="0"/>
        <line num="320" count="5" type="cond" truecount="2" falsecount="0"/>
        <line num="322" count="5" type="stmt"/>
        <line num="324" count="5" type="cond" truecount="4" falsecount="0"/>
        <line num="325" count="1" type="stmt"/>
        <line num="326" count="1" type="stmt"/>
        <line num="329" count="3" type="stmt"/>
        <line num="330" count="3" type="stmt"/>
        <line num="335" count="5" type="stmt"/>
        <line num="336" count="3" type="stmt"/>
        <line num="337" count="3" type="stmt"/>
        <line num="339" count="0" type="stmt"/>
        <line num="340" count="0" type="stmt"/>
        <line num="345" count="4" type="stmt"/>
        <line num="346" count="2" type="stmt"/>
        <line num="347" count="2" type="stmt"/>
        <line num="348" count="2" type="stmt"/>
        <line num="349" count="2" type="stmt"/>
        <line num="352" count="2" type="stmt"/>
        <line num="353" count="2" type="cond" truecount="1" falsecount="1"/>
        <line num="354" count="0" type="stmt"/>
        <line num="355" count="0" type="stmt"/>
        <line num="358" count="2" type="stmt"/>
        <line num="360" count="2" type="cond" truecount="2" falsecount="0"/>
        <line num="361" count="1" type="stmt"/>
        <line num="364" count="1" type="stmt"/>
        <line num="368" count="4" type="stmt"/>
        <line num="369" count="3" type="stmt"/>
        <line num="370" count="3" type="stmt"/>
        <line num="371" count="3" type="stmt"/>
        <line num="372" count="3" type="stmt"/>
        <line num="375" count="3" type="stmt"/>
        <line num="376" count="3" type="cond" truecount="2" falsecount="0"/>
        <line num="377" count="1" type="stmt"/>
        <line num="378" count="1" type="stmt"/>
        <line num="381" count="2" type="stmt"/>
        <line num="391" count="2" type="stmt"/>
        <line num="395" count="4" type="stmt"/>
        <line num="396" count="2" type="stmt"/>
        <line num="397" count="2" type="stmt"/>
        <line num="398" count="2" type="stmt"/>
        <line num="399" count="2" type="stmt"/>
        <line num="402" count="2" type="cond" truecount="3" falsecount="0"/>
        <line num="403" count="2" type="cond" truecount="2" falsecount="0"/>
        <line num="405" count="2" type="cond" truecount="2" falsecount="0"/>
        <line num="406" count="1" type="stmt"/>
        <line num="409" count="1" type="stmt"/>
        <line num="412" count="1" type="cond" truecount="1" falsecount="1"/>
        <line num="413" count="0" type="stmt"/>
        <line num="414" count="0" type="stmt"/>
        <line num="417" count="1" type="cond" truecount="1" falsecount="1"/>
        <line num="418" count="0" type="stmt"/>
        <line num="419" count="0" type="stmt"/>
        <line num="420" count="0" type="cond" truecount="0" falsecount="2"/>
        <line num="421" count="0" type="stmt"/>
        <line num="422" count="0" type="cond" truecount="0" falsecount="2"/>
        <line num="423" count="0" type="stmt"/>
        <line num="424" count="0" type="cond" truecount="0" falsecount="2"/>
        <line num="425" count="0" type="stmt"/>
        <line num="430" count="0" type="stmt"/>
        <line num="431" count="0" type="stmt"/>
        <line num="434" count="0" type="stmt"/>
        <line num="435" count="0" type="stmt"/>
        <line num="438" count="1" type="stmt"/>
        <line num="439" count="1" type="stmt"/>
        <line num="444" count="4" type="stmt"/>
        <line num="445" count="4" type="stmt"/>
        <line num="446" count="4" type="cond" truecount="1" falsecount="1"/>
        <line num="447" count="4" type="stmt"/>
        <line num="448" count="4" type="stmt"/>
        <line num="449" count="1" type="stmt"/>
        <line num="450" count="1" type="cond" truecount="1" falsecount="1"/>
        <line num="451" count="1" type="stmt"/>
        <line num="452" count="1" type="cond" truecount="1" falsecount="1"/>
        <line num="453" count="0" type="stmt"/>
        <line num="454" count="0" type="cond" truecount="0" falsecount="2"/>
        <line num="455" count="0" type="stmt"/>
        <line num="460" count="0" type="stmt"/>
        <line num="466" count="4" type="stmt"/>
        <line num="467" count="4" type="stmt"/>
        <line num="468" count="4" type="stmt"/>
        <line num="483" count="4" type="stmt"/>
        <line num="484" count="13" type="cond" truecount="1" falsecount="1"/>
        <line num="485" count="13" type="stmt"/>
        <line num="486" count="13" type="stmt"/>
        <line num="488" count="13" type="stmt"/>
        <line num="496" count="13" type="stmt"/>
        <line num="497" count="13" type="stmt"/>
        <line num="501" count="4" type="stmt"/>
        <line num="502" count="4" type="cond" truecount="2" falsecount="2"/>
        <line num="505" count="4" type="stmt"/>
        <line num="506" count="4" type="stmt"/>
        <line num="507" count="4" type="stmt"/>
        <line num="508" count="4" type="stmt"/>
        <line num="509" count="4" type="stmt"/>
        <line num="510" count="4" type="stmt"/>
        <line num="512" count="4" type="cond" truecount="2" falsecount="0"/>
        <line num="513" count="1" type="stmt"/>
        <line num="514" count="1" type="stmt"/>
        <line num="517" count="3" type="cond" truecount="2" falsecount="0"/>
        <line num="518" count="2" type="stmt"/>
        <line num="519" count="2" type="stmt"/>
        <line num="522" count="2" type="stmt"/>
        <line num="523" count="2" type="cond" truecount="2" falsecount="0"/>
        <line num="524" count="1" type="stmt"/>
        <line num="525" count="1" type="stmt"/>
        <line num="528" count="2" type="stmt"/>
        <line num="529" count="2" type="stmt"/>
        <line num="531" count="0" type="stmt"/>
        <line num="532" count="0" type="stmt"/>
        <line num="535" count="1" type="stmt"/>
        <line num="536" count="1" type="stmt"/>
        <line num="541" count="4" type="stmt"/>
        <line num="542" count="4" type="cond" truecount="2" falsecount="2"/>
        <line num="544" count="4" type="stmt"/>
        <line num="545" count="4" type="cond" truecount="2" falsecount="0"/>
        <line num="547" count="3" type="stmt"/>
        <line num="548" count="3" type="stmt"/>
        <line num="549" count="3" type="stmt"/>
        <line num="550" count="3" type="stmt"/>
        <line num="551" count="3" type="stmt"/>
        <line num="553" count="3" type="stmt"/>
        <line num="554" count="3" type="stmt"/>
        <line num="556" count="3" type="stmt"/>
        <line num="557" count="5" type="stmt"/>
        <line num="558" count="5" type="cond" truecount="2" falsecount="0"/>
        <line num="559" count="1" type="stmt"/>
        <line num="560" count="1" type="stmt"/>
        <line num="563" count="4" type="cond" truecount="2" falsecount="0"/>
        <line num="564" count="2" type="stmt"/>
        <line num="565" count="2" type="stmt"/>
        <line num="566" count="2" type="cond" truecount="1" falsecount="1"/>
        <line num="567" count="0" type="stmt"/>
        <line num="569" count="2" type="stmt"/>
        <line num="571" count="0" type="stmt"/>
        <line num="574" count="2" type="stmt"/>
        <line num="578" count="3" type="stmt"/>
        <line num="579" count="3" type="stmt"/>
        <line num="583" count="4" type="stmt"/>
        <line num="584" count="16" type="cond" truecount="1" falsecount="1"/>
        <line num="585" count="16" type="stmt"/>
        <line num="586" count="16" type="stmt"/>
        <line num="588" count="16" type="cond" truecount="2" falsecount="0"/>
        <line num="589" count="16" type="cond" truecount="1" falsecount="3"/>
        <line num="590" count="16" type="cond" truecount="2" falsecount="0"/>
        <line num="591" count="16" type="cond" truecount="2" falsecount="0"/>
        <line num="592" count="16" type="cond" truecount="2" falsecount="0"/>
        <line num="593" count="16" type="cond" truecount="2" falsecount="0"/>
        <line num="594" count="16" type="cond" truecount="2" falsecount="0"/>
        <line num="596" count="16" type="cond" truecount="1" falsecount="1"/>
        <line num="597" count="0" type="stmt"/>
        <line num="606" count="16" type="cond" truecount="2" falsecount="0"/>
        <line num="607" count="1" type="stmt"/>
        <line num="612" count="16" type="cond" truecount="2" falsecount="0"/>
        <line num="613" count="13" type="stmt"/>
        <line num="624" count="16" type="stmt"/>
        <line num="625" count="16" type="stmt"/>
        <line num="628" count="16" type="cond" truecount="2" falsecount="0"/>
        <line num="629" count="2" type="stmt"/>
        <line num="630" count="2" type="stmt"/>
        <line num="631" count="2" type="stmt"/>
        <line num="632" count="2" type="cond" truecount="1" falsecount="1"/>
        <line num="634" count="0" type="cond" truecount="0" falsecount="2"/>
        <line num="635" count="0" type="cond" truecount="0" falsecount="2"/>
        <line num="636" count="0" type="stmt"/>
        <line num="646" count="0" type="cond" truecount="0" falsecount="2"/>
        <line num="647" count="0" type="stmt"/>
        <line num="658" count="0" type="stmt"/>
        <line num="672" count="16" type="stmt"/>
        <line num="676" count="4" type="stmt"/>
        <line num="677" count="1" type="cond" truecount="1" falsecount="1"/>
        <line num="679" count="1" type="stmt"/>
        <line num="683" count="4" type="stmt"/>
        <line num="684" count="2" type="cond" truecount="1" falsecount="1"/>
        <line num="685" count="2" type="stmt"/>
        <line num="687" count="2" type="cond" truecount="3" falsecount="1"/>
        <line num="688" count="0" type="stmt"/>
        <line num="691" count="2" type="stmt"/>
        <line num="694" count="2" type="stmt"/>
        <line num="695" count="2" type="stmt"/>
        <line num="696" count="6" type="cond" truecount="3" falsecount="1"/>
        <line num="697" count="6" type="stmt"/>
        <line num="701" count="2" type="stmt"/>
        <line num="702" count="2" type="stmt"/>
        <line num="703" count="2" type="stmt"/>
        <line num="705" count="2" type="cond" truecount="1" falsecount="1"/>
        <line num="706" count="0" type="stmt"/>
        <line num="709" count="2" type="stmt"/>
        <line num="710" count="2" type="stmt"/>
        <line num="714" count="4" type="stmt"/>
        <line num="715" count="2" type="cond" truecount="2" falsecount="2"/>
        <line num="716" count="2" type="stmt"/>
        <line num="717" count="2" type="stmt"/>
        <line num="718" count="2" type="stmt"/>
        <line num="719" count="2" type="stmt"/>
        <line num="720" count="2" type="stmt"/>
        <line num="722" count="2" type="cond" truecount="1" falsecount="1"/>
        <line num="723" count="0" type="stmt"/>
        <line num="724" count="0" type="stmt"/>
        <line num="727" count="2" type="cond" truecount="2" falsecount="0"/>
        <line num="728" count="1" type="stmt"/>
        <line num="729" count="1" type="stmt"/>
        <line num="731" count="1" type="stmt"/>
        <line num="736" count="4" type="stmt"/>
        <line num="737" count="11" type="cond" truecount="1" falsecount="1"/>
        <line num="738" count="0" type="stmt"/>
        <line num="740" count="11" type="cond" truecount="2" falsecount="0"/>
        <line num="742" count="10" type="stmt"/>
        <line num="743" count="10" type="stmt"/>
        <line num="744" count="10" type="stmt"/>
        <line num="745" count="10" type="stmt"/>
        <line num="746" count="10" type="stmt"/>
        <line num="748" count="10" type="cond" truecount="1" falsecount="1"/>
        <line num="749" count="0" type="stmt"/>
        <line num="752" count="10" type="stmt"/>
        <line num="753" count="10" type="stmt"/>
        <line num="754" count="10" type="stmt"/>
        <line num="755" count="10" type="stmt"/>
        <line num="756" count="10" type="stmt"/>
        <line num="759" count="10" type="stmt"/>
        <line num="760" count="10" type="cond" truecount="2" falsecount="0"/>
        <line num="762" count="1" type="stmt"/>
        <line num="763" count="1" type="cond" truecount="1" falsecount="1"/>
        <line num="764" count="1" type="stmt"/>
        <line num="765" count="1" type="stmt"/>
        <line num="773" count="0" type="stmt"/>
        <line num="778" count="9" type="stmt"/>
        <line num="779" count="9" type="cond" truecount="4" falsecount="0"/>
        <line num="781" count="1" type="cond" truecount="1" falsecount="1"/>
        <line num="782" count="1" type="stmt"/>
        <line num="783" count="1" type="stmt"/>
        <line num="789" count="0" type="stmt"/>
        <line num="794" count="8" type="stmt"/>
        <line num="795" count="8" type="stmt"/>
        <line num="799" count="8" type="stmt"/>
        <line num="804" count="8" type="stmt"/>
        <line num="811" count="8" type="stmt"/>
        <line num="813" count="8" type="stmt"/>
        <line num="814" count="8" type="stmt"/>
        <line num="816" count="0" type="stmt"/>
        <line num="817" count="0" type="stmt"/>
        <line num="822" count="4" type="stmt"/>
        <line num="823" count="2" type="cond" truecount="2" falsecount="2"/>
        <line num="824" count="2" type="stmt"/>
        <line num="825" count="2" type="stmt"/>
        <line num="826" count="2" type="stmt"/>
        <line num="827" count="2" type="stmt"/>
        <line num="829" count="2" type="cond" truecount="1" falsecount="1"/>
        <line num="831" count="2" type="stmt"/>
        <line num="832" count="2" type="stmt"/>
        <line num="833" count="2" type="stmt"/>
        <line num="836" count="2" type="stmt"/>
        <line num="837" count="4" type="cond" truecount="2" falsecount="0"/>
        <line num="839" count="2" type="stmt"/>
        <line num="841" count="2" type="cond" truecount="1" falsecount="1"/>
        <line num="848" count="0" type="cond" truecount="0" falsecount="4"/>
        <line num="850" count="2" type="stmt"/>
        <line num="851" count="2" type="cond" truecount="3" falsecount="1"/>
        <line num="852" count="2" type="cond" truecount="2" falsecount="0"/>
        <line num="854" count="2" type="cond" truecount="1" falsecount="1"/>
        <line num="856" count="2" type="stmt"/>
        <line num="858" count="0" type="stmt"/>
        <line num="859" count="0" type="stmt"/>
        <line num="864" count="4" type="stmt"/>
        <line num="865" count="1" type="cond" truecount="1" falsecount="1"/>
        <line num="866" count="1" type="stmt"/>
        <line num="869" count="4" type="stmt"/>
        <line num="870" count="3" type="stmt"/>
        <line num="871" count="3" type="stmt"/>
        <line num="872" count="3" type="stmt"/>
        <line num="873" count="3" type="cond" truecount="2" falsecount="0"/>
        <line num="874" count="3" type="stmt"/>
        <line num="876" count="3" type="cond" truecount="2" falsecount="0"/>
        <line num="877" count="2" type="stmt"/>
        <line num="878" count="2" type="stmt"/>
        <line num="880" count="0" type="stmt"/>
        <line num="881" count="0" type="stmt"/>
        <line num="883" count="1" type="cond" truecount="1" falsecount="1"/>
        <line num="884" count="0" type="stmt"/>
        <line num="896" count="1" type="stmt"/>
        <line num="909" count="4" type="stmt"/>
        <line num="910" count="4" type="stmt"/>
        <line num="911" count="4" type="cond" truecount="1" falsecount="1"/>
        <line num="914" count="4" type="stmt"/>
        <line num="915" count="4" type="cond" truecount="2" falsecount="0"/>
        <line num="916" count="3" type="stmt"/>
        <line num="917" count="3" type="stmt"/>
        <line num="918" count="3" type="cond" truecount="4" falsecount="0"/>
        <line num="919" count="2" type="stmt"/>
        <line num="922" count="2" type="cond" truecount="2" falsecount="0"/>
        <line num="923" count="1" type="stmt"/>
        <line num="924" count="1" type="stmt"/>
        <line num="926" count="1" type="stmt"/>
        <line num="927" count="1" type="stmt"/>
        <line num="928" count="1" type="stmt"/>
        <line num="930" count="1" type="stmt"/>
        <line num="931" count="1" type="stmt"/>
        <line num="934" count="37" type="stmt"/>
        <line num="935" count="1" type="cond" truecount="1" falsecount="1"/>
        <line num="936" count="1" type="stmt"/>
        <line num="937" count="1" type="stmt"/>
        <line num="938" count="1" type="stmt"/>
        <line num="946" count="2" type="stmt"/>
        <line num="947" count="2" type="stmt"/>
        <line num="948" count="2" type="stmt"/>
        <line num="949" count="2" type="stmt"/>
        <line num="952" count="4" type="cond" truecount="3" falsecount="1"/>
        <line num="953" count="0" type="stmt"/>
        <line num="954" count="0" type="stmt"/>
      </file>
    </package>
    <package name="server.lib">
      <metrics statements="281" coveredstatements="201" conditionals="181" coveredconditionals="128" methods="39" coveredmethods="36"/>
      <file name="ai-service.ts" path="/home/mlapointe/secure/git/freebsdguy/server/lib/ai-service.ts">
        <metrics statements="49" coveredstatements="43" conditionals="20" coveredconditionals="14" methods="9" coveredmethods="9"/>
        <line num="13" count="11" type="stmt"/>
        <line num="23" count="4" type="stmt"/>
        <line num="24" count="4" type="stmt"/>
        <line num="25" count="4" type="stmt"/>
        <line num="40" count="1" type="stmt"/>
        <line num="42" count="3" type="stmt"/>
        <line num="43" count="3" type="cond" truecount="2" falsecount="0"/>
        <line num="44" count="2" type="stmt"/>
        <line num="46" count="1" type="stmt"/>
        <line num="51" count="1" type="stmt"/>
        <line num="52" count="1" type="stmt"/>
        <line num="53" count="1" type="stmt"/>
        <line num="68" count="0" type="stmt"/>
        <line num="70" count="1" type="stmt"/>
        <line num="71" count="1" type="cond" truecount="1" falsecount="1"/>
        <line num="72" count="1" type="stmt"/>
        <line num="74" count="0" type="stmt"/>
        <line num="79" count="3" type="stmt"/>
        <line num="80" count="3" type="stmt"/>
        <line num="81" count="3" type="stmt"/>
        <line num="82" count="68" type="cond" truecount="1" falsecount="1"/>
        <line num="84" count="1" type="stmt"/>
        <line num="85" count="1" type="stmt"/>
        <line num="92" count="5" type="stmt"/>
        <line num="93" count="5" type="stmt"/>
        <line num="94" count="5" type="stmt"/>
        <line num="95" count="5" type="stmt"/>
        <line num="114" count="1" type="stmt"/>
        <line num="116" count="4" type="stmt"/>
        <line num="117" count="4" type="cond" truecount="2" falsecount="0"/>
        <line num="118" count="2" type="stmt"/>
        <line num="120" count="2" type="cond" truecount="2" falsecount="0"/>
        <line num="121" count="1" type="stmt"/>
        <line num="123" count="1" type="stmt"/>
        <line num="128" count="1" type="stmt"/>
        <line num="129" count="1" type="stmt"/>
        <line num="130" count="1" type="stmt"/>
        <line num="131" count="1" type="stmt"/>
        <line num="150" count="0" type="stmt"/>
        <line num="152" count="1" type="stmt"/>
        <line num="153" count="1" type="cond" truecount="1" falsecount="1"/>
        <line num="154" count="1" type="stmt"/>
        <line num="156" count="0" type="cond" truecount="0" falsecount="2"/>
        <line num="157" count="0" type="stmt"/>
        <line num="159" count="0" type="stmt"/>
        <line num="165" count="3" type="stmt"/>
        <line num="171" count="9" type="cond" truecount="2" falsecount="0"/>
        <line num="172" count="4" type="stmt"/>
        <line num="174" count="5" type="stmt"/>
      </file>
      <file name="auth.ts" path="/home/mlapointe/secure/git/freebsdguy/server/lib/auth.ts">
        <metrics statements="12" coveredstatements="12" conditionals="8" coveredconditionals="7" methods="2" coveredmethods="2"/>
        <line num="4" count="2" type="stmt"/>
        <line num="5" count="6" type="stmt"/>
        <line num="6" count="6" type="stmt"/>
        <line num="8" count="6" type="cond" truecount="4" falsecount="0"/>
        <line num="9" count="2" type="stmt"/>
        <line num="10" count="2" type="stmt"/>
        <line num="11" count="4" type="cond" truecount="1" falsecount="1"/>
        <line num="12" count="4" type="stmt"/>
        <line num="13" count="4" type="cond" truecount="2" falsecount="0"/>
        <line num="14" count="2" type="stmt"/>
        <line num="15" count="2" type="stmt"/>
        <line num="19" count="6" type="stmt"/>
      </file>
      <file name="config.ts" path="/home/mlapointe/secure/git/freebsdguy/server/lib/config.ts">
        <metrics statements="81" coveredstatements="60" conditionals="44" coveredconditionals="34" methods="11" coveredmethods="11"/>
        <line num="4" count="8" type="stmt"/>
        <line num="6" count="8" type="stmt"/>
        <line num="7" count="8" type="stmt"/>
        <line num="9" count="8" type="stmt"/>
        <line num="11" count="8" type="stmt"/>
        <line num="12" count="8" type="cond" truecount="1" falsecount="1"/>
        <line num="14" count="0" type="stmt"/>
        <line num="21" count="0" type="stmt"/>
        <line num="22" count="0" type="cond" truecount="0" falsecount="2"/>
        <line num="23" count="0" type="stmt"/>
        <line num="24" count="0" type="cond" truecount="0" falsecount="2"/>
        <line num="25" count="0" type="stmt"/>
        <line num="27" count="0" type="stmt"/>
        <line num="30" count="0" type="stmt"/>
        <line num="31" count="0" type="stmt"/>
        <line num="33" count="0" type="cond" truecount="0" falsecount="2"/>
        <line num="34" count="0" type="stmt"/>
        <line num="35" count="0" type="stmt"/>
        <line num="37" count="0" type="stmt"/>
        <line num="38" count="0" type="cond" truecount="0" falsecount="2"/>
        <line num="39" count="0" type="stmt"/>
        <line num="40" count="0" type="stmt"/>
        <line num="44" count="0" type="stmt"/>
        <line num="49" count="0" type="stmt"/>
        <line num="52" count="8" type="stmt"/>
        <line num="54" count="202" type="cond" truecount="2" falsecount="0"/>
        <line num="55" count="29" type="cond" truecount="2" falsecount="0"/>
        <line num="107" count="8" type="stmt"/>
        <line num="108" count="52" type="stmt"/>
        <line num="109" count="52" type="cond" truecount="2" falsecount="0"/>
        <line num="110" count="1" type="stmt"/>
        <line num="114" count="8" type="stmt"/>
        <line num="115" count="131" type="cond" truecount="2" falsecount="0"/>
        <line num="116" count="1" type="stmt"/>
        <line num="117" count="1" type="cond" truecount="1" falsecount="1"/>
        <line num="118" count="0" type="stmt"/>
        <line num="119" count="0" type="stmt"/>
        <line num="124" count="8" type="stmt"/>
        <line num="125" count="118" type="cond" truecount="2" falsecount="0"/>
        <line num="126" count="118" type="cond" truecount="2" falsecount="0"/>
        <line num="127" count="110" type="stmt"/>
        <line num="130" count="118" type="cond" truecount="2" falsecount="0"/>
        <line num="132" count="3" type="stmt"/>
        <line num="139" count="115" type="stmt"/>
        <line num="140" count="115" type="stmt"/>
        <line num="142" count="3" type="stmt"/>
        <line num="151" count="8" type="stmt"/>
        <line num="152" count="17" type="stmt"/>
        <line num="153" count="17" type="cond" truecount="2" falsecount="0"/>
        <line num="156" count="8" type="stmt"/>
        <line num="157" count="41" type="cond" truecount="2" falsecount="0"/>
        <line num="158" count="41" type="stmt"/>
        <line num="159" count="41" type="stmt"/>
        <line num="162" count="8" type="stmt"/>
        <line num="163" count="6" type="cond" truecount="2" falsecount="0"/>
        <line num="164" count="6" type="stmt"/>
        <line num="165" count="6" type="cond" truecount="2" falsecount="0"/>
        <line num="166" count="2" type="stmt"/>
        <line num="167" count="2" type="stmt"/>
        <line num="169" count="4" type="stmt"/>
        <line num="170" count="4" type="cond" truecount="2" falsecount="0"/>
        <line num="171" count="2" type="stmt"/>
        <line num="172" count="2" type="stmt"/>
        <line num="176" count="0" type="stmt"/>
        <line num="178" count="2" type="stmt"/>
        <line num="181" count="8" type="stmt"/>
        <line num="182" count="27" type="cond" truecount="2" falsecount="0"/>
        <line num="183" count="27" type="cond" truecount="2" falsecount="0"/>
        <line num="184" count="21" type="stmt"/>
        <line num="187" count="27" type="cond" truecount="2" falsecount="0"/>
        <line num="189" count="2" type="stmt"/>
        <line num="198" count="2" type="stmt"/>
        <line num="200" count="2" type="stmt"/>
        <line num="201" count="2" type="stmt"/>
        <line num="203" count="25" type="stmt"/>
        <line num="204" count="25" type="stmt"/>
        <line num="206" count="2" type="stmt"/>
        <line num="217" count="8" type="stmt"/>
        <line num="218" count="9" type="cond" truecount="2" falsecount="0"/>
        <line num="219" count="9" type="stmt"/>
        <line num="220" count="9" type="stmt"/>
      </file>
      <file name="images.ts" path="/home/mlapointe/secure/git/freebsdguy/server/lib/images.ts">
        <metrics statements="18" coveredstatements="16" conditionals="8" coveredconditionals="8" methods="5" coveredmethods="5"/>
        <line num="18" count="10" type="stmt"/>
        <line num="22" count="17" type="stmt"/>
        <line num="23" count="17" type="cond" truecount="2" falsecount="0"/>
        <line num="24" count="6" type="stmt"/>
        <line num="26" count="11" type="stmt"/>
        <line num="27" count="11" type="stmt"/>
        <line num="29" count="0" type="stmt"/>
        <line num="30" count="0" type="stmt"/>
        <line num="35" count="12" type="stmt"/>
        <line num="36" count="12" type="stmt"/>
        <line num="40" count="10" type="stmt"/>
        <line num="41" count="4" type="cond" truecount="4" falsecount="0"/>
        <line num="42" count="1" type="stmt"/>
        <line num="45" count="9" type="stmt"/>
        <line num="49" count="9" type="stmt"/>
        <line num="50" count="3" type="cond" truecount="2" falsecount="0"/>
        <line num="51" count="2" type="stmt"/>
        <line num="54" count="7" type="stmt"/>
      </file>
      <file name="posts.ts" path="/home/mlapointe/secure/git/freebsdguy/server/lib/posts.ts">
        <metrics statements="63" coveredstatements="47" conditionals="62" coveredconditionals="47" methods="7" coveredmethods="7"/>
        <line num="25" count="6" type="stmt"/>
        <line num="26" count="11" type="cond" truecount="2" falsecount="0"/>
        <line num="27" count="1" type="stmt"/>
        <line num="28" count="1" type="stmt"/>
        <line num="30" count="0" type="stmt"/>
        <line num="32" count="1" type="stmt"/>
        <line num="35" count="10" type="cond" truecount="2" falsecount="0"/>
        <line num="36" count="11" type="cond" truecount="2" falsecount="0"/>
        <line num="38" count="11" type="stmt"/>
        <line num="39" count="20" type="stmt"/>
        <line num="40" count="13" type="stmt"/>
        <line num="41" count="13" type="stmt"/>
        <line num="42" count="13" type="cond" truecount="1" falsecount="1"/>
        <line num="43" count="0" type="stmt"/>
        <line num="45" count="13" type="stmt"/>
        <line num="46" count="13" type="stmt"/>
        <line num="47" count="13" type="cond" truecount="2" falsecount="0"/>
        <line num="48" count="13" type="stmt"/>
        <line num="58" count="0" type="stmt"/>
        <line num="59" count="0" type="stmt"/>
        <line num="67" count="13" type="stmt"/>
        <line num="69" count="11" type="stmt"/>
        <line num="71" count="5" type="cond" truecount="4" falsecount="0"/>
        <line num="72" count="3" type="cond" truecount="3" falsecount="1"/>
        <line num="75" count="3" type="stmt"/>
        <line num="76" count="3" type="stmt"/>
        <line num="78" count="3" type="cond" truecount="3" falsecount="1"/>
        <line num="80" count="0" type="stmt"/>
        <line num="81" count="0" type="stmt"/>
        <line num="82" count="0" type="stmt"/>
        <line num="84" count="0" type="stmt"/>
        <line num="85" count="0" type="stmt"/>
        <line num="86" count="0" type="stmt"/>
        <line num="89" count="3" type="stmt"/>
        <line num="90" count="3" type="stmt"/>
        <line num="91" count="3" type="stmt"/>
        <line num="94" count="3" type="cond" truecount="3" falsecount="1"/>
        <line num="95" count="1" type="cond" truecount="2" falsecount="2"/>
        <line num="96" count="0" type="stmt"/>
        <line num="100" count="6" type="stmt"/>
        <line num="101" count="5" type="stmt"/>
        <line num="102" count="5" type="cond" truecount="2" falsecount="0"/>
        <line num="103" count="3" type="stmt"/>
        <line num="106" count="2" type="stmt"/>
        <line num="107" count="2" type="stmt"/>
        <line num="108" count="2" type="stmt"/>
        <line num="109" count="2" type="cond" truecount="2" falsecount="0"/>
        <line num="110" count="5" type="stmt"/>
        <line num="121" count="0" type="stmt"/>
        <line num="122" count="0" type="stmt"/>
        <line num="133" count="6" type="stmt"/>
        <line num="134" count="9" type="cond" truecount="2" falsecount="0"/>
        <line num="135" count="1" type="stmt"/>
        <line num="138" count="9" type="cond" truecount="1" falsecount="1"/>
        <line num="139" count="9" type="cond" truecount="2" falsecount="0"/>
        <line num="140" count="9" type="stmt"/>
        <line num="142" count="9" type="stmt"/>
        <line num="150" count="9" type="stmt"/>
        <line num="151" count="9" type="stmt"/>
        <line num="152" count="9" type="stmt"/>
        <line num="154" count="0" type="stmt"/>
        <line num="156" count="0" type="stmt"/>
        <line num="157" count="0" type="stmt"/>
      </file>
      <file name="preflight.ts" path="/home/mlapointe/secure/git/freebsdguy/server/lib/preflight.ts">
        <metrics statements="58" coveredstatements="23" conditionals="39" coveredconditionals="18" methods="5" coveredmethods="2"/>
        <line num="15" count="7" type="stmt"/>
        <line num="16" count="4" type="stmt"/>
        <line num="19" count="7" type="cond" truecount="1" falsecount="0"/>
        <line num="20" count="10" type="stmt"/>
        <line num="21" count="10" type="stmt"/>
        <line num="22" count="10" type="stmt"/>
        <line num="23" count="10" type="stmt"/>
        <line num="26" count="10" type="stmt"/>
        <line num="27" count="10" type="stmt"/>
        <line num="29" count="10" type="cond" truecount="2" falsecount="0"/>
        <line num="30" count="1" type="stmt"/>
        <line num="38" count="10" type="cond" truecount="1" falsecount="1"/>
        <line num="39" count="0" type="stmt"/>
        <line num="48" count="10" type="cond" truecount="3" falsecount="0"/>
        <line num="49" count="10" type="cond" truecount="2" falsecount="0"/>
        <line num="50" count="7" type="stmt"/>
        <line num="59" count="10" type="cond" truecount="4" falsecount="0"/>
        <line num="60" count="1" type="stmt"/>
        <line num="68" count="10" type="cond" truecount="2" falsecount="0"/>
        <line num="69" count="9" type="cond" truecount="1" falsecount="1"/>
        <line num="70" count="0" type="stmt"/>
        <line num="71" count="0" type="stmt"/>
        <line num="72" count="0" type="cond" truecount="0" falsecount="2"/>
        <line num="76" count="9" type="cond" truecount="1" falsecount="1"/>
        <line num="77" count="0" type="stmt"/>
        <line num="78" count="0" type="cond" truecount="0" falsecount="2"/>
        <line num="79" count="0" type="stmt"/>
        <line num="86" count="0" type="cond" truecount="0" falsecount="2"/>
        <line num="87" count="0" type="stmt"/>
        <line num="88" count="0" type="cond" truecount="0" falsecount="2"/>
        <line num="89" count="0" type="stmt"/>
        <line num="90" count="0" type="cond" truecount="0" falsecount="2"/>
        <line num="91" count="0" type="stmt"/>
        <line num="98" count="0" type="cond" truecount="0" falsecount="4"/>
        <line num="99" count="0" type="stmt"/>
        <line num="102" count="1" type="cond" truecount="1" falsecount="1"/>
        <line num="103" count="0" type="stmt"/>
        <line num="106" count="10" type="stmt"/>
        <line num="109" count="7" type="stmt"/>
        <line num="110" count="0" type="stmt"/>
        <line num="111" count="0" type="stmt"/>
        <line num="113" count="0" type="stmt"/>
        <line num="114" count="0" type="cond" truecount="0" falsecount="3"/>
        <line num="116" count="0" type="stmt"/>
        <line num="117" count="0" type="stmt"/>
        <line num="118" count="0" type="stmt"/>
        <line num="119" count="0" type="stmt"/>
        <line num="122" count="0" type="stmt"/>
        <line num="123" count="0" type="stmt"/>
        <line num="124" count="0" type="stmt"/>
        <line num="125" count="0" type="stmt"/>
        <line num="128" count="0" type="stmt"/>
        <line num="129" count="0" type="stmt"/>
        <line num="130" count="0" type="stmt"/>
        <line num="131" count="0" type="stmt"/>
        <line num="132" count="0" type="stmt"/>
        <line num="136" count="0" type="stmt"/>
        <line num="138" count="0" type="stmt"/>
      </file>
    </package>
    <package name="src">
      <metrics statements="232" coveredstatements="68" conditionals="179" coveredconditionals="26" methods="135" coveredmethods="4"/>
      <file name="App.tsx" path="/home/mlapointe/secure/git/freebsdguy/src/App.tsx">
        <metrics statements="231" coveredstatements="68" conditionals="179" coveredconditionals="26" methods="135" coveredmethods="4"/>
        <line num="18" count="2" type="stmt"/>
        <line num="27" count="1" type="stmt"/>
        <line num="28" count="1" type="stmt"/>
        <line num="29" count="1" type="stmt"/>
        <line num="30" count="1" type="stmt"/>
        <line num="31" count="1" type="stmt"/>
        <line num="32" count="1" type="stmt"/>
        <line num="33" count="1" type="stmt"/>
        <line num="34" count="1" type="stmt"/>
        <line num="35" count="1" type="stmt"/>
        <line num="36" count="1" type="stmt"/>
        <line num="37" count="1" type="stmt"/>
        <line num="38" count="1" type="stmt"/>
        <line num="49" count="1" type="stmt"/>
        <line num="50" count="1" type="stmt"/>
        <line num="51" count="1" type="stmt"/>
        <line num="52" count="1" type="stmt"/>
        <line num="53" count="1" type="stmt"/>
        <line num="55" count="1" type="stmt"/>
        <line num="61" count="1" type="cond" truecount="0" falsecount="2"/>
        <line num="63" count="1" type="stmt"/>
        <line num="64" count="0" type="cond" truecount="0" falsecount="2"/>
        <line num="65" count="0" type="stmt"/>
        <line num="66" count="0" type="stmt"/>
        <line num="67" count="0" type="stmt"/>
        <line num="72" count="1" type="stmt"/>
        <line num="73" count="0" type="cond" truecount="0" falsecount="4"/>
        <line num="74" count="0" type="stmt"/>
        <line num="78" count="1" type="stmt"/>
        <line num="79" count="0" type="stmt"/>
        <line num="80" count="0" type="stmt"/>
        <line num="81" count="0" type="cond" truecount="0" falsecount="4"/>
        <line num="82" count="0" type="stmt"/>
        <line num="83" count="0" type="stmt"/>
        <line num="86" count="0" type="stmt"/>
        <line num="87" count="0" type="stmt"/>
        <line num="90" count="1" type="stmt"/>
        <line num="91" count="0" type="cond" truecount="0" falsecount="4"/>
        <line num="92" count="0" type="stmt"/>
        <line num="93" count="0" type="stmt"/>
        <line num="94" count="0" type="stmt"/>
        <line num="95" count="0" type="stmt"/>
        <line num="97" count="0" type="stmt"/>
        <line num="98" count="0" type="stmt"/>
        <line num="101" count="1" type="stmt"/>
        <line num="102" count="0" type="cond" truecount="0" falsecount="2"/>
        <line num="103" count="0" type="stmt"/>
        <line num="107" count="1" type="stmt"/>
        <line num="108" count="1" type="stmt"/>
        <line num="109" count="1" type="stmt"/>
        <line num="110" count="1" type="stmt"/>
        <line num="111" count="0" type="stmt"/>
        <line num="112" count="0" type="cond" truecount="0" falsecount="2"/>
        <line num="113" count="0" type="stmt"/>
        <line num="114" count="0" type="stmt"/>
        <line num="115" count="0" type="stmt"/>
        <line num="118" count="1" type="stmt"/>
        <line num="119" count="0" type="stmt"/>
        <line num="120" count="0" type="stmt"/>
        <line num="121" count="0" type="stmt"/>
        <line num="122" count="0" type="stmt"/>
        <line num="123" count="0" type="stmt"/>
        <line num="124" count="0" type="stmt"/>
        <line num="125" count="0" type="cond" truecount="0" falsecount="2"/>
        <line num="126" count="0" type="stmt"/>
        <line num="128" count="1" type="stmt"/>
        <line num="130" count="1" type="stmt"/>
        <line num="131" count="0" type="cond" truecount="0" falsecount="3"/>
        <line num="132" count="0" type="cond" truecount="0" falsecount="5"/>
        <line num="133" count="0" type="cond" truecount="0" falsecount="4"/>
        <line num="134" count="0" type="cond" truecount="0" falsecount="4"/>
        <line num="135" count="0" type="stmt"/>
        <line num="136" count="0" type="stmt"/>
        <line num="139" count="1" type="stmt"/>
        <line num="140" count="0" type="cond" truecount="0" falsecount="5"/>
        <line num="141" count="0" type="stmt"/>
        <line num="145" count="1" type="stmt"/>
        <line num="146" count="0" type="stmt"/>
        <line num="147" count="0" type="cond" truecount="0" falsecount="2"/>
        <line num="148" count="0" type="cond" truecount="0" falsecount="2"/>
        <line num="149" count="0" type="stmt"/>
        <line num="150" count="0" type="cond" truecount="0" falsecount="2"/>
        <line num="151" count="0" type="stmt"/>
        <line num="152" count="0" type="stmt"/>
        <line num="153" count="0" type="stmt"/>
        <line num="154" count="0" type="cond" truecount="0" falsecount="2"/>
        <line num="155" count="0" type="stmt"/>
        <line num="156" count="0" type="stmt"/>
        <line num="158" count="0" type="stmt"/>
        <line num="163" count="1" type="stmt"/>
        <line num="164" count="0" type="stmt"/>
        <line num="165" count="0" type="stmt"/>
        <line num="169" count="1" type="stmt"/>
        <line num="170" count="0" type="stmt"/>
        <line num="171" count="0" type="stmt"/>
        <line num="172" count="0" type="stmt"/>
        <line num="176" count="1" type="stmt"/>
        <line num="177" count="0" type="stmt"/>
        <line num="178" count="0" type="stmt"/>
        <line num="182" count="1" type="stmt"/>
        <line num="183" count="0" type="stmt"/>
        <line num="184" count="0" type="stmt"/>
        <line num="188" count="1" type="stmt"/>
        <line num="189" count="0" type="stmt"/>
        <line num="190" count="0" type="stmt"/>
        <line num="191" count="0" type="stmt"/>
        <line num="192" count="0" type="cond" truecount="0" falsecount="2"/>
        <line num="193" count="0" type="cond" truecount="0" falsecount="2"/>
        <line num="194" count="0" type="cond" truecount="0" falsecount="2"/>
        <line num="195" count="0" type="stmt"/>
        <line num="196" count="0" type="stmt"/>
        <line num="197" count="0" type="stmt"/>
        <line num="203" count="1" type="stmt"/>
        <line num="204" count="0" type="stmt"/>
        <line num="205" count="0" type="cond" truecount="0" falsecount="2"/>
        <line num="206" count="0" type="stmt"/>
        <line num="207" count="0" type="stmt"/>
        <line num="210" count="1" type="stmt"/>
        <line num="211" count="0" type="cond" truecount="0" falsecount="2"/>
        <line num="212" count="0" type="stmt"/>
        <line num="213" count="0" type="stmt"/>
        <line num="214" count="0" type="stmt"/>
        <line num="215" count="0" type="stmt"/>
        <line num="216" count="0" type="stmt"/>
        <line num="217" count="0" type="stmt"/>
        <line num="218" count="0" type="stmt"/>
        <line num="219" count="0" type="cond" truecount="0" falsecount="2"/>
        <line num="220" count="0" type="cond" truecount="0" falsecount="4"/>
        <line num="225" count="1" type="stmt"/>
        <line num="226" count="0" type="stmt"/>
        <line num="227" count="0" type="stmt"/>
        <line num="235" count="0" type="stmt"/>
        <line num="236" count="0" type="stmt"/>
        <line num="237" count="0" type="stmt"/>
        <line num="238" count="0" type="stmt"/>
        <line num="239" count="0" type="stmt"/>
        <line num="243" count="1" type="stmt"/>
        <line num="244" count="0" type="cond" truecount="0" falsecount="4"/>
        <line num="245" count="0" type="stmt"/>
        <line num="246" count="0" type="stmt"/>
        <line num="253" count="0" type="stmt"/>
        <line num="254" count="0" type="stmt"/>
        <line num="257" count="1" type="stmt"/>
        <line num="258" count="0" type="cond" truecount="0" falsecount="4"/>
        <line num="259" count="0" type="stmt"/>
        <line num="260" count="0" type="stmt"/>
        <line num="266" count="0" type="stmt"/>
        <line num="269" count="1" type="stmt"/>
        <line num="270" count="0" type="stmt"/>
        <line num="271" count="0" type="cond" truecount="0" falsecount="4"/>
        <line num="272" count="0" type="stmt"/>
        <line num="273" count="0" type="stmt"/>
        <line num="274" count="0" type="stmt"/>
        <line num="275" count="0" type="stmt"/>
        <line num="276" count="0" type="stmt"/>
        <line num="277" count="0" type="stmt"/>
        <line num="278" count="0" type="cond" truecount="0" falsecount="2"/>
        <line num="279" count="0" type="stmt"/>
        <line num="280" count="0" type="stmt"/>
        <line num="283" count="1" type="stmt"/>
        <line num="284" count="0" type="stmt"/>
        <line num="285" count="0" type="stmt"/>
        <line num="288" count="1" type="stmt"/>
        <line num="289" count="0" type="stmt"/>
        <line num="290" count="0" type="stmt"/>
        <line num="293" count="1" type="stmt"/>
        <line num="294" count="0" type="stmt"/>
        <line num="295" count="0" type="stmt"/>
        <line num="296" count="0" type="stmt"/>
        <line num="297" count="0" type="stmt"/>
        <line num="300" count="1" type="cond" truecount="1" falsecount="1"/>
        <line num="302" count="1" type="stmt"/>
        <line num="309" count="0" type="cond" truecount="1" falsecount="1"/>
        <line num="310" count="0" type="cond" truecount="1" falsecount="1"/>
        <line num="318" count="0" type="cond" truecount="1" falsecount="1"/>
        <line num="319" count="0" type="cond" truecount="1" falsecount="1"/>
        <line num="320" count="0" type="cond" truecount="1" falsecount="1"/>
        <line num="321" count="0" type="cond" truecount="1" falsecount="1"/>
        <line num="332" count="0" type="stmt"/>
        <line num="338" count="0" type="stmt"/>
        <line num="339" count="0" type="stmt"/>
        <line num="353" count="0" type="cond" truecount="0" falsecount="2"/>
        <line num="359" count="0" type="cond" truecount="0" falsecount="2"/>
        <line num="361" count="0" type="stmt"/>
        <line num="365" count="0" type="stmt"/>
        <line num="369" count="0" type="stmt"/>
        <line num="370" count="0" type="stmt"/>
        <line num="385" count="0" type="cond" truecount="0" falsecount="2"/>
        <line num="391" count="0" type="stmt"/>
        <line num="396" count="0" type="cond" truecount="0" falsecount="2"/>
        <line num="408" count="0" type="stmt"/>
        <line num="416" count="0" type="stmt"/>
        <line num="417" count="0" type="stmt"/>
        <line num="438" count="0" type="stmt"/>
        <line num="441" count="0" type="cond" truecount="0" falsecount="2"/>
        <line num="459" count="0" type="cond" truecount="0" falsecount="2"/>
        <line num="466" count="0" type="cond" truecount="0" falsecount="2"/>
        <line num="473" count="0" type="cond" truecount="0" falsecount="2"/>
        <line num="477" count="0" type="cond" truecount="0" falsecount="2"/>
        <line num="481" count="0" type="cond" truecount="0" falsecount="2"/>
        <line num="494" count="0" type="stmt"/>
        <line num="500" count="0" type="stmt"/>
        <line num="501" count="0" type="stmt"/>
        <line num="504" count="0" type="stmt"/>
        <line num="505" count="0" type="stmt"/>
        <line num="511" count="9" type="stmt"/>
        <line num="512" count="9" type="stmt"/>
        <line num="513" count="9" type="stmt"/>
        <line num="514" count="9" type="stmt"/>
        <line num="516" count="9" type="stmt"/>
        <line num="517" count="6" type="stmt"/>
        <line num="518" count="6" type="cond" truecount="1" falsecount="1"/>
        <line num="519" count="6" type="stmt"/>
        <line num="520" count="6" type="cond" truecount="1" falsecount="1"/>
        <line num="522" count="6" type="stmt"/>
        <line num="523" count="6" type="stmt"/>
        <line num="524" count="6" type="stmt"/>
        <line num="525" count="6" type="cond" truecount="1" falsecount="1"/>
        <line num="526" count="0" type="stmt"/>
        <line num="527" count="0" type="cond" truecount="0" falsecount="8"/>
        <line num="531" count="9" type="stmt"/>
        <line num="533" count="9" type="cond" truecount="0" falsecount="1"/>
        <line num="534" count="0" type="stmt"/>
        <line num="535" count="0" type="stmt"/>
        <line num="538" count="9" type="stmt"/>
        <line num="539" count="0" type="stmt"/>
        <line num="542" count="9" type="cond" truecount="0" falsecount="1"/>
        <line num="543" count="0" type="stmt"/>
        <line num="546" count="9" type="stmt"/>
        <line num="561" count="0" type="stmt"/>
        <line num="563" count="0" type="stmt"/>
      </file>
      <file name="main.tsx" path="/home/mlapointe/secure/git/freebsdguy/src/main.tsx">
        <metrics statements="1" coveredstatements="0" conditionals="0" coveredconditionals="0" methods="0" coveredmethods="0"/>
        <line num="5" count="0" type="stmt"/>
      </file>
      <file name="types.ts" path="/home/mlapointe/secure/git/freebsdguy/src/types.ts">
        <metrics statements="0" coveredstatements="0" conditionals="0" coveredconditionals="0" methods="0" coveredmethods="0"/>
      </file>
      <file name="vite-env.d.ts" path="/home/mlapointe/secure/git/freebsdguy/src/vite-env.d.ts">
        <metrics statements="0" coveredstatements="0" conditionals="0" coveredconditionals="0" methods="0" coveredmethods="0"/>
      </file>
    </package>
    <package name="src.components">
      <metrics statements="142" coveredstatements="77" conditionals="113" coveredconditionals="33" methods="48" coveredmethods="17"/>
      <file name="Home.tsx" path="/home/mlapointe/secure/git/freebsdguy/src/components/Home.tsx">
        <metrics statements="29" coveredstatements="24" conditionals="19" coveredconditionals="8" methods="12" coveredmethods="8"/>
        <line num="8" count="2" type="stmt"/>
        <line num="9" count="12" type="stmt"/>
        <line num="10" count="12" type="stmt"/>
        <line num="11" count="12" type="stmt"/>
        <line num="12" count="12" type="stmt"/>
        <line num="13" count="12" type="stmt"/>
        <line num="14" count="12" type="cond" truecount="2" falsecount="0"/>
        <line num="16" count="12" type="stmt"/>
        <line num="17" count="6" type="stmt"/>
        <line num="18" count="0" type="cond" truecount="0" falsecount="5"/>
        <line num="19" count="0" type="stmt"/>
        <line num="22" count="6" type="stmt"/>
        <line num="23" count="6" type="stmt"/>
        <line num="26" count="12" type="stmt"/>
        <line num="27" count="6" type="stmt"/>
        <line num="30" count="12" type="stmt"/>
        <line num="31" count="6" type="stmt"/>
        <line num="32" count="6" type="cond" truecount="1" falsecount="1"/>
        <line num="33" count="6" type="stmt"/>
        <line num="35" count="0" type="stmt"/>
        <line num="37" count="6" type="stmt"/>
        <line num="38" count="6" type="stmt"/>
        <line num="42" count="12" type="stmt"/>
        <line num="43" count="0" type="stmt"/>
        <line num="46" count="12" type="stmt"/>
        <line num="47" count="1" type="cond" truecount="1" falsecount="1"/>
        <line num="51" count="12" type="stmt"/>
        <line num="61" count="0" type="stmt"/>
        <line num="67" count="1" type="stmt"/>
      </file>
      <file name="ImageModals.tsx" path="/home/mlapointe/secure/git/freebsdguy/src/components/ImageModals.tsx">
        <metrics statements="12" coveredstatements="2" conditionals="8" coveredconditionals="0" methods="7" coveredmethods="0"/>
        <line num="14" count="2" type="stmt"/>
        <line num="15" count="0" type="cond" truecount="0" falsecount="2"/>
        <line num="16" count="0" type="stmt"/>
        <line num="34" count="0" type="stmt"/>
        <line num="39" count="0" type="stmt"/>
        <line num="47" count="0" type="stmt"/>
        <line num="48" count="0" type="stmt"/>
        <line num="60" count="0" type="stmt"/>
        <line num="90" count="2" type="stmt"/>
        <line num="91" count="0" type="cond" truecount="0" falsecount="2"/>
        <line num="92" count="0" type="stmt"/>
        <line num="94" count="0" type="stmt"/>
      </file>
      <file name="Login.tsx" path="/home/mlapointe/secure/git/freebsdguy/src/components/Login.tsx">
        <metrics statements="24" coveredstatements="21" conditionals="9" coveredconditionals="6" methods="4" coveredmethods="4"/>
        <line num="10" count="2" type="stmt"/>
        <line num="11" count="5" type="stmt"/>
        <line num="12" count="5" type="stmt"/>
        <line num="13" count="5" type="stmt"/>
        <line num="14" count="5" type="stmt"/>
        <line num="16" count="5" type="stmt"/>
        <line num="17" count="1" type="stmt"/>
        <line num="18" count="1" type="stmt"/>
        <line num="19" count="1" type="stmt"/>
        <line num="20" count="1" type="stmt"/>
        <line num="21" count="1" type="stmt"/>
        <line num="22" count="1" type="stmt"/>
        <line num="27" count="1" type="cond" truecount="4" falsecount="1"/>
        <line num="28" count="1" type="stmt"/>
        <line num="29" count="1" type="stmt"/>
        <line num="31" count="0" type="stmt"/>
        <line num="32" count="0" type="stmt"/>
        <line num="34" count="1" type="stmt"/>
        <line num="35" count="1" type="stmt"/>
        <line num="36" count="1" type="stmt"/>
        <line num="38" count="0" type="stmt"/>
        <line num="42" count="5" type="stmt"/>
        <line num="55" count="1" type="stmt"/>
        <line num="68" count="1" type="stmt"/>
      </file>
      <file name="Modal.tsx" path="/home/mlapointe/secure/git/freebsdguy/src/components/Modal.tsx">
        <metrics statements="10" coveredstatements="3" conditionals="10" coveredconditionals="2" methods="6" coveredmethods="1"/>
        <line num="13" count="2" type="stmt"/>
        <line num="14" count="9" type="cond" truecount="1" falsecount="1"/>
        <line num="15" count="0" type="stmt"/>
        <line num="50" count="2" type="stmt"/>
        <line num="51" count="0" type="stmt"/>
        <line num="52" count="0" type="stmt"/>
        <line num="53" count="0" type="stmt"/>
        <line num="55" count="0" type="stmt"/>
        <line num="58" count="0" type="stmt"/>
        <line num="64" count="0" type="stmt"/>
      </file>
      <file name="Navbar.tsx" path="/home/mlapointe/secure/git/freebsdguy/src/components/Navbar.tsx">
        <metrics statements="43" coveredstatements="25" conditionals="31" coveredconditionals="17" methods="7" coveredmethods="4"/>
        <line num="14" count="2" type="stmt"/>
        <line num="15" count="14" type="cond" truecount="2" falsecount="0"/>
        <line num="16" count="14" type="stmt"/>
        <line num="17" count="7" type="stmt"/>
        <line num="18" count="7" type="stmt"/>
        <line num="19" count="7" type="cond" truecount="4" falsecount="0"/>
        <line num="20" count="1" type="stmt"/>
        <line num="21" count="1" type="stmt"/>
        <line num="22" count="6" type="cond" truecount="2" falsecount="4"/>
        <line num="23" count="0" type="stmt"/>
        <line num="24" count="0" type="stmt"/>
        <line num="26" count="6" type="stmt"/>
        <line num="27" count="6" type="stmt"/>
        <line num="28" count="6" type="stmt"/>
        <line num="29" count="6" type="cond" truecount="2" falsecount="2"/>
        <line num="30" count="6" type="stmt"/>
        <line num="32" count="0" type="stmt"/>
        <line num="37" count="7" type="stmt"/>
        <line num="39" count="7" type="stmt"/>
        <line num="40" count="0" type="cond" truecount="0" falsecount="4"/>
        <line num="41" count="0" type="stmt"/>
        <line num="44" count="7" type="stmt"/>
        <line num="45" count="7" type="stmt"/>
        <line num="48" count="14" type="stmt"/>
        <line num="49" count="0" type="cond" truecount="0" falsecount="2"/>
        <line num="50" count="0" type="stmt"/>
        <line num="51" count="0" type="stmt"/>
        <line num="52" count="0" type="stmt"/>
        <line num="53" count="0" type="stmt"/>
        <line num="54" count="0" type="stmt"/>
        <line num="56" count="0" type="stmt"/>
        <line num="59" count="14" type="stmt"/>
        <line num="60" count="14" type="stmt"/>
        <line num="61" count="0" type="stmt"/>
        <line num="62" count="0" type="stmt"/>
        <line num="63" count="0" type="stmt"/>
        <line num="64" count="0" type="stmt"/>
        <line num="65" count="0" type="stmt"/>
        <line num="66" count="0" type="stmt"/>
        <line num="69" count="14" type="stmt"/>
        <line num="70" count="14" type="stmt"/>
        <line num="71" count="14" type="stmt"/>
        <line num="73" count="14" type="stmt"/>
      </file>
      <file name="PostDetail.tsx" path="/home/mlapointe/secure/git/freebsdguy/src/components/PostDetail.tsx">
        <metrics statements="16" coveredstatements="1" conditionals="11" coveredconditionals="0" methods="6" coveredmethods="0"/>
        <line num="7" count="2" type="stmt"/>
        <line num="8" count="0" type="stmt"/>
        <line num="9" count="0" type="stmt"/>
        <line num="10" count="0" type="stmt"/>
        <line num="11" count="0" type="stmt"/>
        <line num="12" count="0" type="cond" truecount="0" falsecount="2"/>
        <line num="14" count="0" type="stmt"/>
        <line num="15" count="0" type="stmt"/>
        <line num="18" count="0" type="stmt"/>
        <line num="19" count="0" type="stmt"/>
        <line num="20" count="0" type="cond" truecount="0" falsecount="5"/>
        <line num="21" count="0" type="stmt"/>
        <line num="24" count="0" type="stmt"/>
        <line num="25" count="0" type="stmt"/>
        <line num="28" count="0" type="cond" truecount="0" falsecount="2"/>
        <line num="30" count="0" type="stmt"/>
      </file>
      <file name="PostModal.tsx" path="/home/mlapointe/secure/git/freebsdguy/src/components/PostModal.tsx">
        <metrics statements="8" coveredstatements="1" conditionals="25" coveredconditionals="0" methods="6" coveredmethods="0"/>
        <line num="21" count="2" type="stmt"/>
        <line num="37" count="0" type="cond" truecount="0" falsecount="2"/>
        <line num="38" count="0" type="stmt"/>
        <line num="59" count="0" type="stmt"/>
        <line num="70" count="0" type="stmt"/>
        <line num="82" count="0" type="stmt"/>
        <line num="122" count="0" type="stmt"/>
        <line num="193" count="0" type="stmt"/>
      </file>
    </package>
    <package name="src.lib">
      <metrics statements="30" coveredstatements="0" conditionals="23" coveredconditionals="0" methods="5" coveredmethods="0"/>
      <file name="api.ts" path="/home/mlapointe/secure/git/freebsdguy/src/lib/api.ts">
        <metrics statements="30" coveredstatements="0" conditionals="23" coveredconditionals="0" methods="5" coveredmethods="0"/>
        <line num="3" count="0" type="stmt"/>
        <line num="7" count="0" type="stmt"/>
        <line num="8" count="0" type="stmt"/>
        <line num="9" count="0" type="cond" truecount="0" falsecount="2"/>
        <line num="10" count="0" type="stmt"/>
        <line num="12" count="0" type="stmt"/>
        <line num="15" count="0" type="stmt"/>
        <line num="16" count="0" type="stmt"/>
        <line num="18" count="0" type="cond" truecount="0" falsecount="5"/>
        <line num="19" count="0" type="cond" truecount="0" falsecount="4"/>
        <line num="24" count="0" type="stmt"/>
        <line num="25" count="0" type="cond" truecount="0" falsecount="4"/>
        <line num="26" count="0" type="stmt"/>
        <line num="27" count="0" type="stmt"/>
        <line num="28" count="0" type="stmt"/>
        <line num="29" count="0" type="stmt"/>
        <line num="32" count="0" type="stmt"/>
        <line num="36" count="0" type="stmt"/>
        <line num="37" count="0" type="stmt"/>
        <line num="38" count="0" type="cond" truecount="0" falsecount="2"/>
        <line num="39" count="0" type="stmt"/>
        <line num="40" count="0" type="stmt"/>
        <line num="41" count="0" type="stmt"/>
        <line num="42" count="0" type="stmt"/>
        <line num="43" count="0" type="stmt"/>
        <line num="46" count="0" type="cond" truecount="0" falsecount="4"/>
        <line num="47" count="0" type="stmt"/>
        <line num="48" count="0" type="cond" truecount="0" falsecount="2"/>
        <line num="49" count="0" type="stmt"/>
        <line num="52" count="0" type="stmt"/>
      </file>
    </package>
  </project>
</coverage>
