<?xml version="1.0" encoding="UTF-8"?>
<coverage generated="1778123951097" clover="3.2.0">
  <project timestamp="1778123951097" name="All files">
    <metrics statements="1297" coveredstatements="776" conditionals="1008" coveredconditionals="439" methods="310" coveredmethods="100" elements="2615" coveredelements="1315" complexity="0" loc="1297" ncloc="1297" packages="3" files="10" classes="10"/>
    <package name="server">
      <metrics statements="456" coveredstatements="397" conditionals="341" coveredconditionals="245" methods="42" coveredmethods="39"/>
      <file name="index.ts" path="/home/mlapointe/secure/git/freebsdguy/server/index.ts">
        <metrics statements="456" coveredstatements="397" conditionals="341" coveredconditionals="245" methods="42" coveredmethods="39"/>
        <line num="9" count="4" type="stmt"/>
        <line num="11" count="4" type="stmt"/>
        <line num="12" count="4" type="stmt"/>
        <line num="20" count="4" type="stmt"/>
        <line num="21" count="17" type="stmt"/>
        <line num="22" count="17" type="stmt"/>
        <line num="23" count="17" type="stmt"/>
        <line num="24" count="17" type="cond" truecount="3" falsecount="0"/>
        <line num="32" count="4" type="stmt"/>
        <line num="33" count="4" type="stmt"/>
        <line num="36" count="4" type="stmt"/>
        <line num="37" count="4" type="cond" truecount="1" falsecount="1"/>
        <line num="38" count="4" type="cond" truecount="2" falsecount="2"/>
        <line num="39" count="0" type="stmt"/>
        <line num="40" count="0" type="cond" truecount="0" falsecount="2"/>
        <line num="41" count="0" type="stmt"/>
        <line num="42" count="0" type="stmt"/>
        <line num="47" count="4" type="stmt"/>
        <line num="48" count="4" type="cond" truecount="3" falsecount="3"/>
        <line num="49" count="0" type="stmt"/>
        <line num="50" count="0" type="stmt"/>
        <line num="53" count="4" type="stmt"/>
        <line num="54" count="4" type="cond" truecount="2" falsecount="2"/>
        <line num="55" count="4" type="cond" truecount="3" falsecount="0"/>
        <line num="58" count="4" type="stmt"/>
        <line num="59" count="4" type="stmt"/>
        <line num="61" count="4" type="stmt"/>
        <line num="73" count="4" type="stmt"/>
        <line num="75" count="113" type="cond" truecount="1" falsecount="1"/>
        <line num="82" count="4" type="stmt"/>
        <line num="84" count="4" type="cond" truecount="1" falsecount="1"/>
        <line num="91" count="4" type="stmt"/>
        <line num="92" count="4" type="stmt"/>
        <line num="95" count="4" type="stmt"/>
        <line num="112" count="4" type="stmt"/>
        <line num="113" count="84" type="stmt"/>
        <line num="114" count="84" type="cond" truecount="2" falsecount="0"/>
        <line num="116" count="82" type="stmt"/>
        <line num="117" count="82" type="cond" truecount="2" falsecount="0"/>
        <line num="118" count="1" type="stmt"/>
        <line num="119" count="1" type="stmt"/>
        <line num="121" count="81" type="stmt"/>
        <line num="122" count="81" type="stmt"/>
        <line num="127" count="4" type="stmt"/>
        <line num="128" count="4" type="stmt"/>
        <line num="129" count="4" type="stmt"/>
        <line num="131" count="4" type="stmt"/>
        <line num="134" count="4" type="cond" truecount="2" falsecount="0"/>
        <line num="135" count="2" type="stmt"/>
        <line num="136" count="2" type="cond" truecount="2" falsecount="0"/>
        <line num="137" count="1" type="stmt"/>
        <line num="138" count="1" type="stmt"/>
        <line num="139" count="1" type="stmt"/>
        <line num="149" count="122" type="stmt"/>
        <line num="150" count="3" type="cond" truecount="2" falsecount="0"/>
        <line num="151" count="1" type="stmt"/>
        <line num="152" count="1" type="cond" truecount="1" falsecount="1"/>
        <line num="153" count="1" type="stmt"/>
        <line num="154" count="1" type="stmt"/>
        <line num="155" count="1" type="stmt"/>
        <line num="164" count="2" type="stmt"/>
        <line num="165" count="2" type="stmt"/>
        <line num="169" count="4" type="stmt"/>
        <line num="170" count="2" type="cond" truecount="2" falsecount="0"/>
        <line num="171" count="1" type="stmt"/>
        <line num="172" count="1" type="stmt"/>
        <line num="174" count="61" type="stmt"/>
        <line num="176" count="1" type="stmt"/>
        <line num="180" count="4" type="stmt"/>
        <line num="181" count="2" type="cond" truecount="1" falsecount="1"/>
        <line num="183" count="2" type="stmt"/>
        <line num="185" count="2" type="stmt"/>
        <line num="186" count="2" type="stmt"/>
        <line num="188" count="2" type="stmt"/>
        <line num="190" count="120" type="cond" truecount="4" falsecount="0"/>
        <line num="191" count="1" type="stmt"/>
        <line num="194" count="1" type="stmt"/>
        <line num="195" count="1" type="stmt"/>
        <line num="196" count="1" type="stmt"/>
        <line num="198" count="1" type="stmt"/>
        <line num="199" count="1" type="stmt"/>
        <line num="203" count="4" type="stmt"/>
        <line num="204" count="3" type="cond" truecount="1" falsecount="1"/>
        <line num="205" count="3" type="stmt"/>
        <line num="206" count="3" type="stmt"/>
        <line num="208" count="3" type="cond" truecount="2" falsecount="0"/>
        <line num="209" count="1" type="stmt"/>
        <line num="212" count="2" type="stmt"/>
        <line num="213" count="121" type="stmt"/>
        <line num="215" count="2" type="cond" truecount="2" falsecount="0"/>
        <line num="216" count="1" type="stmt"/>
        <line num="219" count="1" type="stmt"/>
        <line num="220" count="1" type="stmt"/>
        <line num="221" count="1" type="stmt"/>
        <line num="225" count="4" type="stmt"/>
        <line num="226" count="8" type="cond" truecount="2" falsecount="0"/>
        <line num="227" count="8" type="cond" truecount="4" falsecount="0"/>
        <line num="228" count="1" type="stmt"/>
        <line num="230" count="7" type="stmt"/>
        <line num="231" count="7" type="stmt"/>
        <line num="232" count="7" type="stmt"/>
        <line num="233" count="7" type="stmt"/>
        <line num="238" count="8" type="stmt"/>
        <line num="239" count="8" type="stmt"/>
        <line num="241" count="8" type="cond" truecount="4" falsecount="0"/>
        <line num="242" count="3" type="cond" truecount="3" falsecount="1"/>
        <line num="243" count="3" type="cond" truecount="2" falsecount="0"/>
        <line num="245" count="3" type="stmt"/>
        <line num="253" count="4" type="stmt"/>
        <line num="257" count="4" type="stmt"/>
        <line num="258" count="5" type="stmt"/>
        <line num="259" count="5" type="cond" truecount="4" falsecount="0"/>
        <line num="260" count="1" type="stmt"/>
        <line num="262" count="4" type="stmt"/>
        <line num="263" count="4" type="cond" truecount="2" falsecount="0"/>
        <line num="265" count="3" type="cond" truecount="2" falsecount="0"/>
        <line num="266" count="5" type="cond" truecount="2" falsecount="0"/>
        <line num="267" count="5" type="cond" truecount="2" falsecount="0"/>
        <line num="269" count="5" type="cond" truecount="5" falsecount="0"/>
        <line num="270" count="1" type="stmt"/>
        <line num="273" count="2" type="stmt"/>
        <line num="274" count="2" type="stmt"/>
        <line num="279" count="5" type="stmt"/>
        <line num="280" count="0" type="stmt"/>
        <line num="282" count="2" type="stmt"/>
        <line num="283" count="2" type="cond" truecount="1" falsecount="1"/>
        <line num="288" count="4" type="stmt"/>
        <line num="289" count="5" type="stmt"/>
        <line num="290" count="5" type="cond" truecount="4" falsecount="0"/>
        <line num="291" count="1" type="stmt"/>
        <line num="293" count="4" type="stmt"/>
        <line num="294" count="4" type="cond" truecount="2" falsecount="0"/>
        <line num="296" count="3" type="cond" truecount="2" falsecount="0"/>
        <line num="297" count="5" type="cond" truecount="2" falsecount="0"/>
        <line num="298" count="5" type="cond" truecount="2" falsecount="0"/>
        <line num="300" count="5" type="cond" truecount="5" falsecount="0"/>
        <line num="301" count="1" type="stmt"/>
        <line num="304" count="2" type="stmt"/>
        <line num="305" count="2" type="stmt"/>
        <line num="310" count="5" type="stmt"/>
        <line num="311" count="0" type="stmt"/>
        <line num="313" count="2" type="stmt"/>
        <line num="314" count="2" type="cond" truecount="1" falsecount="1"/>
        <line num="319" count="4" type="stmt"/>
        <line num="320" count="5" type="stmt"/>
        <line num="321" count="5" type="cond" truecount="2" falsecount="0"/>
        <line num="322" count="1" type="stmt"/>
        <line num="324" count="4" type="cond" truecount="2" falsecount="0"/>
        <line num="325" count="5" type="cond" truecount="2" falsecount="0"/>
        <line num="327" count="5" type="stmt"/>
        <line num="329" count="5" type="cond" truecount="4" falsecount="0"/>
        <line num="330" count="1" type="stmt"/>
        <line num="331" count="1" type="stmt"/>
        <line num="334" count="3" type="stmt"/>
        <line num="335" count="3" type="stmt"/>
        <line num="340" count="5" type="stmt"/>
        <line num="341" count="3" type="stmt"/>
        <line num="342" count="3" type="stmt"/>
        <line num="344" count="0" type="stmt"/>
        <line num="345" count="0" type="stmt"/>
        <line num="350" count="4" type="stmt"/>
        <line num="351" count="2" type="stmt"/>
        <line num="352" count="2" type="stmt"/>
        <line num="353" count="2" type="stmt"/>
        <line num="354" count="2" type="stmt"/>
        <line num="357" count="2" type="stmt"/>
        <line num="358" count="2" type="cond" truecount="1" falsecount="1"/>
        <line num="359" count="0" type="stmt"/>
        <line num="360" count="0" type="stmt"/>
        <line num="363" count="2" type="stmt"/>
        <line num="365" count="2" type="cond" truecount="2" falsecount="0"/>
        <line num="366" count="1" type="stmt"/>
        <line num="369" count="1" type="stmt"/>
        <line num="373" count="4" type="stmt"/>
        <line num="374" count="3" type="stmt"/>
        <line num="375" count="3" type="stmt"/>
        <line num="376" count="3" type="stmt"/>
        <line num="377" count="3" type="stmt"/>
        <line num="380" count="3" type="stmt"/>
        <line num="381" count="3" type="cond" truecount="2" falsecount="0"/>
        <line num="382" count="1" type="stmt"/>
        <line num="383" count="1" type="stmt"/>
        <line num="386" count="2" type="stmt"/>
        <line num="396" count="2" type="stmt"/>
        <line num="400" count="4" type="stmt"/>
        <line num="401" count="2" type="stmt"/>
        <line num="402" count="2" type="stmt"/>
        <line num="403" count="2" type="stmt"/>
        <line num="404" count="2" type="stmt"/>
        <line num="407" count="2" type="cond" truecount="3" falsecount="0"/>
        <line num="408" count="2" type="cond" truecount="2" falsecount="0"/>
        <line num="410" count="2" type="cond" truecount="2" falsecount="0"/>
        <line num="411" count="1" type="stmt"/>
        <line num="414" count="1" type="stmt"/>
        <line num="417" count="1" type="cond" truecount="1" falsecount="1"/>
        <line num="418" count="0" type="stmt"/>
        <line num="419" count="0" type="stmt"/>
        <line num="422" count="1" type="cond" truecount="1" falsecount="1"/>
        <line num="423" count="0" type="stmt"/>
        <line num="424" count="0" type="stmt"/>
        <line num="425" count="0" type="cond" truecount="0" falsecount="2"/>
        <line num="426" count="0" type="stmt"/>
        <line num="427" count="0" type="cond" truecount="0" falsecount="2"/>
        <line num="428" count="0" type="stmt"/>
        <line num="429" count="0" type="cond" truecount="0" falsecount="2"/>
        <line num="430" count="0" type="stmt"/>
        <line num="435" count="0" type="stmt"/>
        <line num="436" count="0" type="stmt"/>
        <line num="439" count="0" type="stmt"/>
        <line num="440" count="0" type="stmt"/>
        <line num="443" count="1" type="stmt"/>
        <line num="444" count="1" type="stmt"/>
        <line num="449" count="4" type="stmt"/>
        <line num="450" count="4" type="stmt"/>
        <line num="451" count="4" type="cond" truecount="1" falsecount="1"/>
        <line num="452" count="4" type="stmt"/>
        <line num="453" count="4" type="stmt"/>
        <line num="454" count="1" type="stmt"/>
        <line num="455" count="1" type="cond" truecount="1" falsecount="1"/>
        <line num="456" count="1" type="stmt"/>
        <line num="457" count="1" type="cond" truecount="1" falsecount="1"/>
        <line num="458" count="0" type="stmt"/>
        <line num="459" count="0" type="cond" truecount="0" falsecount="2"/>
        <line num="460" count="0" type="stmt"/>
        <line num="465" count="0" type="stmt"/>
        <line num="471" count="4" type="stmt"/>
        <line num="472" count="4" type="stmt"/>
        <line num="473" count="4" type="stmt"/>
        <line num="488" count="4" type="stmt"/>
        <line num="489" count="13" type="cond" truecount="1" falsecount="1"/>
        <line num="490" count="13" type="stmt"/>
        <line num="491" count="13" type="stmt"/>
        <line num="493" count="13" type="stmt"/>
        <line num="501" count="13" type="stmt"/>
        <line num="502" count="13" type="stmt"/>
        <line num="506" count="4" type="stmt"/>
        <line num="507" count="4" type="cond" truecount="2" falsecount="2"/>
        <line num="510" count="4" type="stmt"/>
        <line num="511" count="4" type="stmt"/>
        <line num="512" count="4" type="stmt"/>
        <line num="513" count="4" type="stmt"/>
        <line num="514" count="4" type="stmt"/>
        <line num="515" count="4" type="stmt"/>
        <line num="517" count="4" type="cond" truecount="2" falsecount="0"/>
        <line num="518" count="1" type="stmt"/>
        <line num="519" count="1" type="stmt"/>
        <line num="522" count="3" type="cond" truecount="2" falsecount="0"/>
        <line num="523" count="2" type="stmt"/>
        <line num="524" count="2" type="stmt"/>
        <line num="527" count="2" type="stmt"/>
        <line num="528" count="2" type="cond" truecount="2" falsecount="0"/>
        <line num="529" count="1" type="stmt"/>
        <line num="530" count="1" type="stmt"/>
        <line num="533" count="2" type="stmt"/>
        <line num="534" count="2" type="stmt"/>
        <line num="536" count="0" type="stmt"/>
        <line num="537" count="0" type="stmt"/>
        <line num="540" count="1" type="stmt"/>
        <line num="541" count="1" type="stmt"/>
        <line num="546" count="4" type="stmt"/>
        <line num="547" count="4" type="cond" truecount="2" falsecount="2"/>
        <line num="549" count="4" type="stmt"/>
        <line num="550" count="4" type="cond" truecount="2" falsecount="0"/>
        <line num="552" count="3" type="stmt"/>
        <line num="553" count="3" type="stmt"/>
        <line num="554" count="3" type="stmt"/>
        <line num="555" count="3" type="stmt"/>
        <line num="556" count="3" type="stmt"/>
        <line num="558" count="3" type="stmt"/>
        <line num="559" count="3" type="stmt"/>
        <line num="561" count="3" type="stmt"/>
        <line num="562" count="5" type="stmt"/>
        <line num="563" count="5" type="cond" truecount="2" falsecount="0"/>
        <line num="564" count="1" type="stmt"/>
        <line num="565" count="1" type="stmt"/>
        <line num="568" count="4" type="cond" truecount="2" falsecount="0"/>
        <line num="569" count="2" type="stmt"/>
        <line num="570" count="2" type="stmt"/>
        <line num="571" count="2" type="cond" truecount="1" falsecount="1"/>
        <line num="572" count="0" type="stmt"/>
        <line num="574" count="2" type="stmt"/>
        <line num="576" count="0" type="stmt"/>
        <line num="579" count="2" type="stmt"/>
        <line num="583" count="3" type="stmt"/>
        <line num="584" count="3" type="stmt"/>
        <line num="588" count="4" type="stmt"/>
        <line num="589" count="16" type="cond" truecount="1" falsecount="1"/>
        <line num="590" count="16" type="stmt"/>
        <line num="591" count="16" type="stmt"/>
        <line num="593" count="16" type="cond" truecount="2" falsecount="0"/>
        <line num="594" count="16" type="cond" truecount="1" falsecount="3"/>
        <line num="595" count="16" type="cond" truecount="2" falsecount="0"/>
        <line num="596" count="16" type="cond" truecount="2" falsecount="0"/>
        <line num="597" count="16" type="cond" truecount="2" falsecount="0"/>
        <line num="598" count="16" type="cond" truecount="2" falsecount="0"/>
        <line num="599" count="16" type="cond" truecount="2" falsecount="0"/>
        <line num="601" count="16" type="cond" truecount="1" falsecount="1"/>
        <line num="602" count="0" type="stmt"/>
        <line num="611" count="16" type="cond" truecount="2" falsecount="0"/>
        <line num="612" count="1" type="stmt"/>
        <line num="617" count="16" type="cond" truecount="2" falsecount="0"/>
        <line num="618" count="13" type="stmt"/>
        <line num="629" count="16" type="stmt"/>
        <line num="630" count="16" type="stmt"/>
        <line num="633" count="16" type="cond" truecount="2" falsecount="0"/>
        <line num="634" count="2" type="stmt"/>
        <line num="635" count="2" type="stmt"/>
        <line num="636" count="2" type="stmt"/>
        <line num="637" count="2" type="cond" truecount="1" falsecount="1"/>
        <line num="639" count="0" type="cond" truecount="0" falsecount="2"/>
        <line num="640" count="0" type="cond" truecount="0" falsecount="2"/>
        <line num="641" count="0" type="stmt"/>
        <line num="651" count="0" type="cond" truecount="0" falsecount="2"/>
        <line num="652" count="0" type="stmt"/>
        <line num="663" count="0" type="stmt"/>
        <line num="677" count="16" type="stmt"/>
        <line num="681" count="4" type="stmt"/>
        <line num="682" count="1" type="cond" truecount="1" falsecount="1"/>
        <line num="684" count="1" type="stmt"/>
        <line num="688" count="4" type="stmt"/>
        <line num="689" count="2" type="cond" truecount="1" falsecount="1"/>
        <line num="690" count="2" type="stmt"/>
        <line num="692" count="2" type="cond" truecount="3" falsecount="1"/>
        <line num="693" count="0" type="stmt"/>
        <line num="696" count="2" type="stmt"/>
        <line num="699" count="2" type="stmt"/>
        <line num="700" count="2" type="stmt"/>
        <line num="701" count="6" type="cond" truecount="3" falsecount="1"/>
        <line num="702" count="6" type="stmt"/>
        <line num="706" count="2" type="stmt"/>
        <line num="707" count="2" type="stmt"/>
        <line num="708" count="2" type="stmt"/>
        <line num="710" count="2" type="cond" truecount="1" falsecount="1"/>
        <line num="711" count="0" type="stmt"/>
        <line num="714" count="2" type="stmt"/>
        <line num="715" count="2" type="stmt"/>
        <line num="719" count="4" type="stmt"/>
        <line num="720" count="2" type="cond" truecount="2" falsecount="2"/>
        <line num="721" count="2" type="stmt"/>
        <line num="722" count="2" type="stmt"/>
        <line num="723" count="2" type="stmt"/>
        <line num="724" count="2" type="stmt"/>
        <line num="725" count="2" type="stmt"/>
        <line num="727" count="2" type="cond" truecount="1" falsecount="1"/>
        <line num="728" count="0" type="stmt"/>
        <line num="729" count="0" type="stmt"/>
        <line num="732" count="2" type="cond" truecount="2" falsecount="0"/>
        <line num="733" count="1" type="stmt"/>
        <line num="734" count="1" type="stmt"/>
        <line num="736" count="1" type="stmt"/>
        <line num="741" count="4" type="stmt"/>
        <line num="742" count="11" type="cond" truecount="1" falsecount="1"/>
        <line num="743" count="0" type="stmt"/>
        <line num="745" count="11" type="cond" truecount="2" falsecount="0"/>
        <line num="747" count="10" type="stmt"/>
        <line num="748" count="10" type="stmt"/>
        <line num="749" count="10" type="stmt"/>
        <line num="750" count="10" type="stmt"/>
        <line num="751" count="10" type="stmt"/>
        <line num="753" count="10" type="cond" truecount="1" falsecount="1"/>
        <line num="754" count="0" type="stmt"/>
        <line num="757" count="10" type="stmt"/>
        <line num="758" count="10" type="stmt"/>
        <line num="759" count="10" type="stmt"/>
        <line num="760" count="10" type="stmt"/>
        <line num="761" count="10" type="stmt"/>
        <line num="764" count="10" type="stmt"/>
        <line num="765" count="10" type="cond" truecount="2" falsecount="0"/>
        <line num="767" count="1" type="stmt"/>
        <line num="768" count="1" type="cond" truecount="1" falsecount="1"/>
        <line num="769" count="1" type="stmt"/>
        <line num="770" count="1" type="stmt"/>
        <line num="778" count="0" type="stmt"/>
        <line num="783" count="9" type="stmt"/>
        <line num="784" count="9" type="cond" truecount="4" falsecount="0"/>
        <line num="786" count="1" type="cond" truecount="1" falsecount="1"/>
        <line num="787" count="1" type="stmt"/>
        <line num="788" count="1" type="stmt"/>
        <line num="794" count="0" type="stmt"/>
        <line num="799" count="8" type="stmt"/>
        <line num="800" count="8" type="stmt"/>
        <line num="804" count="8" type="stmt"/>
        <line num="809" count="8" type="stmt"/>
        <line num="816" count="8" type="stmt"/>
        <line num="818" count="8" type="stmt"/>
        <line num="819" count="8" type="stmt"/>
        <line num="821" count="0" type="stmt"/>
        <line num="822" count="0" type="stmt"/>
        <line num="827" count="4" type="stmt"/>
        <line num="828" count="2" type="cond" truecount="2" falsecount="2"/>
        <line num="829" count="2" type="stmt"/>
        <line num="830" count="2" type="stmt"/>
        <line num="831" count="2" type="stmt"/>
        <line num="832" count="2" type="stmt"/>
        <line num="834" count="2" type="cond" truecount="1" falsecount="1"/>
        <line num="836" count="2" type="stmt"/>
        <line num="837" count="2" type="stmt"/>
        <line num="838" count="2" type="stmt"/>
        <line num="841" count="2" type="stmt"/>
        <line num="842" count="4" type="cond" truecount="2" falsecount="0"/>
        <line num="844" count="2" type="stmt"/>
        <line num="846" count="2" type="cond" truecount="1" falsecount="1"/>
        <line num="853" count="0" type="cond" truecount="0" falsecount="4"/>
        <line num="855" count="2" type="stmt"/>
        <line num="856" count="2" type="cond" truecount="3" falsecount="1"/>
        <line num="857" count="2" type="cond" truecount="2" falsecount="0"/>
        <line num="859" count="2" type="cond" truecount="1" falsecount="1"/>
        <line num="861" count="2" type="stmt"/>
        <line num="863" count="0" type="stmt"/>
        <line num="864" count="0" type="stmt"/>
        <line num="869" count="4" type="stmt"/>
        <line num="870" count="1" type="cond" truecount="1" falsecount="1"/>
        <line num="871" count="1" type="stmt"/>
        <line num="874" count="4" type="stmt"/>
        <line num="875" count="3" type="stmt"/>
        <line num="876" count="3" type="stmt"/>
        <line num="877" count="3" type="stmt"/>
        <line num="878" count="3" type="cond" truecount="2" falsecount="0"/>
        <line num="879" count="3" type="stmt"/>
        <line num="881" count="3" type="cond" truecount="2" falsecount="0"/>
        <line num="882" count="2" type="stmt"/>
        <line num="883" count="2" type="stmt"/>
        <line num="885" count="0" type="stmt"/>
        <line num="886" count="0" type="stmt"/>
        <line num="888" count="1" type="cond" truecount="1" falsecount="1"/>
        <line num="889" count="0" type="stmt"/>
        <line num="901" count="1" type="stmt"/>
        <line num="914" count="4" type="stmt"/>
        <line num="915" count="4" type="stmt"/>
        <line num="916" count="4" type="cond" truecount="1" falsecount="1"/>
        <line num="919" count="4" type="stmt"/>
        <line num="920" count="4" type="cond" truecount="2" falsecount="0"/>
        <line num="921" count="3" type="stmt"/>
        <line num="922" count="3" type="stmt"/>
        <line num="923" count="3" type="cond" truecount="4" falsecount="0"/>
        <line num="924" count="2" type="stmt"/>
        <line num="927" count="2" type="cond" truecount="2" falsecount="0"/>
        <line num="928" count="1" type="stmt"/>
        <line num="929" count="1" type="stmt"/>
        <line num="931" count="1" type="stmt"/>
        <line num="932" count="1" type="stmt"/>
        <line num="933" count="1" type="stmt"/>
        <line num="935" count="1" type="stmt"/>
        <line num="936" count="1" type="stmt"/>
        <line num="939" count="37" type="stmt"/>
        <line num="940" count="1" type="cond" truecount="1" falsecount="1"/>
        <line num="941" count="1" type="stmt"/>
        <line num="942" count="1" type="stmt"/>
        <line num="943" count="1" type="stmt"/>
        <line num="951" count="2" type="stmt"/>
        <line num="952" count="2" type="stmt"/>
        <line num="953" count="2" type="stmt"/>
        <line num="954" count="2" type="stmt"/>
        <line num="957" count="4" type="cond" truecount="3" falsecount="1"/>
        <line num="958" count="0" type="stmt"/>
        <line num="959" count="0" type="stmt"/>
      </file>
    </package>
    <package name="server.lib">
      <metrics statements="281" coveredstatements="201" conditionals="181" coveredconditionals="128" methods="39" coveredmethods="36"/>
      <file name="ai-service.ts" path="/home/mlapointe/secure/git/freebsdguy/server/lib/ai-service.ts">
        <metrics statements="49" coveredstatements="43" conditionals="20" coveredconditionals="14" methods="9" coveredmethods="9"/>
        <line num="13" count="11" type="stmt"/>
        <line num="23" count="4" type="stmt"/>
        <line num="24" count="4" type="stmt"/>
        <line num="25" count="4" type="stmt"/>
        <line num="40" count="1" type="stmt"/>
        <line num="42" count="3" type="stmt"/>
        <line num="43" count="3" type="cond" truecount="2" falsecount="0"/>
        <line num="44" count="2" type="stmt"/>
        <line num="46" count="1" type="stmt"/>
        <line num="51" count="1" type="stmt"/>
        <line num="52" count="1" type="stmt"/>
        <line num="53" count="1" type="stmt"/>
        <line num="68" count="0" type="stmt"/>
        <line num="70" count="1" type="stmt"/>
        <line num="71" count="1" type="cond" truecount="1" falsecount="1"/>
        <line num="72" count="1" type="stmt"/>
        <line num="74" count="0" type="stmt"/>
        <line num="79" count="3" type="stmt"/>
        <line num="80" count="3" type="stmt"/>
        <line num="81" count="3" type="stmt"/>
        <line num="82" count="68" type="cond" truecount="1" falsecount="1"/>
        <line num="84" count="1" type="stmt"/>
        <line num="85" count="1" type="stmt"/>
        <line num="92" count="5" type="stmt"/>
        <line num="93" count="5" type="stmt"/>
        <line num="94" count="5" type="stmt"/>
        <line num="95" count="5" type="stmt"/>
        <line num="114" count="1" type="stmt"/>
        <line num="116" count="4" type="stmt"/>
        <line num="117" count="4" type="cond" truecount="2" falsecount="0"/>
        <line num="118" count="2" type="stmt"/>
        <line num="120" count="2" type="cond" truecount="2" falsecount="0"/>
        <line num="121" count="1" type="stmt"/>
        <line num="123" count="1" type="stmt"/>
        <line num="128" count="1" type="stmt"/>
        <line num="129" count="1" type="stmt"/>
        <line num="130" count="1" type="stmt"/>
        <line num="131" count="1" type="stmt"/>
        <line num="150" count="0" type="stmt"/>
        <line num="152" count="1" type="stmt"/>
        <line num="153" count="1" type="cond" truecount="1" falsecount="1"/>
        <line num="154" count="1" type="stmt"/>
        <line num="156" count="0" type="cond" truecount="0" falsecount="2"/>
        <line num="157" count="0" type="stmt"/>
        <line num="159" count="0" type="stmt"/>
        <line num="165" count="3" type="stmt"/>
        <line num="171" count="9" type="cond" truecount="2" falsecount="0"/>
        <line num="172" count="4" type="stmt"/>
        <line num="174" count="5" type="stmt"/>
      </file>
      <file name="auth.ts" path="/home/mlapointe/secure/git/freebsdguy/server/lib/auth.ts">
        <metrics statements="12" coveredstatements="12" conditionals="8" coveredconditionals="7" methods="2" coveredmethods="2"/>
        <line num="4" count="2" type="stmt"/>
        <line num="5" count="6" type="stmt"/>
        <line num="6" count="6" type="stmt"/>
        <line num="8" count="6" type="cond" truecount="4" falsecount="0"/>
        <line num="9" count="2" type="stmt"/>
        <line num="10" count="2" type="stmt"/>
        <line num="11" count="4" type="cond" truecount="1" falsecount="1"/>
        <line num="12" count="4" type="stmt"/>
        <line num="13" count="4" type="cond" truecount="2" falsecount="0"/>
        <line num="14" count="2" type="stmt"/>
        <line num="15" count="2" type="stmt"/>
        <line num="19" count="6" type="stmt"/>
      </file>
      <file name="config.ts" path="/home/mlapointe/secure/git/freebsdguy/server/lib/config.ts">
        <metrics statements="81" coveredstatements="60" conditionals="44" coveredconditionals="34" methods="11" coveredmethods="11"/>
        <line num="4" count="8" type="stmt"/>
        <line num="6" count="8" type="stmt"/>
        <line num="7" count="8" type="stmt"/>
        <line num="9" count="8" type="stmt"/>
        <line num="11" count="8" type="stmt"/>
        <line num="12" count="8" type="cond" truecount="1" falsecount="1"/>
        <line num="14" count="0" type="stmt"/>
        <line num="21" count="0" type="stmt"/>
        <line num="22" count="0" type="cond" truecount="0" falsecount="2"/>
        <line num="23" count="0" type="stmt"/>
        <line num="24" count="0" type="cond" truecount="0" falsecount="2"/>
        <line num="25" count="0" type="stmt"/>
        <line num="27" count="0" type="stmt"/>
        <line num="30" count="0" type="stmt"/>
        <line num="31" count="0" type="stmt"/>
        <line num="33" count="0" type="cond" truecount="0" falsecount="2"/>
        <line num="34" count="0" type="stmt"/>
        <line num="35" count="0" type="stmt"/>
        <line num="37" count="0" type="stmt"/>
        <line num="38" count="0" type="cond" truecount="0" falsecount="2"/>
        <line num="39" count="0" type="stmt"/>
        <line num="40" count="0" type="stmt"/>
        <line num="44" count="0" type="stmt"/>
        <line num="49" count="0" type="stmt"/>
        <line num="52" count="8" type="stmt"/>
        <line num="54" count="202" type="cond" truecount="2" falsecount="0"/>
        <line num="55" count="29" type="cond" truecount="2" falsecount="0"/>
        <line num="107" count="8" type="stmt"/>
        <line num="108" count="52" type="stmt"/>
        <line num="109" count="52" type="cond" truecount="2" falsecount="0"/>
        <line num="110" count="1" type="stmt"/>
        <line num="114" count="8" type="stmt"/>
        <line num="115" count="131" type="cond" truecount="2" falsecount="0"/>
        <line num="116" count="1" type="stmt"/>
        <line num="117" count="1" type="cond" truecount="1" falsecount="1"/>
        <line num="118" count="0" type="stmt"/>
        <line num="119" count="0" type="stmt"/>
        <line num="124" count="8" type="stmt"/>
        <line num="125" count="118" type="cond" truecount="2" falsecount="0"/>
        <line num="126" count="118" type="cond" truecount="2" falsecount="0"/>
        <line num="127" count="110" type="stmt"/>
        <line num="130" count="118" type="cond" truecount="2" falsecount="0"/>
        <line num="132" count="3" type="stmt"/>
        <line num="139" count="115" type="stmt"/>
        <line num="140" count="115" type="stmt"/>
        <line num="142" count="3" type="stmt"/>
        <line num="151" count="8" type="stmt"/>
        <line num="152" count="17" type="stmt"/>
        <line num="153" count="17" type="cond" truecount="2" falsecount="0"/>
        <line num="156" count="8" type="stmt"/>
        <line num="157" count="41" type="cond" truecount="2" falsecount="0"/>
        <line num="158" count="41" type="stmt"/>
        <line num="159" count="41" type="stmt"/>
        <line num="162" count="8" type="stmt"/>
        <line num="163" count="6" type="cond" truecount="2" falsecount="0"/>
        <line num="164" count="6" type="stmt"/>
        <line num="165" count="6" type="cond" truecount="2" falsecount="0"/>
        <line num="166" count="2" type="stmt"/>
        <line num="167" count="2" type="stmt"/>
        <line num="169" count="4" type="stmt"/>
        <line num="170" count="4" type="cond" truecount="2" falsecount="0"/>
        <line num="171" count="2" type="stmt"/>
        <line num="172" count="2" type="stmt"/>
        <line num="176" count="0" type="stmt"/>
        <line num="178" count="2" type="stmt"/>
        <line num="181" count="8" type="stmt"/>
        <line num="182" count="27" type="cond" truecount="2" falsecount="0"/>
        <line num="183" count="27" type="cond" truecount="2" falsecount="0"/>
        <line num="184" count="21" type="stmt"/>
        <line num="187" count="27" type="cond" truecount="2" falsecount="0"/>
        <line num="189" count="2" type="stmt"/>
        <line num="198" count="2" type="stmt"/>
        <line num="200" count="2" type="stmt"/>
        <line num="201" count="2" type="stmt"/>
        <line num="203" count="25" type="stmt"/>
        <line num="204" count="25" type="stmt"/>
        <line num="206" count="2" type="stmt"/>
        <line num="217" count="8" type="stmt"/>
        <line num="218" count="9" type="cond" truecount="2" falsecount="0"/>
        <line num="219" count="9" type="stmt"/>
        <line num="220" count="9" type="stmt"/>
      </file>
      <file name="images.ts" path="/home/mlapointe/secure/git/freebsdguy/server/lib/images.ts">
        <metrics statements="18" coveredstatements="16" conditionals="8" coveredconditionals="8" methods="5" coveredmethods="5"/>
        <line num="18" count="10" type="stmt"/>
        <line num="22" count="17" type="stmt"/>
        <line num="23" count="17" type="cond" truecount="2" falsecount="0"/>
        <line num="24" count="6" type="stmt"/>
        <line num="26" count="11" type="stmt"/>
        <line num="27" count="11" type="stmt"/>
        <line num="29" count="0" type="stmt"/>
        <line num="30" count="0" type="stmt"/>
        <line num="35" count="12" type="stmt"/>
        <line num="36" count="12" type="stmt"/>
        <line num="40" count="10" type="stmt"/>
        <line num="41" count="4" type="cond" truecount="4" falsecount="0"/>
        <line num="42" count="1" type="stmt"/>
        <line num="45" count="9" type="stmt"/>
        <line num="49" count="9" type="stmt"/>
        <line num="50" count="3" type="cond" truecount="2" falsecount="0"/>
        <line num="51" count="2" type="stmt"/>
        <line num="54" count="7" type="stmt"/>
      </file>
      <file name="posts.ts" path="/home/mlapointe/secure/git/freebsdguy/server/lib/posts.ts">
        <metrics statements="63" coveredstatements="47" conditionals="62" coveredconditionals="47" methods="7" coveredmethods="7"/>
        <line num="25" count="6" type="stmt"/>
        <line num="26" count="11" type="cond" truecount="2" falsecount="0"/>
        <line num="27" count="1" type="stmt"/>
        <line num="28" count="1" type="stmt"/>
        <line num="30" count="0" type="stmt"/>
        <line num="32" count="1" type="stmt"/>
        <line num="35" count="10" type="cond" truecount="2" falsecount="0"/>
        <line num="36" count="11" type="cond" truecount="2" falsecount="0"/>
        <line num="38" count="11" type="stmt"/>
        <line num="39" count="20" type="stmt"/>
        <line num="40" count="13" type="stmt"/>
        <line num="41" count="13" type="stmt"/>
        <line num="42" count="13" type="cond" truecount="1" falsecount="1"/>
        <line num="43" count="0" type="stmt"/>
        <line num="45" count="13" type="stmt"/>
        <line num="46" count="13" type="stmt"/>
        <line num="47" count="13" type="cond" truecount="2" falsecount="0"/>
        <line num="48" count="13" type="stmt"/>
        <line num="58" count="0" type="stmt"/>
        <line num="59" count="0" type="stmt"/>
        <line num="67" count="13" type="stmt"/>
        <line num="69" count="11" type="stmt"/>
        <line num="71" count="5" type="cond" truecount="4" falsecount="0"/>
        <line num="72" count="3" type="cond" truecount="3" falsecount="1"/>
        <line num="75" count="3" type="stmt"/>
        <line num="76" count="3" type="stmt"/>
        <line num="78" count="3" type="cond" truecount="3" falsecount="1"/>
        <line num="80" count="0" type="stmt"/>
        <line num="81" count="0" type="stmt"/>
        <line num="82" count="0" type="stmt"/>
        <line num="84" count="0" type="stmt"/>
        <line num="85" count="0" type="stmt"/>
        <line num="86" count="0" type="stmt"/>
        <line num="89" count="3" type="stmt"/>
        <line num="90" count="3" type="stmt"/>
        <line num="91" count="3" type="stmt"/>
        <line num="94" count="3" type="cond" truecount="3" falsecount="1"/>
        <line num="95" count="1" type="cond" truecount="2" falsecount="2"/>
        <line num="96" count="0" type="stmt"/>
        <line num="100" count="6" type="stmt"/>
        <line num="101" count="5" type="stmt"/>
        <line num="102" count="5" type="cond" truecount="2" falsecount="0"/>
        <line num="103" count="3" type="stmt"/>
        <line num="106" count="2" type="stmt"/>
        <line num="107" count="2" type="stmt"/>
        <line num="108" count="2" type="stmt"/>
        <line num="109" count="2" type="cond" truecount="2" falsecount="0"/>
        <line num="110" count="5" type="stmt"/>
        <line num="121" count="0" type="stmt"/>
        <line num="122" count="0" type="stmt"/>
        <line num="133" count="6" type="stmt"/>
        <line num="134" count="9" type="cond" truecount="2" falsecount="0"/>
        <line num="135" count="1" type="stmt"/>
        <line num="138" count="9" type="cond" truecount="1" falsecount="1"/>
        <line num="139" count="9" type="cond" truecount="2" falsecount="0"/>
        <line num="140" count="9" type="stmt"/>
        <line num="142" count="9" type="stmt"/>
        <line num="150" count="9" type="stmt"/>
        <line num="151" count="9" type="stmt"/>
        <line num="152" count="9" type="stmt"/>
        <line num="154" count="0" type="stmt"/>
        <line num="156" count="0" type="stmt"/>
        <line num="157" count="0" type="stmt"/>
      </file>
      <file name="preflight.ts" path="/home/mlapointe/secure/git/freebsdguy/server/lib/preflight.ts">
        <metrics statements="58" coveredstatements="23" conditionals="39" coveredconditionals="18" methods="5" coveredmethods="2"/>
        <line num="15" count="7" type="stmt"/>
        <line num="16" count="4" type="stmt"/>
        <line num="19" count="7" type="cond" truecount="1" falsecount="0"/>
        <line num="20" count="10" type="stmt"/>
        <line num="21" count="10" type="stmt"/>
        <line num="22" count="10" type="stmt"/>
        <line num="23" count="10" type="stmt"/>
        <line num="26" count="10" type="stmt"/>
        <line num="27" count="10" type="stmt"/>
        <line num="29" count="10" type="cond" truecount="2" falsecount="0"/>
        <line num="30" count="1" type="stmt"/>
        <line num="38" count="10" type="cond" truecount="1" falsecount="1"/>
        <line num="39" count="0" type="stmt"/>
        <line num="48" count="10" type="cond" truecount="3" falsecount="0"/>
        <line num="49" count="10" type="cond" truecount="2" falsecount="0"/>
        <line num="50" count="7" type="stmt"/>
        <line num="59" count="10" type="cond" truecount="4" falsecount="0"/>
        <line num="60" count="1" type="stmt"/>
        <line num="68" count="10" type="cond" truecount="2" falsecount="0"/>
        <line num="69" count="9" type="cond" truecount="1" falsecount="1"/>
        <line num="70" count="0" type="stmt"/>
        <line num="71" count="0" type="stmt"/>
        <line num="72" count="0" type="cond" truecount="0" falsecount="2"/>
        <line num="76" count="9" type="cond" truecount="1" falsecount="1"/>
        <line num="77" count="0" type="stmt"/>
        <line num="78" count="0" type="cond" truecount="0" falsecount="2"/>
        <line num="79" count="0" type="stmt"/>
        <line num="86" count="0" type="cond" truecount="0" falsecount="2"/>
        <line num="87" count="0" type="stmt"/>
        <line num="88" count="0" type="cond" truecount="0" falsecount="2"/>
        <line num="89" count="0" type="stmt"/>
        <line num="90" count="0" type="cond" truecount="0" falsecount="2"/>
        <line num="91" count="0" type="stmt"/>
        <line num="98" count="0" type="cond" truecount="0" falsecount="4"/>
        <line num="99" count="0" type="stmt"/>
        <line num="102" count="1" type="cond" truecount="1" falsecount="1"/>
        <line num="103" count="0" type="stmt"/>
        <line num="106" count="10" type="stmt"/>
        <line num="109" count="7" type="stmt"/>
        <line num="110" count="0" type="stmt"/>
        <line num="111" count="0" type="stmt"/>
        <line num="113" count="0" type="stmt"/>
        <line num="114" count="0" type="cond" truecount="0" falsecount="3"/>
        <line num="116" count="0" type="stmt"/>
        <line num="117" count="0" type="stmt"/>
        <line num="118" count="0" type="stmt"/>
        <line num="119" count="0" type="stmt"/>
        <line num="122" count="0" type="stmt"/>
        <line num="123" count="0" type="stmt"/>
        <line num="124" count="0" type="stmt"/>
        <line num="125" count="0" type="stmt"/>
        <line num="128" count="0" type="stmt"/>
        <line num="129" count="0" type="stmt"/>
        <line num="130" count="0" type="stmt"/>
        <line num="131" count="0" type="stmt"/>
        <line num="132" count="0" type="stmt"/>
        <line num="136" count="0" type="stmt"/>
        <line num="138" count="0" type="stmt"/>
      </file>
    </package>
    <package name="src">
      <metrics statements="560" coveredstatements="178" conditionals="486" coveredconditionals="66" methods="229" coveredmethods="25"/>
      <file name="App.tsx" path="/home/mlapointe/secure/git/freebsdguy/src/App.tsx">
        <metrics statements="559" coveredstatements="178" conditionals="486" coveredconditionals="66" methods="229" coveredmethods="25"/>
        <line num="41" count="2" type="stmt"/>
        <line num="46" count="2" type="stmt"/>
        <line num="47" count="0" type="stmt"/>
        <line num="48" count="0" type="cond" truecount="0" falsecount="2"/>
        <line num="49" count="0" type="stmt"/>
        <line num="51" count="0" type="stmt"/>
        <line num="55" count="2" type="stmt"/>
        <line num="56" count="0" type="stmt"/>
        <line num="58" count="0" type="cond" truecount="0" falsecount="5"/>
        <line num="60" count="0" type="cond" truecount="0" falsecount="4"/>
        <line num="66" count="0" type="stmt"/>
        <line num="67" count="0" type="cond" truecount="0" falsecount="4"/>
        <line num="68" count="0" type="stmt"/>
        <line num="69" count="0" type="stmt"/>
        <line num="70" count="0" type="stmt"/>
        <line num="71" count="0" type="stmt"/>
        <line num="72" count="0" type="stmt"/>
        <line num="75" count="0" type="stmt"/>
        <line num="80" count="2" type="stmt"/>
        <line num="81" count="14" type="stmt"/>
        <line num="82" count="14" type="cond" truecount="1" falsecount="1"/>
        <line num="83" count="14" type="stmt"/>
        <line num="84" count="14" type="stmt"/>
        <line num="85" count="14" type="stmt"/>
        <line num="86" count="14" type="stmt"/>
        <line num="87" count="18" type="stmt"/>
        <line num="91" count="14" type="cond" truecount="3" falsecount="1"/>
        <line num="92" count="14" type="stmt"/>
        <line num="93" count="0" type="cond" truecount="0" falsecount="2"/>
        <line num="96" count="0" type="stmt"/>
        <line num="99" count="0" type="stmt"/>
        <line num="103" count="2" type="stmt"/>
        <line num="104" count="14" type="cond" truecount="2" falsecount="0"/>
        <line num="105" count="14" type="stmt"/>
        <line num="106" count="7" type="stmt"/>
        <line num="107" count="7" type="stmt"/>
        <line num="109" count="7" type="cond" truecount="4" falsecount="0"/>
        <line num="110" count="1" type="stmt"/>
        <line num="111" count="1" type="stmt"/>
        <line num="112" count="6" type="cond" truecount="2" falsecount="4"/>
        <line num="114" count="0" type="stmt"/>
        <line num="115" count="0" type="stmt"/>
        <line num="118" count="6" type="stmt"/>
        <line num="119" count="6" type="stmt"/>
        <line num="120" count="6" type="stmt"/>
        <line num="123" count="6" type="cond" truecount="2" falsecount="2"/>
        <line num="124" count="6" type="stmt"/>
        <line num="126" count="0" type="stmt"/>
        <line num="131" count="7" type="stmt"/>
        <line num="133" count="7" type="stmt"/>
        <line num="134" count="0" type="cond" truecount="0" falsecount="4"/>
        <line num="135" count="0" type="stmt"/>
        <line num="138" count="7" type="stmt"/>
        <line num="139" count="7" type="stmt"/>
        <line num="142" count="14" type="stmt"/>
        <line num="144" count="0" type="cond" truecount="0" falsecount="2"/>
        <line num="145" count="0" type="stmt"/>
        <line num="146" count="0" type="stmt"/>
        <line num="147" count="0" type="stmt"/>
        <line num="148" count="0" type="stmt"/>
        <line num="150" count="0" type="stmt"/>
        <line num="152" count="0" type="stmt"/>
        <line num="155" count="14" type="stmt"/>
        <line num="156" count="14" type="stmt"/>
        <line num="157" count="0" type="stmt"/>
        <line num="158" count="0" type="stmt"/>
        <line num="159" count="0" type="stmt"/>
        <line num="160" count="0" type="stmt"/>
        <line num="161" count="0" type="stmt"/>
        <line num="162" count="0" type="stmt"/>
        <line num="165" count="14" type="stmt"/>
        <line num="166" count="14" type="stmt"/>
        <line num="167" count="14" type="stmt"/>
        <line num="169" count="14" type="stmt"/>
        <line num="206" count="2" type="stmt"/>
        <line num="207" count="12" type="stmt"/>
        <line num="208" count="12" type="stmt"/>
        <line num="209" count="12" type="stmt"/>
        <line num="210" count="12" type="stmt"/>
        <line num="211" count="12" type="stmt"/>
        <line num="212" count="12" type="cond" truecount="2" falsecount="0"/>
        <line num="214" count="12" type="stmt"/>
        <line num="215" count="6" type="stmt"/>
        <line num="216" count="0" type="cond" truecount="0" falsecount="5"/>
        <line num="217" count="0" type="stmt"/>
        <line num="220" count="6" type="stmt"/>
        <line num="221" count="6" type="stmt"/>
        <line num="224" count="12" type="stmt"/>
        <line num="225" count="6" type="stmt"/>
        <line num="228" count="12" type="stmt"/>
        <line num="229" count="6" type="stmt"/>
        <line num="230" count="6" type="cond" truecount="1" falsecount="1"/>
        <line num="231" count="6" type="stmt"/>
        <line num="233" count="0" type="stmt"/>
        <line num="235" count="6" type="stmt"/>
        <line num="236" count="6" type="stmt"/>
        <line num="240" count="12" type="stmt"/>
        <line num="241" count="0" type="stmt"/>
        <line num="244" count="12" type="stmt"/>
        <line num="245" count="1" type="cond" truecount="1" falsecount="1"/>
        <line num="249" count="12" type="stmt"/>
        <line num="259" count="0" type="stmt"/>
        <line num="265" count="1" type="stmt"/>
        <line num="306" count="2" type="stmt"/>
        <line num="307" count="0" type="stmt"/>
        <line num="308" count="0" type="stmt"/>
        <line num="309" count="0" type="stmt"/>
        <line num="310" count="0" type="stmt"/>
        <line num="311" count="0" type="cond" truecount="0" falsecount="2"/>
        <line num="313" count="0" type="stmt"/>
        <line num="314" count="0" type="stmt"/>
        <line num="317" count="0" type="stmt"/>
        <line num="318" count="0" type="stmt"/>
        <line num="319" count="0" type="cond" truecount="0" falsecount="5"/>
        <line num="320" count="0" type="stmt"/>
        <line num="323" count="0" type="stmt"/>
        <line num="324" count="0" type="stmt"/>
        <line num="327" count="0" type="cond" truecount="0" falsecount="2"/>
        <line num="329" count="0" type="stmt"/>
        <line num="366" count="2" type="stmt"/>
        <line num="367" count="5" type="stmt"/>
        <line num="368" count="5" type="stmt"/>
        <line num="369" count="5" type="stmt"/>
        <line num="370" count="5" type="stmt"/>
        <line num="372" count="5" type="stmt"/>
        <line num="373" count="1" type="stmt"/>
        <line num="374" count="1" type="stmt"/>
        <line num="375" count="1" type="stmt"/>
        <line num="376" count="1" type="stmt"/>
        <line num="377" count="1" type="stmt"/>
        <line num="378" count="1" type="stmt"/>
        <line num="383" count="1" type="cond" truecount="4" falsecount="1"/>
        <line num="384" count="1" type="stmt"/>
        <line num="385" count="1" type="stmt"/>
        <line num="387" count="0" type="stmt"/>
        <line num="388" count="0" type="stmt"/>
        <line num="390" count="1" type="stmt"/>
        <line num="391" count="1" type="stmt"/>
        <line num="392" count="1" type="stmt"/>
        <line num="394" count="0" type="stmt"/>
        <line num="398" count="5" type="stmt"/>
        <line num="411" count="1" type="stmt"/>
        <line num="424" count="1" type="stmt"/>
        <line num="437" count="2" type="stmt"/>
        <line num="438" count="9" type="cond" truecount="1" falsecount="1"/>
        <line num="439" count="0" type="stmt"/>
        <line num="467" count="2" type="stmt"/>
        <line num="468" count="0" type="stmt"/>
        <line num="469" count="0" type="stmt"/>
        <line num="470" count="0" type="stmt"/>
        <line num="472" count="0" type="stmt"/>
        <line num="475" count="0" type="stmt"/>
        <line num="481" count="0" type="stmt"/>
        <line num="488" count="2" type="stmt"/>
        <line num="519" count="0" type="cond" truecount="0" falsecount="2"/>
        <line num="520" count="0" type="stmt"/>
        <line num="541" count="0" type="stmt"/>
        <line num="552" count="0" type="stmt"/>
        <line num="564" count="0" type="stmt"/>
        <line num="604" count="0" type="stmt"/>
        <line num="675" count="0" type="stmt"/>
        <line num="722" count="2" type="stmt"/>
        <line num="723" count="0" type="cond" truecount="0" falsecount="2"/>
        <line num="724" count="0" type="stmt"/>
        <line num="742" count="0" type="stmt"/>
        <line num="747" count="0" type="stmt"/>
        <line num="755" count="0" type="stmt"/>
        <line num="756" count="0" type="stmt"/>
        <line num="768" count="0" type="stmt"/>
        <line num="793" count="2" type="stmt"/>
        <line num="794" count="0" type="cond" truecount="0" falsecount="2"/>
        <line num="795" count="0" type="stmt"/>
        <line num="797" count="0" type="stmt"/>
        <line num="814" count="2" type="stmt"/>
        <line num="823" count="1" type="stmt"/>
        <line num="824" count="1" type="stmt"/>
        <line num="825" count="1" type="stmt"/>
        <line num="826" count="1" type="stmt"/>
        <line num="827" count="1" type="stmt"/>
        <line num="828" count="1" type="stmt"/>
        <line num="829" count="1" type="stmt"/>
        <line num="830" count="1" type="stmt"/>
        <line num="831" count="1" type="stmt"/>
        <line num="832" count="1" type="stmt"/>
        <line num="833" count="1" type="stmt"/>
        <line num="834" count="1" type="stmt"/>
        <line num="835" count="1" type="stmt"/>
        <line num="836" count="1" type="stmt"/>
        <line num="837" count="1" type="stmt"/>
        <line num="856" count="1" type="stmt"/>
        <line num="857" count="1" type="stmt"/>
        <line num="858" count="1" type="stmt"/>
        <line num="859" count="1" type="stmt"/>
        <line num="860" count="1" type="stmt"/>
        <line num="861" count="1" type="stmt"/>
        <line num="862" count="1" type="stmt"/>
        <line num="863" count="1" type="stmt"/>
        <line num="865" count="1" type="stmt"/>
        <line num="876" count="1" type="cond" truecount="0" falsecount="2"/>
        <line num="878" count="1" type="stmt"/>
        <line num="879" count="0" type="cond" truecount="0" falsecount="2"/>
        <line num="880" count="0" type="stmt"/>
        <line num="881" count="0" type="stmt"/>
        <line num="882" count="0" type="stmt"/>
        <line num="887" count="1" type="stmt"/>
        <line num="888" count="0" type="cond" truecount="0" falsecount="4"/>
        <line num="889" count="0" type="stmt"/>
        <line num="890" count="0" type="stmt"/>
        <line num="895" count="1" type="stmt"/>
        <line num="896" count="0" type="stmt"/>
        <line num="897" count="0" type="stmt"/>
        <line num="898" count="0" type="cond" truecount="0" falsecount="4"/>
        <line num="899" count="0" type="stmt"/>
        <line num="900" count="0" type="stmt"/>
        <line num="901" count="0" type="stmt"/>
        <line num="905" count="0" type="stmt"/>
        <line num="906" count="0" type="stmt"/>
        <line num="909" count="1" type="stmt"/>
        <line num="910" count="0" type="cond" truecount="0" falsecount="4"/>
        <line num="911" count="0" type="stmt"/>
        <line num="912" count="0" type="stmt"/>
        <line num="913" count="0" type="stmt"/>
        <line num="914" count="0" type="stmt"/>
        <line num="916" count="0" type="stmt"/>
        <line num="917" count="0" type="stmt"/>
        <line num="920" count="1" type="stmt"/>
        <line num="921" count="0" type="cond" truecount="0" falsecount="2"/>
        <line num="924" count="1" type="stmt"/>
        <line num="925" count="0" type="cond" truecount="0" falsecount="2"/>
        <line num="928" count="0" type="stmt"/>
        <line num="929" count="0" type="stmt"/>
        <line num="931" count="0" type="stmt"/>
        <line num="936" count="1" type="stmt"/>
        <line num="937" count="1" type="stmt"/>
        <line num="938" count="1" type="stmt"/>
        <line num="939" count="1" type="stmt"/>
        <line num="940" count="0" type="stmt"/>
        <line num="941" count="0" type="cond" truecount="0" falsecount="2"/>
        <line num="942" count="0" type="stmt"/>
        <line num="943" count="0" type="stmt"/>
        <line num="944" count="0" type="stmt"/>
        <line num="945" count="0" type="stmt"/>
        <line num="948" count="1" type="stmt"/>
        <line num="949" count="0" type="stmt"/>
        <line num="951" count="0" type="stmt"/>
        <line num="959" count="0" type="stmt"/>
        <line num="968" count="0" type="stmt"/>
        <line num="969" count="0" type="stmt"/>
        <line num="970" count="0" type="stmt"/>
        <line num="971" count="0" type="cond" truecount="0" falsecount="2"/>
        <line num="972" count="0" type="stmt"/>
        <line num="974" count="0" type="stmt"/>
        <line num="976" count="1" type="stmt"/>
        <line num="978" count="1" type="stmt"/>
        <line num="979" count="0" type="cond" truecount="0" falsecount="3"/>
        <line num="980" count="0" type="cond" truecount="0" falsecount="5"/>
        <line num="981" count="0" type="cond" truecount="0" falsecount="4"/>
        <line num="983" count="0" type="stmt"/>
        <line num="985" count="0" type="cond" truecount="0" falsecount="4"/>
        <line num="986" count="0" type="stmt"/>
        <line num="987" count="0" type="stmt"/>
        <line num="990" count="0" type="stmt"/>
        <line num="991" count="0" type="stmt"/>
        <line num="993" count="0" type="cond" truecount="0" falsecount="2"/>
        <line num="994" count="0" type="stmt"/>
        <line num="997" count="0" type="stmt"/>
        <line num="998" count="0" type="stmt"/>
        <line num="1000" count="0" type="stmt"/>
        <line num="1003" count="1" type="stmt"/>
        <line num="1004" count="0" type="cond" truecount="0" falsecount="5"/>
        <line num="1005" count="0" type="stmt"/>
        <line num="1009" count="1" type="stmt"/>
        <line num="1010" count="0" type="stmt"/>
        <line num="1011" count="0" type="cond" truecount="0" falsecount="2"/>
        <line num="1012" count="0" type="cond" truecount="0" falsecount="2"/>
        <line num="1014" count="0" type="stmt"/>
        <line num="1015" count="0" type="cond" truecount="0" falsecount="2"/>
        <line num="1016" count="0" type="stmt"/>
        <line num="1017" count="0" type="stmt"/>
        <line num="1019" count="0" type="stmt"/>
        <line num="1021" count="0" type="cond" truecount="0" falsecount="2"/>
        <line num="1022" count="0" type="stmt"/>
        <line num="1023" count="0" type="stmt"/>
        <line num="1025" count="0" type="stmt"/>
        <line num="1030" count="1" type="stmt"/>
        <line num="1031" count="0" type="stmt"/>
        <line num="1032" count="0" type="stmt"/>
        <line num="1033" count="0" type="stmt"/>
        <line num="1038" count="1" type="stmt"/>
        <line num="1039" count="0" type="stmt"/>
        <line num="1040" count="0" type="stmt"/>
        <line num="1041" count="0" type="stmt"/>
        <line num="1045" count="1" type="stmt"/>
        <line num="1046" count="0" type="stmt"/>
        <line num="1047" count="0" type="stmt"/>
        <line num="1051" count="1" type="stmt"/>
        <line num="1052" count="0" type="stmt"/>
        <line num="1053" count="0" type="stmt"/>
        <line num="1057" count="1" type="stmt"/>
        <line num="1058" count="0" type="stmt"/>
        <line num="1059" count="0" type="stmt"/>
        <line num="1060" count="0" type="stmt"/>
        <line num="1061" count="0" type="cond" truecount="0" falsecount="2"/>
        <line num="1062" count="0" type="stmt"/>
        <line num="1064" count="0" type="cond" truecount="0" falsecount="2"/>
        <line num="1065" count="0" type="stmt"/>
        <line num="1067" count="0" type="cond" truecount="0" falsecount="2"/>
        <line num="1068" count="0" type="stmt"/>
        <line num="1069" count="0" type="stmt"/>
        <line num="1070" count="0" type="stmt"/>
        <line num="1076" count="1" type="stmt"/>
        <line num="1077" count="0" type="stmt"/>
        <line num="1078" count="0" type="cond" truecount="0" falsecount="2"/>
        <line num="1079" count="0" type="stmt"/>
        <line num="1081" count="0" type="stmt"/>
        <line num="1083" count="0" type="stmt"/>
        <line num="1086" count="1" type="stmt"/>
        <line num="1087" count="0" type="cond" truecount="0" falsecount="2"/>
        <line num="1089" count="0" type="stmt"/>
        <line num="1090" count="0" type="stmt"/>
        <line num="1091" count="0" type="stmt"/>
        <line num="1092" count="0" type="stmt"/>
        <line num="1093" count="0" type="stmt"/>
        <line num="1094" count="0" type="stmt"/>
        <line num="1095" count="0" type="stmt"/>
        <line num="1096" count="0" type="cond" truecount="0" falsecount="2"/>
        <line num="1097" count="0" type="stmt"/>
        <line num="1099" count="0" type="cond" truecount="0" falsecount="2"/>
        <line num="1100" count="0" type="stmt"/>
        <line num="1103" count="0" type="cond" truecount="0" falsecount="2"/>
        <line num="1108" count="1" type="stmt"/>
        <line num="1109" count="0" type="stmt"/>
        <line num="1110" count="0" type="stmt"/>
        <line num="1111" count="0" type="stmt"/>
        <line num="1112" count="0" type="stmt"/>
        <line num="1113" count="0" type="stmt"/>
        <line num="1117" count="1" type="stmt"/>
        <line num="1118" count="0" type="stmt"/>
        <line num="1119" count="0" type="stmt"/>
        <line num="1120" count="0" type="stmt"/>
        <line num="1121" count="0" type="stmt"/>
        <line num="1122" count="0" type="stmt"/>
        <line num="1124" count="0" type="stmt"/>
        <line num="1125" count="0" type="cond" truecount="0" falsecount="2"/>
        <line num="1127" count="0" type="stmt"/>
        <line num="1128" count="0" type="stmt"/>
        <line num="1130" count="0" type="stmt"/>
        <line num="1131" count="0" type="stmt"/>
        <line num="1132" count="0" type="stmt"/>
        <line num="1134" count="0" type="stmt"/>
        <line num="1135" count="0" type="cond" truecount="0" falsecount="2"/>
        <line num="1136" count="0" type="cond" truecount="0" falsecount="2"/>
        <line num="1137" count="0" type="stmt"/>
        <line num="1139" count="0" type="stmt"/>
        <line num="1141" count="0" type="stmt"/>
        <line num="1142" count="0" type="stmt"/>
        <line num="1144" count="0" type="cond" truecount="0" falsecount="2"/>
        <line num="1145" count="0" type="stmt"/>
        <line num="1146" count="0" type="cond" truecount="0" falsecount="2"/>
        <line num="1147" count="0" type="stmt"/>
        <line num="1149" count="0" type="stmt"/>
        <line num="1152" count="0" type="stmt"/>
        <line num="1153" count="0" type="stmt"/>
        <line num="1154" count="0" type="stmt"/>
        <line num="1160" count="0" type="cond" truecount="0" falsecount="4"/>
        <line num="1161" count="0" type="cond" truecount="0" falsecount="2"/>
        <line num="1162" count="0" type="stmt"/>
        <line num="1164" count="0" type="stmt"/>
        <line num="1167" count="0" type="cond" truecount="0" falsecount="2"/>
        <line num="1168" count="0" type="stmt"/>
        <line num="1169" count="0" type="stmt"/>
        <line num="1170" count="0" type="stmt"/>
        <line num="1173" count="0" type="cond" truecount="0" falsecount="2"/>
        <line num="1174" count="0" type="stmt"/>
        <line num="1178" count="0" type="cond" truecount="0" falsecount="2"/>
        <line num="1179" count="0" type="cond" truecount="0" falsecount="4"/>
        <line num="1180" count="0" type="cond" truecount="0" falsecount="4"/>
        <line num="1181" count="0" type="cond" truecount="0" falsecount="2"/>
        <line num="1182" count="0" type="cond" truecount="0" falsecount="2"/>
        <line num="1184" count="0" type="cond" truecount="0" falsecount="2"/>
        <line num="1187" count="0" type="stmt"/>
        <line num="1189" count="0" type="cond" truecount="0" falsecount="2"/>
        <line num="1190" count="0" type="cond" truecount="0" falsecount="2"/>
        <line num="1194" count="1" type="stmt"/>
        <line num="1195" count="0" type="cond" truecount="0" falsecount="4"/>
        <line num="1196" count="0" type="stmt"/>
        <line num="1200" count="1" type="stmt"/>
        <line num="1201" count="0" type="stmt"/>
        <line num="1202" count="0" type="stmt"/>
        <line num="1203" count="0" type="stmt"/>
        <line num="1206" count="1" type="stmt"/>
        <line num="1207" count="0" type="stmt"/>
        <line num="1208" count="0" type="stmt"/>
        <line num="1209" count="0" type="stmt"/>
        <line num="1212" count="1" type="stmt"/>
        <line num="1213" count="0" type="stmt"/>
        <line num="1214" count="0" type="stmt"/>
        <line num="1215" count="0" type="stmt"/>
        <line num="1217" count="0" type="cond" truecount="0" falsecount="4"/>
        <line num="1218" count="0" type="stmt"/>
        <line num="1222" count="1" type="stmt"/>
        <line num="1223" count="0" type="cond" truecount="0" falsecount="4"/>
        <line num="1224" count="0" type="stmt"/>
        <line num="1225" count="0" type="stmt"/>
        <line num="1226" count="0" type="cond" truecount="0" falsecount="2"/>
        <line num="1227" count="0" type="cond" truecount="0" falsecount="4"/>
        <line num="1228" count="0" type="cond" truecount="0" falsecount="4"/>
        <line num="1230" count="0" type="stmt"/>
        <line num="1236" count="0" type="cond" truecount="0" falsecount="2"/>
        <line num="1237" count="0" type="stmt"/>
        <line num="1239" count="0" type="stmt"/>
        <line num="1242" count="0" type="stmt"/>
        <line num="1243" count="0" type="cond" truecount="0" falsecount="2"/>
        <line num="1244" count="0" type="stmt"/>
        <line num="1246" count="0" type="stmt"/>
        <line num="1250" count="1" type="stmt"/>
        <line num="1251" count="0" type="cond" truecount="0" falsecount="4"/>
        <line num="1252" count="0" type="stmt"/>
        <line num="1253" count="0" type="stmt"/>
        <line num="1254" count="0" type="cond" truecount="0" falsecount="2"/>
        <line num="1255" count="0" type="cond" truecount="0" falsecount="4"/>
        <line num="1256" count="0" type="cond" truecount="0" falsecount="4"/>
        <line num="1258" count="0" type="stmt"/>
        <line num="1264" count="0" type="cond" truecount="0" falsecount="2"/>
        <line num="1265" count="0" type="stmt"/>
        <line num="1267" count="0" type="stmt"/>
        <line num="1270" count="0" type="stmt"/>
        <line num="1271" count="0" type="cond" truecount="0" falsecount="2"/>
        <line num="1272" count="0" type="stmt"/>
        <line num="1274" count="0" type="stmt"/>
        <line num="1278" count="1" type="cond" truecount="3" falsecount="2"/>
        <line num="1280" count="1" type="stmt"/>
        <line num="1281" count="4" type="stmt"/>
        <line num="1282" count="0" type="stmt"/>
        <line num="1290" count="1" type="stmt"/>
        <line num="1326" count="0" type="stmt"/>
        <line num="1335" count="0" type="stmt"/>
        <line num="1345" count="0" type="stmt"/>
        <line num="1350" count="0" type="stmt"/>
        <line num="1365" count="0" type="stmt"/>
        <line num="1372" count="0" type="cond" truecount="0" falsecount="2"/>
        <line num="1373" count="0" type="stmt"/>
        <line num="1374" count="0" type="stmt"/>
        <line num="1377" count="0" type="stmt"/>
        <line num="1386" count="0" type="stmt"/>
        <line num="1387" count="0" type="stmt"/>
        <line num="1389" count="0" type="stmt"/>
        <line num="1394" count="0" type="stmt"/>
        <line num="1403" count="0" type="stmt"/>
        <line num="1405" count="0" type="stmt"/>
        <line num="1420" count="0" type="stmt"/>
        <line num="1427" count="0" type="stmt"/>
        <line num="1432" count="0" type="stmt"/>
        <line num="1456" count="0" type="stmt"/>
        <line num="1473" count="0" type="stmt"/>
        <line num="1474" count="0" type="stmt"/>
        <line num="1486" count="0" type="stmt"/>
        <line num="1495" count="0" type="stmt"/>
        <line num="1509" count="0" type="stmt"/>
        <line num="1518" count="0" type="stmt"/>
        <line num="1534" count="0" type="stmt"/>
        <line num="1546" count="0" type="stmt"/>
        <line num="1563" count="0" type="stmt"/>
        <line num="1571" count="0" type="stmt"/>
        <line num="1572" count="0" type="cond" truecount="0" falsecount="2"/>
        <line num="1592" count="0" type="stmt"/>
        <line num="1593" count="0" type="cond" truecount="0" falsecount="2"/>
        <line num="1597" count="0" type="stmt"/>
        <line num="1620" count="0" type="stmt"/>
        <line num="1621" count="0" type="cond" truecount="0" falsecount="2"/>
        <line num="1636" count="0" type="stmt"/>
        <line num="1637" count="0" type="cond" truecount="0" falsecount="2"/>
        <line num="1642" count="0" type="stmt"/>
        <line num="1656" count="0" type="stmt"/>
        <line num="1657" count="0" type="cond" truecount="0" falsecount="2"/>
        <line num="1667" count="0" type="stmt"/>
        <line num="1668" count="0" type="stmt"/>
        <line num="1670" count="0" type="stmt"/>
        <line num="1693" count="0" type="stmt"/>
        <line num="1694" count="0" type="cond" truecount="0" falsecount="2"/>
        <line num="1716" count="0" type="stmt"/>
        <line num="1717" count="0" type="cond" truecount="0" falsecount="2"/>
        <line num="1747" count="0" type="cond" truecount="0" falsecount="2"/>
        <line num="1755" count="0" type="cond" truecount="0" falsecount="2"/>
        <line num="1766" count="0" type="cond" truecount="0" falsecount="2"/>
        <line num="1774" count="0" type="cond" truecount="0" falsecount="2"/>
        <line num="1792" count="0" type="cond" truecount="0" falsecount="2"/>
        <line num="1800" count="0" type="cond" truecount="0" falsecount="2"/>
        <line num="1808" count="0" type="cond" truecount="0" falsecount="2"/>
        <line num="1834" count="0" type="stmt"/>
        <line num="1845" count="0" type="stmt"/>
        <line num="1856" count="0" type="stmt"/>
        <line num="1857" count="0" type="stmt"/>
        <line num="1858" count="0" type="stmt"/>
        <line num="1859" count="0" type="stmt"/>
        <line num="1860" count="0" type="stmt"/>
        <line num="1861" count="0" type="stmt"/>
        <line num="1900" count="0" type="stmt"/>
        <line num="1901" count="0" type="stmt"/>
        <line num="1916" count="0" type="cond" truecount="0" falsecount="2"/>
        <line num="1917" count="0" type="stmt"/>
        <line num="1919" count="0" type="stmt"/>
        <line num="1939" count="0" type="cond" truecount="0" falsecount="2"/>
        <line num="1940" count="0" type="stmt"/>
        <line num="1942" count="0" type="stmt"/>
        <line num="1967" count="0" type="stmt"/>
        <line num="1970" count="0" type="cond" truecount="0" falsecount="2"/>
        <line num="1984" count="0" type="stmt"/>
        <line num="1985" count="0" type="stmt"/>
        <line num="1993" count="0" type="stmt"/>
        <line num="1994" count="0" type="stmt"/>
        <line num="2002" count="0" type="stmt"/>
        <line num="2011" count="0" type="stmt"/>
        <line num="2012" count="0" type="stmt"/>
        <line num="2016" count="0" type="stmt"/>
        <line num="2024" count="0" type="stmt"/>
        <line num="2041" count="0" type="stmt"/>
        <line num="2049" count="0" type="stmt"/>
        <line num="2064" count="9" type="stmt"/>
        <line num="2065" count="9" type="stmt"/>
        <line num="2066" count="9" type="stmt"/>
        <line num="2067" count="9" type="stmt"/>
        <line num="2069" count="9" type="stmt"/>
        <line num="2070" count="6" type="stmt"/>
        <line num="2071" count="6" type="stmt"/>
        <line num="2073" count="6" type="cond" truecount="3" falsecount="1"/>
        <line num="2074" count="0" type="stmt"/>
        <line num="2076" count="6" type="stmt"/>
        <line num="2077" count="6" type="stmt"/>
        <line num="2078" count="6" type="cond" truecount="1" falsecount="1"/>
        <line num="2079" count="6" type="stmt"/>
        <line num="2081" count="0" type="stmt"/>
        <line num="2084" count="0" type="stmt"/>
        <line num="2089" count="6" type="stmt"/>
        <line num="2091" count="6" type="stmt"/>
        <line num="2092" count="6" type="cond" truecount="1" falsecount="1"/>
        <line num="2093" count="6" type="stmt"/>
        <line num="2094" count="6" type="stmt"/>
        <line num="2096" count="6" type="cond" truecount="2" falsecount="0"/>
        <line num="2097" count="1" type="stmt"/>
        <line num="2100" count="6" type="stmt"/>
        <line num="2101" count="6" type="stmt"/>
        <line num="2102" count="6" type="stmt"/>
        <line num="2103" count="6" type="cond" truecount="1" falsecount="1"/>
        <line num="2104" count="0" type="stmt"/>
        <line num="2105" count="0" type="stmt"/>
        <line num="2113" count="9" type="stmt"/>
        <line num="2127" count="9" type="cond" truecount="0" falsecount="1"/>
        <line num="2128" count="0" type="stmt"/>
        <line num="2129" count="0" type="stmt"/>
        <line num="2132" count="9" type="stmt"/>
        <line num="2133" count="0" type="stmt"/>
        <line num="2136" count="9" type="cond" truecount="0" falsecount="1"/>
        <line num="2137" count="0" type="stmt"/>
        <line num="2143" count="0" type="stmt"/>
        <line num="2144" count="0" type="stmt"/>
        <line num="2149" count="9" type="stmt"/>
        <line num="2165" count="0" type="stmt"/>
        <line num="2174" count="0" type="stmt"/>
      </file>
      <file name="main.tsx" path="/home/mlapointe/secure/git/freebsdguy/src/main.tsx">
        <metrics statements="1" coveredstatements="0" conditionals="0" coveredconditionals="0" methods="0" coveredmethods="0"/>
        <line num="5" count="0" type="stmt"/>
      </file>
      <file name="vite-env.d.ts" path="/home/mlapointe/secure/git/freebsdguy/src/vite-env.d.ts">
        <metrics statements="0" coveredstatements="0" conditionals="0" coveredconditionals="0" methods="0" coveredmethods="0"/>
      </file>
    </package>
  </project>
</coverage>
