{"/home/mlapointe/secure/git/freebsdguy/server/index.ts": {"path":"/home/mlapointe/secure/git/freebsdguy/server/index.ts","statementMap":{"0":{"start":{"line":8,"column":30},"end":{"line":8,"column":null}},"1":{"start":{"line":10,"column":19},"end":{"line":10,"column":null}},"2":{"start":{"line":11,"column":18},"end":{"line":11,"column":null}},"3":{"start":{"line":17,"column":0},"end":{"line":17,"column":null}},"4":{"start":{"line":21,"column":6},"end":{"line":21,"column":null}},"5":{"start":{"line":23,"column":13},"end":{"line":23,"column":null}},"6":{"start":{"line":24,"column":15},"end":{"line":24,"column":null}},"7":{"start":{"line":27,"column":16},"end":{"line":41,"column":null}},"8":{"start":{"line":29,"column":14},"end":{"line":29,"column":null}},"9":{"start":{"line":30,"column":26},"end":{"line":30,"column":null}},"10":{"start":{"line":31,"column":25},"end":{"line":31,"column":null}},"11":{"start":{"line":32,"column":26},"end":{"line":32,"column":null}},"12":{"start":{"line":33,"column":8},"end":{"line":35,"column":null}},"13":{"start":{"line":34,"column":12},"end":{"line":34,"column":null}},"14":{"start":{"line":36,"column":8},"end":{"line":36,"column":null}},"15":{"start":{"line":39,"column":8},"end":{"line":39,"column":null}},"16":{"start":{"line":42,"column":6},"end":{"line":42,"column":null}},"17":{"start":{"line":44,"column":0},"end":{"line":44,"column":null}},"18":{"start":{"line":45,"column":0},"end":{"line":45,"column":null}},"19":{"start":{"line":56,"column":21},"end":{"line":65,"column":null}},"20":{"start":{"line":57,"column":18},"end":{"line":57,"column":null}},"21":{"start":{"line":58,"column":4},"end":{"line":58,"column":null}},"22":{"start":{"line":58,"column":16},"end":{"line":58,"column":null}},"23":{"start":{"line":60,"column":4},"end":{"line":64,"column":null}},"24":{"start":{"line":61,"column":8},"end":{"line":61,"column":null}},"25":{"start":{"line":61,"column":17},"end":{"line":61,"column":null}},"26":{"start":{"line":62,"column":8},"end":{"line":62,"column":null}},"27":{"start":{"line":63,"column":8},"end":{"line":63,"column":null}},"28":{"start":{"line":68,"column":0},"end":{"line":97,"column":null}},"29":{"start":{"line":69,"column":35},"end":{"line":69,"column":null}},"30":{"start":{"line":70,"column":10},"end":{"line":70,"column":null}},"31":{"start":{"line":72,"column":4},"end":{"line":72,"column":null}},"32":{"start":{"line":75,"column":4},"end":{"line":82,"column":null}},"33":{"start":{"line":76,"column":22},"end":{"line":76,"column":null}},"34":{"start":{"line":77,"column":8},"end":{"line":81,"column":null}},"35":{"start":{"line":78,"column":12},"end":{"line":78,"column":null}},"36":{"start":{"line":79,"column":26},"end":{"line":79,"column":null}},"37":{"start":{"line":80,"column":12},"end":{"line":80,"column":null}},"38":{"start":{"line":85,"column":17},"end":{"line":85,"column":null}},"39":{"start":{"line":85,"column":45},"end":{"line":85,"column":68}},"40":{"start":{"line":86,"column":4},"end":{"line":93,"column":null}},"41":{"start":{"line":87,"column":22},"end":{"line":87,"column":null}},"42":{"start":{"line":88,"column":8},"end":{"line":92,"column":null}},"43":{"start":{"line":89,"column":12},"end":{"line":89,"column":null}},"44":{"start":{"line":90,"column":26},"end":{"line":90,"column":null}},"45":{"start":{"line":91,"column":12},"end":{"line":91,"column":null}},"46":{"start":{"line":95,"column":4},"end":{"line":95,"column":null}},"47":{"start":{"line":96,"column":4},"end":{"line":96,"column":null}},"48":{"start":{"line":100,"column":0},"end":{"line":108,"column":null}},"49":{"start":{"line":101,"column":4},"end":{"line":101,"column":null}},"50":{"start":{"line":101,"column":35},"end":{"line":101,"column":null}},"51":{"start":{"line":102,"column":10},"end":{"line":102,"column":null}},"52":{"start":{"line":103,"column":18},"end":{"line":106,"column":null}},"53":{"start":{"line":105,"column":39},"end":{"line":105,"column":78}},"54":{"start":{"line":107,"column":4},"end":{"line":107,"column":null}},"55":{"start":{"line":111,"column":0},"end":{"line":127,"column":null}},"56":{"start":{"line":112,"column":4},"end":{"line":112,"column":null}},"57":{"start":{"line":112,"column":35},"end":{"line":112,"column":null}},"58":{"start":{"line":114,"column":41},"end":{"line":114,"column":null}},"59":{"start":{"line":115,"column":10},"end":{"line":115,"column":null}},"60":{"start":{"line":117,"column":4},"end":{"line":119,"column":null}},"61":{"start":{"line":117,"column":36},"end":{"line":117,"column":59}},"62":{"start":{"line":118,"column":8},"end":{"line":118,"column":null}},"63":{"start":{"line":121,"column":25},"end":{"line":121,"column":null}},"64":{"start":{"line":122,"column":4},"end":{"line":122,"column":null}},"65":{"start":{"line":123,"column":4},"end":{"line":123,"column":null}},"66":{"start":{"line":125,"column":4},"end":{"line":125,"column":null}},"67":{"start":{"line":126,"column":4},"end":{"line":126,"column":null}},"68":{"start":{"line":130,"column":0},"end":{"line":149,"column":null}},"69":{"start":{"line":131,"column":4},"end":{"line":131,"column":null}},"70":{"start":{"line":131,"column":35},"end":{"line":131,"column":null}},"71":{"start":{"line":132,"column":21},"end":{"line":132,"column":null}},"72":{"start":{"line":133,"column":10},"end":{"line":133,"column":null}},"73":{"start":{"line":135,"column":4},"end":{"line":137,"column":null}},"74":{"start":{"line":136,"column":8},"end":{"line":136,"column":null}},"75":{"start":{"line":139,"column":23},"end":{"line":139,"column":null}},"76":{"start":{"line":140,"column":4},"end":{"line":140,"column":null}},"77":{"start":{"line":140,"column":54},"end":{"line":140,"column":77}},"78":{"start":{"line":142,"column":4},"end":{"line":144,"column":null}},"79":{"start":{"line":143,"column":8},"end":{"line":143,"column":null}},"80":{"start":{"line":146,"column":4},"end":{"line":146,"column":null}},"81":{"start":{"line":147,"column":4},"end":{"line":147,"column":null}},"82":{"start":{"line":148,"column":4},"end":{"line":148,"column":null}},"83":{"start":{"line":152,"column":0},"end":{"line":158,"column":null}},"84":{"start":{"line":153,"column":10},"end":{"line":153,"column":null}},"85":{"start":{"line":154,"column":22},"end":{"line":154,"column":null}},"86":{"start":{"line":155,"column":21},"end":{"line":155,"column":null}},"87":{"start":{"line":156,"column":10},"end":{"line":156,"column":null}},"88":{"start":{"line":157,"column":4},"end":{"line":157,"column":null}},"89":{"start":{"line":161,"column":0},"end":{"line":196,"column":null}},"90":{"start":{"line":162,"column":24},"end":{"line":162,"column":null}},"91":{"start":{"line":163,"column":4},"end":{"line":163,"column":null}},"92":{"start":{"line":163,"column":18},"end":{"line":163,"column":null}},"93":{"start":{"line":165,"column":10},"end":{"line":165,"column":null}},"94":{"start":{"line":166,"column":4},"end":{"line":168,"column":null}},"95":{"start":{"line":167,"column":8},"end":{"line":167,"column":null}},"96":{"start":{"line":170,"column":4},"end":{"line":195,"column":null}},"97":{"start":{"line":171,"column":25},"end":{"line":188,"column":null}},"98":{"start":{"line":190,"column":24},"end":{"line":190,"column":null}},"99":{"start":{"line":191,"column":8},"end":{"line":191,"column":null}},"100":{"start":{"line":193,"column":8},"end":{"line":193,"column":null}},"101":{"start":{"line":194,"column":8},"end":{"line":194,"column":null}},"102":{"start":{"line":199,"column":0},"end":{"line":211,"column":null}},"103":{"start":{"line":200,"column":10},"end":{"line":200,"column":null}},"104":{"start":{"line":201,"column":22},"end":{"line":201,"column":null}},"105":{"start":{"line":202,"column":21},"end":{"line":202,"column":null}},"106":{"start":{"line":203,"column":17},"end":{"line":203,"column":null}},"107":{"start":{"line":204,"column":10},"end":{"line":204,"column":null}},"108":{"start":{"line":206,"column":4},"end":{"line":208,"column":null}},"109":{"start":{"line":207,"column":8},"end":{"line":207,"column":null}},"110":{"start":{"line":210,"column":4},"end":{"line":210,"column":null}},"111":{"start":{"line":214,"column":0},"end":{"line":230,"column":null}},"112":{"start":{"line":215,"column":52},"end":{"line":215,"column":null}},"113":{"start":{"line":216,"column":10},"end":{"line":216,"column":null}},"114":{"start":{"line":217,"column":22},"end":{"line":217,"column":null}},"115":{"start":{"line":218,"column":21},"end":{"line":218,"column":null}},"116":{"start":{"line":220,"column":4},"end":{"line":227,"column":null}},"117":{"start":{"line":229,"column":4},"end":{"line":229,"column":null}},"118":{"start":{"line":233,"column":0},"end":{"line":240,"column":null}},"119":{"start":{"line":234,"column":10},"end":{"line":234,"column":null}},"120":{"start":{"line":235,"column":22},"end":{"line":235,"column":null}},"121":{"start":{"line":236,"column":21},"end":{"line":236,"column":null}},"122":{"start":{"line":237,"column":22},"end":{"line":237,"column":null}},"123":{"start":{"line":238,"column":21},"end":{"line":238,"column":null}},"124":{"start":{"line":239,"column":4},"end":{"line":239,"column":null}},"125":{"start":{"line":243,"column":17},"end":{"line":243,"column":null}},"126":{"start":{"line":244,"column":0},"end":{"line":249,"column":null}},"127":{"start":{"line":245,"column":4},"end":{"line":245,"column":null}},"128":{"start":{"line":246,"column":4},"end":{"line":248,"column":null}},"129":{"start":{"line":247,"column":8},"end":{"line":247,"column":null}},"130":{"start":{"line":252,"column":0},"end":{"line":262,"column":null}},"131":{"start":{"line":253,"column":10},"end":{"line":253,"column":null}},"132":{"start":{"line":254,"column":4},"end":{"line":261,"column":null}},"133":{"start":{"line":265,"column":0},"end":{"line":316,"column":null}},"134":{"start":{"line":266,"column":4},"end":{"line":266,"column":null}},"135":{"start":{"line":266,"column":35},"end":{"line":266,"column":null}},"136":{"start":{"line":267,"column":10},"end":{"line":267,"column":null}},"137":{"start":{"line":268,"column":87},"end":{"line":268,"column":null}},"138":{"start":{"line":270,"column":4},"end":{"line":270,"column":null}},"139":{"start":{"line":270,"column":18},"end":{"line":270,"column":null}},"140":{"start":{"line":271,"column":4},"end":{"line":271,"column":null}},"141":{"start":{"line":271,"column":22},"end":{"line":271,"column":null}},"142":{"start":{"line":272,"column":4},"end":{"line":272,"column":null}},"143":{"start":{"line":272,"column":34},"end":{"line":272,"column":null}},"144":{"start":{"line":273,"column":4},"end":{"line":273,"column":null}},"145":{"start":{"line":273,"column":16},"end":{"line":273,"column":null}},"146":{"start":{"line":274,"column":4},"end":{"line":274,"column":null}},"147":{"start":{"line":274,"column":19},"end":{"line":274,"column":null}},"148":{"start":{"line":275,"column":4},"end":{"line":275,"column":null}},"149":{"start":{"line":275,"column":25},"end":{"line":275,"column":null}},"150":{"start":{"line":277,"column":4},"end":{"line":277,"column":null}},"151":{"start":{"line":280,"column":4},"end":{"line":313,"column":null}},"152":{"start":{"line":281,"column":26},"end":{"line":281,"column":null}},"153":{"start":{"line":282,"column":25},"end":{"line":282,"column":null}},"154":{"start":{"line":283,"column":26},"end":{"line":283,"column":null}},"155":{"start":{"line":284,"column":8},"end":{"line":312,"column":null}},"156":{"start":{"line":286,"column":12},"end":{"line":286,"column":null}},"157":{"start":{"line":286,"column":42},"end":{"line":286,"column":null}},"158":{"start":{"line":287,"column":12},"end":{"line":311,"column":null}},"159":{"start":{"line":288,"column":16},"end":{"line":294,"column":null}},"160":{"start":{"line":295,"column":12},"end":{"line":311,"column":null}},"161":{"start":{"line":296,"column":16},"end":{"line":302,"column":null}},"162":{"start":{"line":304,"column":16},"end":{"line":310,"column":null}},"163":{"start":{"line":315,"column":4},"end":{"line":315,"column":null}},"164":{"start":{"line":319,"column":0},"end":{"line":331,"column":null}},"165":{"start":{"line":320,"column":4},"end":{"line":320,"column":null}},"166":{"start":{"line":320,"column":35},"end":{"line":320,"column":null}},"167":{"start":{"line":321,"column":10},"end":{"line":321,"column":null}},"168":{"start":{"line":322,"column":22},"end":{"line":322,"column":null}},"169":{"start":{"line":323,"column":21},"end":{"line":323,"column":null}},"170":{"start":{"line":325,"column":17},"end":{"line":325,"column":null}},"171":{"start":{"line":326,"column":4},"end":{"line":329,"column":null}},"172":{"start":{"line":327,"column":22},"end":{"line":327,"column":null}},"173":{"start":{"line":327,"column":59},"end":{"line":327,"column":78}},"174":{"start":{"line":328,"column":8},"end":{"line":328,"column":null}},"175":{"start":{"line":328,"column":66},"end":{"line":328,"column":88}},"176":{"start":{"line":330,"column":4},"end":{"line":330,"column":null}},"177":{"start":{"line":334,"column":0},"end":{"line":348,"column":null}},"178":{"start":{"line":335,"column":4},"end":{"line":335,"column":null}},"179":{"start":{"line":335,"column":35},"end":{"line":335,"column":null}},"180":{"start":{"line":336,"column":17},"end":{"line":336,"column":null}},"181":{"start":{"line":337,"column":19},"end":{"line":337,"column":null}},"182":{"start":{"line":338,"column":10},"end":{"line":338,"column":null}},"183":{"start":{"line":339,"column":22},"end":{"line":339,"column":null}},"184":{"start":{"line":340,"column":21},"end":{"line":340,"column":null}},"185":{"start":{"line":342,"column":4},"end":{"line":344,"column":null}},"186":{"start":{"line":343,"column":8},"end":{"line":343,"column":null}},"187":{"start":{"line":346,"column":4},"end":{"line":346,"column":null}},"188":{"start":{"line":347,"column":4},"end":{"line":347,"column":null}},"189":{"start":{"line":351,"column":0},"end":{"line":365,"column":null}},"190":{"start":{"line":352,"column":4},"end":{"line":352,"column":null}},"191":{"start":{"line":352,"column":70},"end":{"line":352,"column":null}},"192":{"start":{"line":353,"column":17},"end":{"line":353,"column":null}},"193":{"start":{"line":354,"column":10},"end":{"line":354,"column":null}},"194":{"start":{"line":355,"column":22},"end":{"line":355,"column":null}},"195":{"start":{"line":356,"column":21},"end":{"line":356,"column":null}},"196":{"start":{"line":357,"column":21},"end":{"line":357,"column":null}},"197":{"start":{"line":359,"column":4},"end":{"line":364,"column":null}},"198":{"start":{"line":360,"column":8},"end":{"line":360,"column":null}},"199":{"start":{"line":361,"column":8},"end":{"line":361,"column":null}},"200":{"start":{"line":363,"column":8},"end":{"line":363,"column":null}},"201":{"start":{"line":368,"column":0},"end":{"line":371,"column":null}},"202":{"start":{"line":369,"column":4},"end":{"line":369,"column":null}},"203":{"start":{"line":369,"column":19},"end":{"line":369,"column":null}},"204":{"start":{"line":370,"column":4},"end":{"line":370,"column":null}},"205":{"start":{"line":374,"column":0},"end":{"line":384,"column":null}},"206":{"start":{"line":375,"column":4},"end":{"line":375,"column":null}},"207":{"start":{"line":375,"column":70},"end":{"line":375,"column":null}},"208":{"start":{"line":376,"column":10},"end":{"line":376,"column":null}},"209":{"start":{"line":377,"column":22},"end":{"line":377,"column":null}},"210":{"start":{"line":378,"column":21},"end":{"line":378,"column":null}},"211":{"start":{"line":379,"column":22},"end":{"line":379,"column":null}},"212":{"start":{"line":381,"column":4},"end":{"line":381,"column":null}},"213":{"start":{"line":381,"column":35},"end":{"line":381,"column":null}},"214":{"start":{"line":382,"column":18},"end":{"line":382,"column":null}},"215":{"start":{"line":383,"column":4},"end":{"line":383,"column":null}},"216":{"start":{"line":387,"column":0},"end":{"line":414,"column":null}},"217":{"start":{"line":388,"column":10},"end":{"line":388,"column":null}},"218":{"start":{"line":389,"column":22},"end":{"line":389,"column":null}},"219":{"start":{"line":390,"column":21},"end":{"line":390,"column":null}},"220":{"start":{"line":391,"column":23},"end":{"line":391,"column":null}},"221":{"start":{"line":392,"column":22},"end":{"line":392,"column":null}},"222":{"start":{"line":394,"column":4},"end":{"line":413,"column":null}},"223":{"start":{"line":395,"column":8},"end":{"line":395,"column":null}},"224":{"start":{"line":396,"column":4},"end":{"line":413,"column":null}},"225":{"start":{"line":397,"column":8},"end":{"line":403,"column":null}},"226":{"start":{"line":406,"column":8},"end":{"line":412,"column":null}},"227":{"start":{"line":416,"column":0},"end":{"line":423,"column":null}},"228":{"start":{"line":417,"column":29},"end":{"line":417,"column":null}},"229":{"start":{"line":418,"column":4},"end":{"line":418,"column":null}},"230":{"start":{"line":418,"column":23},"end":{"line":418,"column":null}},"231":{"start":{"line":419,"column":10},"end":{"line":419,"column":null}},"232":{"start":{"line":420,"column":4},"end":{"line":420,"column":null}},"233":{"start":{"line":421,"column":4},"end":{"line":421,"column":null}},"234":{"start":{"line":422,"column":4},"end":{"line":422,"column":null}},"235":{"start":{"line":425,"column":0},"end":{"line":429,"column":null}},"236":{"start":{"line":426,"column":4},"end":{"line":428,"column":null}},"237":{"start":{"line":427,"column":8},"end":{"line":427,"column":null}}},"fnMap":{"0":{"name":"(anonymous_0)","decl":{"start":{"line":28,"column":17},"end":{"line":28,"column":18}},"loc":{"start":{"line":28,"column":38},"end":{"line":37,"column":null}},"line":28},"1":{"name":"(anonymous_1)","decl":{"start":{"line":38,"column":14},"end":{"line":38,"column":15}},"loc":{"start":{"line":38,"column":34},"end":{"line":40,"column":null}},"line":38},"2":{"name":"(anonymous_2)","decl":{"start":{"line":56,"column":21},"end":{"line":56,"column":22}},"loc":{"start":{"line":56,"column":87},"end":{"line":65,"column":null}},"line":56},"3":{"name":"(anonymous_3)","decl":{"start":{"line":60,"column":30},"end":{"line":60,"column":31}},"loc":{"start":{"line":60,"column":48},"end":{"line":64,"column":5}},"line":60},"4":{"name":"(anonymous_4)","decl":{"start":{"line":68,"column":23},"end":{"line":68,"column":30}},"loc":{"start":{"line":68,"column":62},"end":{"line":97,"column":1}},"line":68},"5":{"name":"(anonymous_5)","decl":{"start":{"line":85,"column":40},"end":{"line":85,"column":45}},"loc":{"start":{"line":85,"column":45},"end":{"line":85,"column":68}},"line":85},"6":{"name":"(anonymous_6)","decl":{"start":{"line":100,"column":42},"end":{"line":100,"column":43}},"loc":{"start":{"line":100,"column":88},"end":{"line":108,"column":1}},"line":100},"7":{"name":"(anonymous_7)","decl":{"start":{"line":105,"column":33},"end":{"line":105,"column":39}},"loc":{"start":{"line":105,"column":39},"end":{"line":105,"column":78}},"line":105},"8":{"name":"(anonymous_8)","decl":{"start":{"line":111,"column":43},"end":{"line":111,"column":50}},"loc":{"start":{"line":111,"column":95},"end":{"line":127,"column":1}},"line":111},"9":{"name":"(anonymous_9)","decl":{"start":{"line":117,"column":31},"end":{"line":117,"column":36}},"loc":{"start":{"line":117,"column":36},"end":{"line":117,"column":59}},"line":117},"10":{"name":"(anonymous_10)","decl":{"start":{"line":130,"column":55},"end":{"line":130,"column":56}},"loc":{"start":{"line":130,"column":101},"end":{"line":149,"column":1}},"line":130},"11":{"name":"(anonymous_11)","decl":{"start":{"line":140,"column":49},"end":{"line":140,"column":54}},"loc":{"start":{"line":140,"column":54},"end":{"line":140,"column":77}},"line":140},"12":{"name":"(anonymous_12)","decl":{"start":{"line":152,"column":22},"end":{"line":152,"column":23}},"loc":{"start":{"line":152,"column":56},"end":{"line":158,"column":1}},"line":152},"13":{"name":"(anonymous_13)","decl":{"start":{"line":161,"column":44},"end":{"line":161,"column":51}},"loc":{"start":{"line":161,"column":96},"end":{"line":196,"column":1}},"line":161},"14":{"name":"(anonymous_14)","decl":{"start":{"line":199,"column":28},"end":{"line":199,"column":29}},"loc":{"start":{"line":199,"column":61},"end":{"line":211,"column":1}},"line":199},"15":{"name":"(anonymous_15)","decl":{"start":{"line":214,"column":37},"end":{"line":214,"column":38}},"loc":{"start":{"line":214,"column":83},"end":{"line":230,"column":1}},"line":214},"16":{"name":"(anonymous_16)","decl":{"start":{"line":233,"column":33},"end":{"line":233,"column":34}},"loc":{"start":{"line":233,"column":66},"end":{"line":240,"column":1}},"line":233},"17":{"name":"(anonymous_17)","decl":{"start":{"line":246,"column":28},"end":{"line":246,"column":29}},"loc":{"start":{"line":246,"column":62},"end":{"line":248,"column":5}},"line":246},"18":{"name":"(anonymous_18)","decl":{"start":{"line":252,"column":23},"end":{"line":252,"column":24}},"loc":{"start":{"line":252,"column":57},"end":{"line":262,"column":1}},"line":252},"19":{"name":"(anonymous_19)","decl":{"start":{"line":265,"column":44},"end":{"line":265,"column":45}},"loc":{"start":{"line":265,"column":90},"end":{"line":316,"column":1}},"line":265},"20":{"name":"(anonymous_20)","decl":{"start":{"line":319,"column":43},"end":{"line":319,"column":44}},"loc":{"start":{"line":319,"column":89},"end":{"line":331,"column":1}},"line":319},"21":{"name":"(anonymous_21)","decl":{"start":{"line":327,"column":54},"end":{"line":327,"column":59}},"loc":{"start":{"line":327,"column":59},"end":{"line":327,"column":78}},"line":327},"22":{"name":"(anonymous_22)","decl":{"start":{"line":328,"column":61},"end":{"line":328,"column":66}},"loc":{"start":{"line":328,"column":66},"end":{"line":328,"column":88}},"line":328},"23":{"name":"(anonymous_23)","decl":{"start":{"line":334,"column":50},"end":{"line":334,"column":51}},"loc":{"start":{"line":334,"column":96},"end":{"line":348,"column":1}},"line":334},"24":{"name":"(anonymous_24)","decl":{"start":{"line":351,"column":45},"end":{"line":351,"column":46}},"loc":{"start":{"line":351,"column":91},"end":{"line":365,"column":1}},"line":351},"25":{"name":"(anonymous_25)","decl":{"start":{"line":368,"column":68},"end":{"line":368,"column":69}},"loc":{"start":{"line":368,"column":114},"end":{"line":371,"column":1}},"line":368},"26":{"name":"(anonymous_26)","decl":{"start":{"line":374,"column":43},"end":{"line":374,"column":44}},"loc":{"start":{"line":374,"column":89},"end":{"line":384,"column":1}},"line":374},"27":{"name":"(anonymous_27)","decl":{"start":{"line":387,"column":22},"end":{"line":387,"column":23}},"loc":{"start":{"line":387,"column":55},"end":{"line":414,"column":1}},"line":387},"28":{"name":"(anonymous_28)","decl":{"start":{"line":416,"column":23},"end":{"line":416,"column":24}},"loc":{"start":{"line":416,"column":56},"end":{"line":423,"column":1}},"line":416},"29":{"name":"(anonymous_29)","decl":{"start":{"line":426,"column":21},"end":{"line":426,"column":27}},"loc":{"start":{"line":426,"column":27},"end":{"line":428,"column":5}},"line":426}},"branchMap":{"0":{"loc":{"start":{"line":23,"column":13},"end":{"line":23,"column":null}},"type":"binary-expr","locations":[{"start":{"line":23,"column":13},"end":{"line":23,"column":33}},{"start":{"line":23,"column":33},"end":{"line":23,"column":null}}],"line":23},"1":{"loc":{"start":{"line":24,"column":15},"end":{"line":24,"column":null}},"type":"binary-expr","locations":[{"start":{"line":24,"column":15},"end":{"line":24,"column":41}},{"start":{"line":24,"column":41},"end":{"line":24,"column":null}}],"line":24},"2":{"loc":{"start":{"line":33,"column":8},"end":{"line":35,"column":null}},"type":"if","locations":[{"start":{"line":33,"column":8},"end":{"line":35,"column":null}},{"start":{},"end":{}}],"line":33},"3":{"loc":{"start":{"line":58,"column":4},"end":{"line":58,"column":null}},"type":"if","locations":[{"start":{"line":58,"column":4},"end":{"line":58,"column":null}},{"start":{},"end":{}}],"line":58},"4":{"loc":{"start":{"line":61,"column":8},"end":{"line":61,"column":null}},"type":"if","locations":[{"start":{"line":61,"column":8},"end":{"line":61,"column":null}},{"start":{},"end":{}}],"line":61},"5":{"loc":{"start":{"line":75,"column":4},"end":{"line":82,"column":null}},"type":"if","locations":[{"start":{"line":75,"column":4},"end":{"line":82,"column":null}},{"start":{},"end":{}}],"line":75},"6":{"loc":{"start":{"line":77,"column":8},"end":{"line":81,"column":null}},"type":"if","locations":[{"start":{"line":77,"column":8},"end":{"line":81,"column":null}},{"start":{},"end":{}}],"line":77},"7":{"loc":{"start":{"line":86,"column":4},"end":{"line":93,"column":null}},"type":"if","locations":[{"start":{"line":86,"column":4},"end":{"line":93,"column":null}},{"start":{},"end":{}}],"line":86},"8":{"loc":{"start":{"line":88,"column":8},"end":{"line":92,"column":null}},"type":"if","locations":[{"start":{"line":88,"column":8},"end":{"line":92,"column":null}},{"start":{},"end":{}}],"line":88},"9":{"loc":{"start":{"line":101,"column":4},"end":{"line":101,"column":null}},"type":"if","locations":[{"start":{"line":101,"column":4},"end":{"line":101,"column":null}},{"start":{},"end":{}}],"line":101},"10":{"loc":{"start":{"line":112,"column":4},"end":{"line":112,"column":null}},"type":"if","locations":[{"start":{"line":112,"column":4},"end":{"line":112,"column":null}},{"start":{},"end":{}}],"line":112},"11":{"loc":{"start":{"line":117,"column":4},"end":{"line":119,"column":null}},"type":"if","locations":[{"start":{"line":117,"column":4},"end":{"line":119,"column":null}},{"start":{},"end":{}}],"line":117},"12":{"loc":{"start":{"line":117,"column":8},"end":{"line":117,"column":105}},"type":"binary-expr","locations":[{"start":{"line":117,"column":8},"end":{"line":117,"column":64}},{"start":{"line":117,"column":64},"end":{"line":117,"column":105}}],"line":117},"13":{"loc":{"start":{"line":131,"column":4},"end":{"line":131,"column":null}},"type":"if","locations":[{"start":{"line":131,"column":4},"end":{"line":131,"column":null}},{"start":{},"end":{}}],"line":131},"14":{"loc":{"start":{"line":135,"column":4},"end":{"line":137,"column":null}},"type":"if","locations":[{"start":{"line":135,"column":4},"end":{"line":137,"column":null}},{"start":{},"end":{}}],"line":135},"15":{"loc":{"start":{"line":142,"column":4},"end":{"line":144,"column":null}},"type":"if","locations":[{"start":{"line":142,"column":4},"end":{"line":144,"column":null}},{"start":{},"end":{}}],"line":142},"16":{"loc":{"start":{"line":163,"column":4},"end":{"line":163,"column":null}},"type":"if","locations":[{"start":{"line":163,"column":4},"end":{"line":163,"column":null}},{"start":{},"end":{}}],"line":163},"17":{"loc":{"start":{"line":166,"column":4},"end":{"line":168,"column":null}},"type":"if","locations":[{"start":{"line":166,"column":4},"end":{"line":168,"column":null}},{"start":{},"end":{}}],"line":166},"18":{"loc":{"start":{"line":206,"column":4},"end":{"line":208,"column":null}},"type":"if","locations":[{"start":{"line":206,"column":4},"end":{"line":208,"column":null}},{"start":{},"end":{}}],"line":206},"19":{"loc":{"start":{"line":244,"column":0},"end":{"line":249,"column":null}},"type":"if","locations":[{"start":{"line":244,"column":0},"end":{"line":249,"column":null}},{"start":{},"end":{}}],"line":244},"20":{"loc":{"start":{"line":255,"column":18},"end":{"line":255,"column":null}},"type":"binary-expr","locations":[{"start":{"line":255,"column":18},"end":{"line":255,"column":37}},{"start":{"line":255,"column":37},"end":{"line":255,"column":null}}],"line":255},"21":{"loc":{"start":{"line":257,"column":20},"end":{"line":257,"column":null}},"type":"binary-expr","locations":[{"start":{"line":257,"column":20},"end":{"line":257,"column":41}},{"start":{"line":257,"column":41},"end":{"line":257,"column":null}}],"line":257},"22":{"loc":{"start":{"line":258,"column":16},"end":{"line":258,"column":null}},"type":"binary-expr","locations":[{"start":{"line":258,"column":16},"end":{"line":258,"column":33}},{"start":{"line":258,"column":33},"end":{"line":258,"column":null}}],"line":258},"23":{"loc":{"start":{"line":259,"column":19},"end":{"line":259,"column":null}},"type":"binary-expr","locations":[{"start":{"line":259,"column":19},"end":{"line":259,"column":39}},{"start":{"line":259,"column":39},"end":{"line":259,"column":null}}],"line":259},"24":{"loc":{"start":{"line":260,"column":25},"end":{"line":260,"column":null}},"type":"binary-expr","locations":[{"start":{"line":260,"column":25},"end":{"line":260,"column":51}},{"start":{"line":260,"column":51},"end":{"line":260,"column":null}}],"line":260},"25":{"loc":{"start":{"line":266,"column":4},"end":{"line":266,"column":null}},"type":"if","locations":[{"start":{"line":266,"column":4},"end":{"line":266,"column":null}},{"start":{},"end":{}}],"line":266},"26":{"loc":{"start":{"line":270,"column":4},"end":{"line":270,"column":null}},"type":"if","locations":[{"start":{"line":270,"column":4},"end":{"line":270,"column":null}},{"start":{},"end":{}}],"line":270},"27":{"loc":{"start":{"line":271,"column":4},"end":{"line":271,"column":null}},"type":"if","locations":[{"start":{"line":271,"column":4},"end":{"line":271,"column":null}},{"start":{},"end":{}}],"line":271},"28":{"loc":{"start":{"line":272,"column":4},"end":{"line":272,"column":null}},"type":"if","locations":[{"start":{"line":272,"column":4},"end":{"line":272,"column":null}},{"start":{},"end":{}}],"line":272},"29":{"loc":{"start":{"line":273,"column":4},"end":{"line":273,"column":null}},"type":"if","locations":[{"start":{"line":273,"column":4},"end":{"line":273,"column":null}},{"start":{},"end":{}}],"line":273},"30":{"loc":{"start":{"line":274,"column":4},"end":{"line":274,"column":null}},"type":"if","locations":[{"start":{"line":274,"column":4},"end":{"line":274,"column":null}},{"start":{},"end":{}}],"line":274},"31":{"loc":{"start":{"line":275,"column":4},"end":{"line":275,"column":null}},"type":"if","locations":[{"start":{"line":275,"column":4},"end":{"line":275,"column":null}},{"start":{},"end":{}}],"line":275},"32":{"loc":{"start":{"line":280,"column":4},"end":{"line":313,"column":null}},"type":"if","locations":[{"start":{"line":280,"column":4},"end":{"line":313,"column":null}},{"start":{},"end":{}}],"line":280},"33":{"loc":{"start":{"line":284,"column":8},"end":{"line":312,"column":null}},"type":"if","locations":[{"start":{"line":284,"column":8},"end":{"line":312,"column":null}},{"start":{},"end":{}}],"line":284},"34":{"loc":{"start":{"line":286,"column":12},"end":{"line":286,"column":null}},"type":"if","locations":[{"start":{"line":286,"column":12},"end":{"line":286,"column":null}},{"start":{},"end":{}}],"line":286},"35":{"loc":{"start":{"line":287,"column":12},"end":{"line":311,"column":null}},"type":"if","locations":[{"start":{"line":287,"column":12},"end":{"line":311,"column":null}},{"start":{"line":295,"column":12},"end":{"line":311,"column":null}}],"line":287},"36":{"loc":{"start":{"line":295,"column":12},"end":{"line":311,"column":null}},"type":"if","locations":[{"start":{"line":295,"column":12},"end":{"line":311,"column":null}},{"start":{"line":303,"column":19},"end":{"line":311,"column":null}}],"line":295},"37":{"loc":{"start":{"line":320,"column":4},"end":{"line":320,"column":null}},"type":"if","locations":[{"start":{"line":320,"column":4},"end":{"line":320,"column":null}},{"start":{},"end":{}}],"line":320},"38":{"loc":{"start":{"line":326,"column":4},"end":{"line":329,"column":null}},"type":"if","locations":[{"start":{"line":326,"column":4},"end":{"line":329,"column":null}},{"start":{},"end":{}}],"line":326},"39":{"loc":{"start":{"line":335,"column":4},"end":{"line":335,"column":null}},"type":"if","locations":[{"start":{"line":335,"column":4},"end":{"line":335,"column":null}},{"start":{},"end":{}}],"line":335},"40":{"loc":{"start":{"line":342,"column":4},"end":{"line":344,"column":null}},"type":"if","locations":[{"start":{"line":342,"column":4},"end":{"line":344,"column":null}},{"start":{},"end":{}}],"line":342},"41":{"loc":{"start":{"line":352,"column":4},"end":{"line":352,"column":null}},"type":"if","locations":[{"start":{"line":352,"column":4},"end":{"line":352,"column":null}},{"start":{},"end":{}}],"line":352},"42":{"loc":{"start":{"line":352,"column":8},"end":{"line":352,"column":70}},"type":"binary-expr","locations":[{"start":{"line":352,"column":8},"end":{"line":352,"column":37}},{"start":{"line":352,"column":37},"end":{"line":352,"column":70}}],"line":352},"43":{"loc":{"start":{"line":359,"column":4},"end":{"line":364,"column":null}},"type":"if","locations":[{"start":{"line":359,"column":4},"end":{"line":364,"column":null}},{"start":{"line":362,"column":11},"end":{"line":364,"column":null}}],"line":359},"44":{"loc":{"start":{"line":369,"column":4},"end":{"line":369,"column":null}},"type":"if","locations":[{"start":{"line":369,"column":4},"end":{"line":369,"column":null}},{"start":{},"end":{}}],"line":369},"45":{"loc":{"start":{"line":375,"column":4},"end":{"line":375,"column":null}},"type":"if","locations":[{"start":{"line":375,"column":4},"end":{"line":375,"column":null}},{"start":{},"end":{}}],"line":375},"46":{"loc":{"start":{"line":375,"column":8},"end":{"line":375,"column":70}},"type":"binary-expr","locations":[{"start":{"line":375,"column":8},"end":{"line":375,"column":37}},{"start":{"line":375,"column":37},"end":{"line":375,"column":70}}],"line":375},"47":{"loc":{"start":{"line":381,"column":4},"end":{"line":381,"column":null}},"type":"if","locations":[{"start":{"line":381,"column":4},"end":{"line":381,"column":null}},{"start":{},"end":{}}],"line":381},"48":{"loc":{"start":{"line":391,"column":23},"end":{"line":391,"column":null}},"type":"binary-expr","locations":[{"start":{"line":391,"column":23},"end":{"line":391,"column":52}},{"start":{"line":391,"column":52},"end":{"line":391,"column":null}}],"line":391},"49":{"loc":{"start":{"line":394,"column":4},"end":{"line":413,"column":null}},"type":"if","locations":[{"start":{"line":394,"column":4},"end":{"line":413,"column":null}},{"start":{"line":396,"column":4},"end":{"line":413,"column":null}}],"line":394},"50":{"loc":{"start":{"line":396,"column":4},"end":{"line":413,"column":null}},"type":"if","locations":[{"start":{"line":396,"column":4},"end":{"line":413,"column":null}},{"start":{"line":404,"column":11},"end":{"line":413,"column":null}}],"line":396},"51":{"loc":{"start":{"line":418,"column":4},"end":{"line":418,"column":null}},"type":"if","locations":[{"start":{"line":418,"column":4},"end":{"line":418,"column":null}},{"start":{},"end":{}}],"line":418},"52":{"loc":{"start":{"line":425,"column":0},"end":{"line":429,"column":null}},"type":"if","locations":[{"start":{"line":425,"column":0},"end":{"line":429,"column":null}},{"start":{},"end":{}}],"line":425},"53":{"loc":{"start":{"line":425,"column":4},"end":{"line":425,"column":68}},"type":"binary-expr","locations":[{"start":{"line":425,"column":4},"end":{"line":425,"column":45}},{"start":{"line":425,"column":45},"end":{"line":425,"column":68}}],"line":425}},"s":{"0":1,"1":1,"2":1,"3":1,"4":1,"5":1,"6":1,"7":1,"8":0,"9":0,"10":0,"11":0,"12":0,"13":0,"14":0,"15":0,"16":1,"17":1,"18":1,"19":1,"20":19,"21":19,"22":1,"23":18,"24":18,"25":0,"26":18,"27":18,"28":1,"29":2,"30":2,"31":2,"32":2,"33":1,"34":1,"35":0,"36":0,"37":0,"38":2,"39":2,"40":2,"41":0,"42":0,"43":0,"44":0,"45":0,"46":2,"47":2,"48":1,"49":2,"50":1,"51":1,"52":1,"53":2,"54":1,"55":1,"56":2,"57":0,"58":2,"59":2,"60":2,"61":2,"62":1,"63":1,"64":1,"65":1,"66":1,"67":1,"68":1,"69":3,"70":0,"71":3,"72":3,"73":3,"74":1,"75":2,"76":2,"77":3,"78":2,"79":1,"80":1,"81":1,"82":1,"83":1,"84":1,"85":1,"86":1,"87":1,"88":1,"89":1,"90":2,"91":2,"92":1,"93":1,"94":1,"95":1,"96":0,"97":0,"98":0,"99":0,"100":0,"101":0,"102":1,"103":2,"104":2,"105":2,"106":2,"107":2,"108":2,"109":1,"110":1,"111":1,"112":2,"113":2,"114":2,"115":2,"116":2,"117":2,"118":1,"119":1,"120":1,"121":1,"122":1,"123":1,"124":1,"125":1,"126":1,"127":1,"128":1,"129":0,"130":1,"131":1,"132":1,"133":1,"134":2,"135":0,"136":2,"137":2,"138":2,"139":2,"140":2,"141":1,"142":2,"143":1,"144":2,"145":1,"146":2,"147":1,"148":2,"149":1,"150":2,"151":2,"152":1,"153":1,"154":1,"155":1,"156":0,"157":0,"158":0,"159":0,"160":0,"161":0,"162":0,"163":2,"164":1,"165":1,"166":0,"167":1,"168":1,"169":1,"170":1,"171":1,"172":1,"173":2,"174":1,"175":2,"176":1,"177":1,"178":1,"179":0,"180":1,"181":1,"182":1,"183":1,"184":1,"185":1,"186":0,"187":1,"188":1,"189":1,"190":2,"191":0,"192":2,"193":2,"194":2,"195":2,"196":2,"197":2,"198":1,"199":1,"200":1,"201":1,"202":0,"203":0,"204":0,"205":1,"206":1,"207":0,"208":1,"209":1,"210":1,"211":1,"212":1,"213":0,"214":1,"215":1,"216":1,"217":3,"218":3,"219":3,"220":3,"221":3,"222":3,"223":1,"224":2,"225":1,"226":1,"227":1,"228":1,"229":1,"230":0,"231":1,"232":1,"233":1,"234":1,"235":1,"236":0,"237":0},"f":{"0":0,"1":0,"2":19,"3":18,"4":2,"5":2,"6":2,"7":2,"8":2,"9":2,"10":3,"11":3,"12":1,"13":2,"14":2,"15":2,"16":1,"17":0,"18":1,"19":2,"20":1,"21":2,"22":2,"23":1,"24":2,"25":0,"26":1,"27":3,"28":1,"29":0},"b":{"0":[1,1],"1":[1,1],"2":[0,0],"3":[1,18],"4":[0,18],"5":[1,1],"6":[0,1],"7":[0,2],"8":[0,0],"9":[1,1],"10":[0,2],"11":[1,1],"12":[2,2],"13":[0,3],"14":[1,2],"15":[1,1],"16":[1,1],"17":[1,0],"18":[1,1],"19":[1,0],"20":[1,0],"21":[1,0],"22":[1,0],"23":[1,0],"24":[1,0],"25":[0,2],"26":[2,0],"27":[1,1],"28":[1,1],"29":[1,1],"30":[1,1],"31":[1,1],"32":[1,1],"33":[0,1],"34":[0,0],"35":[0,0],"36":[0,0],"37":[0,1],"38":[1,0],"39":[0,1],"40":[0,1],"41":[0,2],"42":[2,0],"43":[1,1],"44":[0,0],"45":[0,1],"46":[1,0],"47":[0,1],"48":[3,1],"49":[1,2],"50":[1,1],"51":[0,1],"52":[0,1],"53":[1,1]},"meta":{"lastBranch":54,"lastFunction":30,"lastStatement":238,"seen":{"s:8:30:8:Infinity":0,"s:10:19:10:Infinity":1,"s:11:18:11:Infinity":2,"s:17:0:17:Infinity":3,"s:21:6:21:Infinity":4,"s:23:13:23:Infinity":5,"b:23:13:23:33:23:33:23:Infinity":0,"s:24:15:24:Infinity":6,"b:24:15:24:41:24:41:24:Infinity":1,"s:27:16:41:Infinity":7,"f:28:17:28:18":0,"s:29:14:29:Infinity":8,"s:30:26:30:Infinity":9,"s:31:25:31:Infinity":10,"s:32:26:32:Infinity":11,"b:33:8:35:Infinity:undefined:undefined:undefined:undefined":2,"s:33:8:35:Infinity":12,"s:34:12:34:Infinity":13,"s:36:8:36:Infinity":14,"f:38:14:38:15":1,"s:39:8:39:Infinity":15,"s:42:6:42:Infinity":16,"s:44:0:44:Infinity":17,"s:45:0:45:Infinity":18,"s:56:21:65:Infinity":19,"f:56:21:56:22":2,"s:57:18:57:Infinity":20,"b:58:4:58:Infinity:undefined:undefined:undefined:undefined":3,"s:58:4:58:Infinity":21,"s:58:16:58:Infinity":22,"s:60:4:64:Infinity":23,"f:60:30:60:31":3,"b:61:8:61:Infinity:undefined:undefined:undefined:undefined":4,"s:61:8:61:Infinity":24,"s:61:17:61:Infinity":25,"s:62:8:62:Infinity":26,"s:63:8:63:Infinity":27,"s:68:0:97:Infinity":28,"f:68:23:68:30":4,"s:69:35:69:Infinity":29,"s:70:10:70:Infinity":30,"s:72:4:72:Infinity":31,"b:75:4:82:Infinity:undefined:undefined:undefined:undefined":5,"s:75:4:82:Infinity":32,"s:76:22:76:Infinity":33,"b:77:8:81:Infinity:undefined:undefined:undefined:undefined":6,"s:77:8:81:Infinity":34,"s:78:12:78:Infinity":35,"s:79:26:79:Infinity":36,"s:80:12:80:Infinity":37,"s:85:17:85:Infinity":38,"f:85:40:85:45":5,"s:85:45:85:68":39,"b:86:4:93:Infinity:undefined:undefined:undefined:undefined":7,"s:86:4:93:Infinity":40,"s:87:22:87:Infinity":41,"b:88:8:92:Infinity:undefined:undefined:undefined:undefined":8,"s:88:8:92:Infinity":42,"s:89:12:89:Infinity":43,"s:90:26:90:Infinity":44,"s:91:12:91:Infinity":45,"s:95:4:95:Infinity":46,"s:96:4:96:Infinity":47,"s:100:0:108:Infinity":48,"f:100:42:100:43":6,"b:101:4:101:Infinity:undefined:undefined:undefined:undefined":9,"s:101:4:101:Infinity":49,"s:101:35:101:Infinity":50,"s:102:10:102:Infinity":51,"s:103:18:106:Infinity":52,"f:105:33:105:39":7,"s:105:39:105:78":53,"s:107:4:107:Infinity":54,"s:111:0:127:Infinity":55,"f:111:43:111:50":8,"b:112:4:112:Infinity:undefined:undefined:undefined:undefined":10,"s:112:4:112:Infinity":56,"s:112:35:112:Infinity":57,"s:114:41:114:Infinity":58,"s:115:10:115:Infinity":59,"b:117:4:119:Infinity:undefined:undefined:undefined:undefined":11,"s:117:4:119:Infinity":60,"b:117:8:117:64:117:64:117:105":12,"f:117:31:117:36":9,"s:117:36:117:59":61,"s:118:8:118:Infinity":62,"s:121:25:121:Infinity":63,"s:122:4:122:Infinity":64,"s:123:4:123:Infinity":65,"s:125:4:125:Infinity":66,"s:126:4:126:Infinity":67,"s:130:0:149:Infinity":68,"f:130:55:130:56":10,"b:131:4:131:Infinity:undefined:undefined:undefined:undefined":13,"s:131:4:131:Infinity":69,"s:131:35:131:Infinity":70,"s:132:21:132:Infinity":71,"s:133:10:133:Infinity":72,"b:135:4:137:Infinity:undefined:undefined:undefined:undefined":14,"s:135:4:137:Infinity":73,"s:136:8:136:Infinity":74,"s:139:23:139:Infinity":75,"s:140:4:140:Infinity":76,"f:140:49:140:54":11,"s:140:54:140:77":77,"b:142:4:144:Infinity:undefined:undefined:undefined:undefined":15,"s:142:4:144:Infinity":78,"s:143:8:143:Infinity":79,"s:146:4:146:Infinity":80,"s:147:4:147:Infinity":81,"s:148:4:148:Infinity":82,"s:152:0:158:Infinity":83,"f:152:22:152:23":12,"s:153:10:153:Infinity":84,"s:154:22:154:Infinity":85,"s:155:21:155:Infinity":86,"s:156:10:156:Infinity":87,"s:157:4:157:Infinity":88,"s:161:0:196:Infinity":89,"f:161:44:161:51":13,"s:162:24:162:Infinity":90,"b:163:4:163:Infinity:undefined:undefined:undefined:undefined":16,"s:163:4:163:Infinity":91,"s:163:18:163:Infinity":92,"s:165:10:165:Infinity":93,"b:166:4:168:Infinity:undefined:undefined:undefined:undefined":17,"s:166:4:168:Infinity":94,"s:167:8:167:Infinity":95,"s:170:4:195:Infinity":96,"s:171:25:188:Infinity":97,"s:190:24:190:Infinity":98,"s:191:8:191:Infinity":99,"s:193:8:193:Infinity":100,"s:194:8:194:Infinity":101,"s:199:0:211:Infinity":102,"f:199:28:199:29":14,"s:200:10:200:Infinity":103,"s:201:22:201:Infinity":104,"s:202:21:202:Infinity":105,"s:203:17:203:Infinity":106,"s:204:10:204:Infinity":107,"b:206:4:208:Infinity:undefined:undefined:undefined:undefined":18,"s:206:4:208:Infinity":108,"s:207:8:207:Infinity":109,"s:210:4:210:Infinity":110,"s:214:0:230:Infinity":111,"f:214:37:214:38":15,"s:215:52:215:Infinity":112,"s:216:10:216:Infinity":113,"s:217:22:217:Infinity":114,"s:218:21:218:Infinity":115,"s:220:4:227:Infinity":116,"s:229:4:229:Infinity":117,"s:233:0:240:Infinity":118,"f:233:33:233:34":16,"s:234:10:234:Infinity":119,"s:235:22:235:Infinity":120,"s:236:21:236:Infinity":121,"s:237:22:237:Infinity":122,"s:238:21:238:Infinity":123,"s:239:4:239:Infinity":124,"s:243:17:243:Infinity":125,"b:244:0:249:Infinity:undefined:undefined:undefined:undefined":19,"s:244:0:249:Infinity":126,"s:245:4:245:Infinity":127,"s:246:4:248:Infinity":128,"f:246:28:246:29":17,"s:247:8:247:Infinity":129,"s:252:0:262:Infinity":130,"f:252:23:252:24":18,"s:253:10:253:Infinity":131,"s:254:4:261:Infinity":132,"b:255:18:255:37:255:37:255:Infinity":20,"b:257:20:257:41:257:41:257:Infinity":21,"b:258:16:258:33:258:33:258:Infinity":22,"b:259:19:259:39:259:39:259:Infinity":23,"b:260:25:260:51:260:51:260:Infinity":24,"s:265:0:316:Infinity":133,"f:265:44:265:45":19,"b:266:4:266:Infinity:undefined:undefined:undefined:undefined":25,"s:266:4:266:Infinity":134,"s:266:35:266:Infinity":135,"s:267:10:267:Infinity":136,"s:268:87:268:Infinity":137,"b:270:4:270:Infinity:undefined:undefined:undefined:undefined":26,"s:270:4:270:Infinity":138,"s:270:18:270:Infinity":139,"b:271:4:271:Infinity:undefined:undefined:undefined:undefined":27,"s:271:4:271:Infinity":140,"s:271:22:271:Infinity":141,"b:272:4:272:Infinity:undefined:undefined:undefined:undefined":28,"s:272:4:272:Infinity":142,"s:272:34:272:Infinity":143,"b:273:4:273:Infinity:undefined:undefined:undefined:undefined":29,"s:273:4:273:Infinity":144,"s:273:16:273:Infinity":145,"b:274:4:274:Infinity:undefined:undefined:undefined:undefined":30,"s:274:4:274:Infinity":146,"s:274:19:274:Infinity":147,"b:275:4:275:Infinity:undefined:undefined:undefined:undefined":31,"s:275:4:275:Infinity":148,"s:275:25:275:Infinity":149,"s:277:4:277:Infinity":150,"b:280:4:313:Infinity:undefined:undefined:undefined:undefined":32,"s:280:4:313:Infinity":151,"s:281:26:281:Infinity":152,"s:282:25:282:Infinity":153,"s:283:26:283:Infinity":154,"b:284:8:312:Infinity:undefined:undefined:undefined:undefined":33,"s:284:8:312:Infinity":155,"b:286:12:286:Infinity:undefined:undefined:undefined:undefined":34,"s:286:12:286:Infinity":156,"s:286:42:286:Infinity":157,"b:287:12:311:Infinity:295:12:311:Infinity":35,"s:287:12:311:Infinity":158,"s:288:16:294:Infinity":159,"b:295:12:311:Infinity:303:19:311:Infinity":36,"s:295:12:311:Infinity":160,"s:296:16:302:Infinity":161,"s:304:16:310:Infinity":162,"s:315:4:315:Infinity":163,"s:319:0:331:Infinity":164,"f:319:43:319:44":20,"b:320:4:320:Infinity:undefined:undefined:undefined:undefined":37,"s:320:4:320:Infinity":165,"s:320:35:320:Infinity":166,"s:321:10:321:Infinity":167,"s:322:22:322:Infinity":168,"s:323:21:323:Infinity":169,"s:325:17:325:Infinity":170,"b:326:4:329:Infinity:undefined:undefined:undefined:undefined":38,"s:326:4:329:Infinity":171,"s:327:22:327:Infinity":172,"f:327:54:327:59":21,"s:327:59:327:78":173,"s:328:8:328:Infinity":174,"f:328:61:328:66":22,"s:328:66:328:88":175,"s:330:4:330:Infinity":176,"s:334:0:348:Infinity":177,"f:334:50:334:51":23,"b:335:4:335:Infinity:undefined:undefined:undefined:undefined":39,"s:335:4:335:Infinity":178,"s:335:35:335:Infinity":179,"s:336:17:336:Infinity":180,"s:337:19:337:Infinity":181,"s:338:10:338:Infinity":182,"s:339:22:339:Infinity":183,"s:340:21:340:Infinity":184,"b:342:4:344:Infinity:undefined:undefined:undefined:undefined":40,"s:342:4:344:Infinity":185,"s:343:8:343:Infinity":186,"s:346:4:346:Infinity":187,"s:347:4:347:Infinity":188,"s:351:0:365:Infinity":189,"f:351:45:351:46":24,"b:352:4:352:Infinity:undefined:undefined:undefined:undefined":41,"s:352:4:352:Infinity":190,"b:352:8:352:37:352:37:352:70":42,"s:352:70:352:Infinity":191,"s:353:17:353:Infinity":192,"s:354:10:354:Infinity":193,"s:355:22:355:Infinity":194,"s:356:21:356:Infinity":195,"s:357:21:357:Infinity":196,"b:359:4:364:Infinity:362:11:364:Infinity":43,"s:359:4:364:Infinity":197,"s:360:8:360:Infinity":198,"s:361:8:361:Infinity":199,"s:363:8:363:Infinity":200,"s:368:0:371:Infinity":201,"f:368:68:368:69":25,"b:369:4:369:Infinity:undefined:undefined:undefined:undefined":44,"s:369:4:369:Infinity":202,"s:369:19:369:Infinity":203,"s:370:4:370:Infinity":204,"s:374:0:384:Infinity":205,"f:374:43:374:44":26,"b:375:4:375:Infinity:undefined:undefined:undefined:undefined":45,"s:375:4:375:Infinity":206,"b:375:8:375:37:375:37:375:70":46,"s:375:70:375:Infinity":207,"s:376:10:376:Infinity":208,"s:377:22:377:Infinity":209,"s:378:21:378:Infinity":210,"s:379:22:379:Infinity":211,"b:381:4:381:Infinity:undefined:undefined:undefined:undefined":47,"s:381:4:381:Infinity":212,"s:381:35:381:Infinity":213,"s:382:18:382:Infinity":214,"s:383:4:383:Infinity":215,"s:387:0:414:Infinity":216,"f:387:22:387:23":27,"s:388:10:388:Infinity":217,"s:389:22:389:Infinity":218,"s:390:21:390:Infinity":219,"s:391:23:391:Infinity":220,"b:391:23:391:52:391:52:391:Infinity":48,"s:392:22:392:Infinity":221,"b:394:4:413:Infinity:396:4:413:Infinity":49,"s:394:4:413:Infinity":222,"s:395:8:395:Infinity":223,"b:396:4:413:Infinity:404:11:413:Infinity":50,"s:396:4:413:Infinity":224,"s:397:8:403:Infinity":225,"s:406:8:412:Infinity":226,"s:416:0:423:Infinity":227,"f:416:23:416:24":28,"s:417:29:417:Infinity":228,"b:418:4:418:Infinity:undefined:undefined:undefined:undefined":51,"s:418:4:418:Infinity":229,"s:418:23:418:Infinity":230,"s:419:10:419:Infinity":231,"s:420:4:420:Infinity":232,"s:421:4:421:Infinity":233,"s:422:4:422:Infinity":234,"b:425:0:429:Infinity:undefined:undefined:undefined:undefined":52,"s:425:0:429:Infinity":235,"b:425:4:425:45:425:45:425:68":53,"s:426:4:428:Infinity":236,"f:426:21:426:27":29,"s:427:8:427:Infinity":237}}}
,"/home/mlapointe/secure/git/freebsdguy/server/lib/auth.ts": {"path":"/home/mlapointe/secure/git/freebsdguy/server/lib/auth.ts","statementMap":{"0":{"start":{"line":4,"column":30},"end":{"line":20,"column":null}},"1":{"start":{"line":5,"column":20},"end":{"line":5,"column":null}},"2":{"start":{"line":6,"column":27},"end":{"line":6,"column":null}},"3":{"start":{"line":8,"column":4},"end":{"line":17,"column":null}},"4":{"start":{"line":9,"column":8},"end":{"line":9,"column":null}},"5":{"start":{"line":10,"column":8},"end":{"line":10,"column":null}},"6":{"start":{"line":11,"column":4},"end":{"line":17,"column":null}},"7":{"start":{"line":12,"column":26},"end":{"line":12,"column":null}},"8":{"start":{"line":12,"column":62},"end":{"line":12,"column":85}},"9":{"start":{"line":13,"column":8},"end":{"line":16,"column":null}},"10":{"start":{"line":14,"column":12},"end":{"line":14,"column":null}},"11":{"start":{"line":15,"column":12},"end":{"line":15,"column":null}},"12":{"start":{"line":19,"column":4},"end":{"line":19,"column":null}}},"fnMap":{"0":{"name":"(anonymous_0)","decl":{"start":{"line":4,"column":30},"end":{"line":4,"column":37}},"loc":{"start":{"line":4,"column":162},"end":{"line":20,"column":null}},"line":4},"1":{"name":"(anonymous_1)","decl":{"start":{"line":12,"column":57},"end":{"line":12,"column":62}},"loc":{"start":{"line":12,"column":62},"end":{"line":12,"column":85}},"line":12}},"branchMap":{"0":{"loc":{"start":{"line":8,"column":4},"end":{"line":17,"column":null}},"type":"if","locations":[{"start":{"line":8,"column":4},"end":{"line":17,"column":null}},{"start":{"line":11,"column":4},"end":{"line":17,"column":null}}],"line":8},"1":{"loc":{"start":{"line":8,"column":8},"end":{"line":8,"column":76}},"type":"binary-expr","locations":[{"start":{"line":8,"column":8},"end":{"line":8,"column":32}},{"start":{"line":8,"column":32},"end":{"line":8,"column":76}}],"line":8},"2":{"loc":{"start":{"line":11,"column":4},"end":{"line":17,"column":null}},"type":"if","locations":[{"start":{"line":11,"column":4},"end":{"line":17,"column":null}},{"start":{},"end":{}}],"line":11},"3":{"loc":{"start":{"line":13,"column":8},"end":{"line":16,"column":null}},"type":"if","locations":[{"start":{"line":13,"column":8},"end":{"line":16,"column":null}},{"start":{},"end":{}}],"line":13}},"s":{"0":1,"1":3,"2":3,"3":3,"4":1,"5":1,"6":2,"7":2,"8":2,"9":2,"10":1,"11":1,"12":3},"f":{"0":3,"1":2},"b":{"0":[1,2],"1":[3,3],"2":[2,0],"3":[1,1]},"meta":{"lastBranch":4,"lastFunction":2,"lastStatement":13,"seen":{"s:4:30:20:Infinity":0,"f:4:30:4:37":0,"s:5:20:5:Infinity":1,"s:6:27:6:Infinity":2,"b:8:4:17:Infinity:11:4:17:Infinity":0,"s:8:4:17:Infinity":3,"b:8:8:8:32:8:32:8:76":1,"s:9:8:9:Infinity":4,"s:10:8:10:Infinity":5,"b:11:4:17:Infinity:undefined:undefined:undefined:undefined":2,"s:11:4:17:Infinity":6,"s:12:26:12:Infinity":7,"f:12:57:12:62":1,"s:12:62:12:85":8,"b:13:8:16:Infinity:undefined:undefined:undefined:undefined":3,"s:13:8:16:Infinity":9,"s:14:12:14:Infinity":10,"s:15:12:15:Infinity":11,"s:19:4:19:Infinity":12}}}
,"/home/mlapointe/secure/git/freebsdguy/server/lib/config.ts": {"path":"/home/mlapointe/secure/git/freebsdguy/server/lib/config.ts","statementMap":{"0":{"start":{"line":3,"column":30},"end":{"line":3,"column":null}},"1":{"start":{"line":5,"column":19},"end":{"line":5,"column":null}},"2":{"start":{"line":6,"column":18},"end":{"line":6,"column":null}},"3":{"start":{"line":8,"column":26},"end":{"line":8,"column":null}},"4":{"start":{"line":8,"column":32},"end":{"line":8,"column":null}},"5":{"start":{"line":9,"column":25},"end":{"line":9,"column":null}},"6":{"start":{"line":9,"column":31},"end":{"line":9,"column":null}},"7":{"start":{"line":41,"column":26},"end":{"line":43,"column":null}},"8":{"start":{"line":42,"column":4},"end":{"line":42,"column":null}},"9":{"start":{"line":45,"column":28},"end":{"line":49,"column":null}},"10":{"start":{"line":46,"column":23},"end":{"line":46,"column":null}},"11":{"start":{"line":47,"column":4},"end":{"line":47,"column":null}},"12":{"start":{"line":47,"column":36},"end":{"line":47,"column":null}},"13":{"start":{"line":48,"column":4},"end":{"line":48,"column":null}},"14":{"start":{"line":51,"column":26},"end":{"line":53,"column":null}},"15":{"start":{"line":52,"column":4},"end":{"line":52,"column":null}},"16":{"start":{"line":55,"column":25},"end":{"line":77,"column":null}},"17":{"start":{"line":56,"column":23},"end":{"line":56,"column":null}},"18":{"start":{"line":57,"column":4},"end":{"line":75,"column":null}},"19":{"start":{"line":59,"column":43},"end":{"line":66,"column":null}},"20":{"start":{"line":68,"column":20},"end":{"line":68,"column":null}},"21":{"start":{"line":69,"column":8},"end":{"line":71,"column":null}},"22":{"start":{"line":70,"column":12},"end":{"line":70,"column":null}},"23":{"start":{"line":73,"column":8},"end":{"line":73,"column":null}},"24":{"start":{"line":74,"column":8},"end":{"line":74,"column":null}},"25":{"start":{"line":76,"column":4},"end":{"line":76,"column":null}},"26":{"start":{"line":79,"column":25},"end":{"line":81,"column":null}},"27":{"start":{"line":80,"column":4},"end":{"line":80,"column":null}}},"fnMap":{"0":{"name":"(anonymous_0)","decl":{"start":{"line":8,"column":26},"end":{"line":8,"column":32}},"loc":{"start":{"line":8,"column":32},"end":{"line":8,"column":null}},"line":8},"1":{"name":"(anonymous_1)","decl":{"start":{"line":9,"column":25},"end":{"line":9,"column":31}},"loc":{"start":{"line":9,"column":31},"end":{"line":9,"column":null}},"line":9},"2":{"name":"(anonymous_2)","decl":{"start":{"line":41,"column":26},"end":{"line":41,"column":27}},"loc":{"start":{"line":41,"column":59},"end":{"line":43,"column":null}},"line":41},"3":{"name":"(anonymous_3)","decl":{"start":{"line":45,"column":28},"end":{"line":45,"column":29}},"loc":{"start":{"line":45,"column":70},"end":{"line":49,"column":null}},"line":45},"4":{"name":"(anonymous_4)","decl":{"start":{"line":51,"column":26},"end":{"line":51,"column":27}},"loc":{"start":{"line":51,"column":67},"end":{"line":53,"column":null}},"line":51},"5":{"name":"(anonymous_5)","decl":{"start":{"line":55,"column":25},"end":{"line":55,"column":26}},"loc":{"start":{"line":55,"column":63},"end":{"line":77,"column":null}},"line":55},"6":{"name":"(anonymous_6)","decl":{"start":{"line":79,"column":25},"end":{"line":79,"column":26}},"loc":{"start":{"line":79,"column":70},"end":{"line":81,"column":null}},"line":79}},"branchMap":{"0":{"loc":{"start":{"line":8,"column":32},"end":{"line":8,"column":null}},"type":"binary-expr","locations":[{"start":{"line":8,"column":32},"end":{"line":8,"column":59}},{"start":{"line":8,"column":59},"end":{"line":8,"column":null}}],"line":8},"1":{"loc":{"start":{"line":9,"column":31},"end":{"line":9,"column":null}},"type":"binary-expr","locations":[{"start":{"line":9,"column":31},"end":{"line":9,"column":57}},{"start":{"line":9,"column":57},"end":{"line":9,"column":null}}],"line":9},"2":{"loc":{"start":{"line":42,"column":38},"end":{"line":42,"column":66}},"type":"binary-expr","locations":[{"start":{"line":42,"column":38},"end":{"line":42,"column":52}},{"start":{"line":42,"column":52},"end":{"line":42,"column":66}}],"line":42},"3":{"loc":{"start":{"line":46,"column":23},"end":{"line":46,"column":null}},"type":"binary-expr","locations":[{"start":{"line":46,"column":23},"end":{"line":46,"column":37}},{"start":{"line":46,"column":37},"end":{"line":46,"column":null}}],"line":46},"4":{"loc":{"start":{"line":47,"column":4},"end":{"line":47,"column":null}},"type":"if","locations":[{"start":{"line":47,"column":4},"end":{"line":47,"column":null}},{"start":{},"end":{}}],"line":47},"5":{"loc":{"start":{"line":52,"column":21},"end":{"line":52,"column":49}},"type":"binary-expr","locations":[{"start":{"line":52,"column":21},"end":{"line":52,"column":35}},{"start":{"line":52,"column":35},"end":{"line":52,"column":49}}],"line":52},"6":{"loc":{"start":{"line":56,"column":23},"end":{"line":56,"column":null}},"type":"binary-expr","locations":[{"start":{"line":56,"column":23},"end":{"line":56,"column":37}},{"start":{"line":56,"column":37},"end":{"line":56,"column":null}}],"line":56},"7":{"loc":{"start":{"line":57,"column":4},"end":{"line":75,"column":null}},"type":"if","locations":[{"start":{"line":57,"column":4},"end":{"line":75,"column":null}},{"start":{},"end":{}}],"line":57},"8":{"loc":{"start":{"line":69,"column":8},"end":{"line":71,"column":null}},"type":"if","locations":[{"start":{"line":69,"column":8},"end":{"line":71,"column":null}},{"start":{},"end":{}}],"line":69},"9":{"loc":{"start":{"line":80,"column":21},"end":{"line":80,"column":48}},"type":"binary-expr","locations":[{"start":{"line":80,"column":21},"end":{"line":80,"column":35}},{"start":{"line":80,"column":35},"end":{"line":80,"column":48}}],"line":80}},"s":{"0":3,"1":3,"2":3,"3":3,"4":36,"5":3,"6":10,"7":3,"8":19,"9":3,"10":3,"11":3,"12":2,"13":1,"14":3,"15":4,"16":3,"17":11,"18":11,"19":2,"20":2,"21":2,"22":0,"23":2,"24":2,"25":9,"26":3,"27":3},"f":{"0":36,"1":10,"2":19,"3":3,"4":4,"5":11,"6":3},"b":{"0":[36,36],"1":[10,10],"2":[19,18],"3":[3,1],"4":[2,1],"5":[4,3],"6":[11,8],"7":[2,9],"8":[0,2],"9":[3,2]},"meta":{"lastBranch":10,"lastFunction":7,"lastStatement":28,"seen":{"s:3:30:3:Infinity":0,"s:5:19:5:Infinity":1,"s:6:18:6:Infinity":2,"s:8:26:8:Infinity":3,"f:8:26:8:32":0,"s:8:32:8:Infinity":4,"b:8:32:8:59:8:59:8:Infinity":0,"s:9:25:9:Infinity":5,"f:9:25:9:31":1,"s:9:31:9:Infinity":6,"b:9:31:9:57:9:57:9:Infinity":1,"s:41:26:43:Infinity":7,"f:41:26:41:27":2,"s:42:4:42:Infinity":8,"b:42:38:42:52:42:52:42:66":2,"s:45:28:49:Infinity":9,"f:45:28:45:29":3,"s:46:23:46:Infinity":10,"b:46:23:46:37:46:37:46:Infinity":3,"b:47:4:47:Infinity:undefined:undefined:undefined:undefined":4,"s:47:4:47:Infinity":11,"s:47:36:47:Infinity":12,"s:48:4:48:Infinity":13,"s:51:26:53:Infinity":14,"f:51:26:51:27":4,"s:52:4:52:Infinity":15,"b:52:21:52:35:52:35:52:49":5,"s:55:25:77:Infinity":16,"f:55:25:55:26":5,"s:56:23:56:Infinity":17,"b:56:23:56:37:56:37:56:Infinity":6,"b:57:4:75:Infinity:undefined:undefined:undefined:undefined":7,"s:57:4:75:Infinity":18,"s:59:43:66:Infinity":19,"s:68:20:68:Infinity":20,"b:69:8:71:Infinity:undefined:undefined:undefined:undefined":8,"s:69:8:71:Infinity":21,"s:70:12:70:Infinity":22,"s:73:8:73:Infinity":23,"s:74:8:74:Infinity":24,"s:76:4:76:Infinity":25,"s:79:25:81:Infinity":26,"f:79:25:79:26":6,"s:80:4:80:Infinity":27,"b:80:21:80:35:80:35:80:48":9}}}
,"/home/mlapointe/secure/git/freebsdguy/server/lib/posts.ts": {"path":"/home/mlapointe/secure/git/freebsdguy/server/lib/posts.ts","statementMap":{"0":{"start":{"line":18,"column":24},"end":{"line":48,"column":null}},"1":{"start":{"line":19,"column":4},"end":{"line":21,"column":null}},"2":{"start":{"line":20,"column":8},"end":{"line":20,"column":null}},"3":{"start":{"line":23,"column":18},"end":{"line":23,"column":null}},"4":{"start":{"line":24,"column":18},"end":{"line":45,"column":null}},"5":{"start":{"line":24,"column":36},"end":{"line":24,"column":53}},"6":{"start":{"line":25,"column":8},"end":{"line":44,"column":null}},"7":{"start":{"line":26,"column":28},"end":{"line":26,"column":null}},"8":{"start":{"line":27,"column":45},"end":{"line":27,"column":null}},"9":{"start":{"line":28,"column":12},"end":{"line":34,"column":null}},"10":{"start":{"line":36,"column":12},"end":{"line":36,"column":null}},"11":{"start":{"line":37,"column":12},"end":{"line":43,"column":null}},"12":{"start":{"line":47,"column":4},"end":{"line":47,"column":null}},"13":{"start":{"line":47,"column":32},"end":{"line":47,"column":87}},"14":{"start":{"line":50,"column":23},"end":{"line":79,"column":null}},"15":{"start":{"line":51,"column":21},"end":{"line":51,"column":null}},"16":{"start":{"line":52,"column":4},"end":{"line":54,"column":null}},"17":{"start":{"line":53,"column":8},"end":{"line":53,"column":null}},"18":{"start":{"line":56,"column":20},"end":{"line":56,"column":null}},"19":{"start":{"line":57,"column":4},"end":{"line":78,"column":null}},"20":{"start":{"line":58,"column":14},"end":{"line":58,"column":null}},"21":{"start":{"line":59,"column":8},"end":{"line":67,"column":null}},"22":{"start":{"line":69,"column":8},"end":{"line":69,"column":null}},"23":{"start":{"line":70,"column":8},"end":{"line":77,"column":null}},"24":{"start":{"line":81,"column":24},"end":{"line":102,"column":null}},"25":{"start":{"line":82,"column":4},"end":{"line":84,"column":null}},"26":{"start":{"line":83,"column":8},"end":{"line":83,"column":null}},"27":{"start":{"line":86,"column":24},"end":{"line":91,"column":null}},"28":{"start":{"line":93,"column":4},"end":{"line":101,"column":null}},"29":{"start":{"line":94,"column":28},"end":{"line":94,"column":null}},"30":{"start":{"line":95,"column":8},"end":{"line":95,"column":null}},"31":{"start":{"line":97,"column":8},"end":{"line":97,"column":null}},"32":{"start":{"line":99,"column":30},"end":{"line":99,"column":null}},"33":{"start":{"line":100,"column":8},"end":{"line":100,"column":null}}},"fnMap":{"0":{"name":"(anonymous_0)","decl":{"start":{"line":18,"column":24},"end":{"line":18,"column":25}},"loc":{"start":{"line":18,"column":62},"end":{"line":48,"column":null}},"line":18},"1":{"name":"(anonymous_1)","decl":{"start":{"line":24,"column":31},"end":{"line":24,"column":36}},"loc":{"start":{"line":24,"column":36},"end":{"line":24,"column":53}},"line":24},"2":{"name":"(anonymous_2)","decl":{"start":{"line":24,"column":59},"end":{"line":24,"column":71}},"loc":{"start":{"line":24,"column":71},"end":{"line":45,"column":5}},"line":24},"3":{"name":"(anonymous_3)","decl":{"start":{"line":47,"column":22},"end":{"line":47,"column":23}},"loc":{"start":{"line":47,"column":32},"end":{"line":47,"column":87}},"line":47},"4":{"name":"(anonymous_4)","decl":{"start":{"line":50,"column":23},"end":{"line":50,"column":24}},"loc":{"start":{"line":50,"column":72},"end":{"line":79,"column":null}},"line":50},"5":{"name":"(anonymous_5)","decl":{"start":{"line":81,"column":24},"end":{"line":81,"column":25}},"loc":{"start":{"line":81,"column":125},"end":{"line":102,"column":null}},"line":81}},"branchMap":{"0":{"loc":{"start":{"line":19,"column":4},"end":{"line":21,"column":null}},"type":"if","locations":[{"start":{"line":19,"column":4},"end":{"line":21,"column":null}},{"start":{},"end":{}}],"line":19},"1":{"loc":{"start":{"line":30,"column":23},"end":{"line":30,"column":null}},"type":"binary-expr","locations":[{"start":{"line":30,"column":23},"end":{"line":30,"column":37}},{"start":{"line":30,"column":37},"end":{"line":30,"column":null}}],"line":30},"2":{"loc":{"start":{"line":31,"column":25},"end":{"line":31,"column":null}},"type":"binary-expr","locations":[{"start":{"line":31,"column":25},"end":{"line":31,"column":41}},{"start":{"line":31,"column":41},"end":{"line":31,"column":null}}],"line":31},"3":{"loc":{"start":{"line":32,"column":22},"end":{"line":32,"column":null}},"type":"binary-expr","locations":[{"start":{"line":32,"column":22},"end":{"line":32,"column":35}},{"start":{"line":32,"column":35},"end":{"line":32,"column":null}}],"line":32},"4":{"loc":{"start":{"line":52,"column":4},"end":{"line":54,"column":null}},"type":"if","locations":[{"start":{"line":52,"column":4},"end":{"line":54,"column":null}},{"start":{},"end":{}}],"line":52},"5":{"loc":{"start":{"line":60,"column":19},"end":{"line":60,"column":null}},"type":"binary-expr","locations":[{"start":{"line":60,"column":19},"end":{"line":60,"column":40}},{"start":{"line":60,"column":40},"end":{"line":60,"column":null}}],"line":60},"6":{"loc":{"start":{"line":63,"column":21},"end":{"line":63,"column":null}},"type":"binary-expr","locations":[{"start":{"line":63,"column":21},"end":{"line":63,"column":44}},{"start":{"line":63,"column":44},"end":{"line":63,"column":null}}],"line":63},"7":{"loc":{"start":{"line":64,"column":18},"end":{"line":64,"column":null}},"type":"binary-expr","locations":[{"start":{"line":64,"column":18},"end":{"line":64,"column":38}},{"start":{"line":64,"column":38},"end":{"line":64,"column":null}}],"line":64},"8":{"loc":{"start":{"line":65,"column":20},"end":{"line":65,"column":null}},"type":"binary-expr","locations":[{"start":{"line":65,"column":20},"end":{"line":65,"column":42}},{"start":{"line":65,"column":42},"end":{"line":65,"column":null}}],"line":65},"9":{"loc":{"start":{"line":73,"column":78},"end":{"line":73,"column":132}},"type":"cond-expr","locations":[{"start":{"line":73,"column":103},"end":{"line":73,"column":119}},{"start":{"line":73,"column":119},"end":{"line":73,"column":132}}],"line":73},"10":{"loc":{"start":{"line":82,"column":4},"end":{"line":84,"column":null}},"type":"if","locations":[{"start":{"line":82,"column":4},"end":{"line":84,"column":null}},{"start":{},"end":{}}],"line":82},"11":{"loc":{"start":{"line":87,"column":22},"end":{"line":87,"column":38}},"type":"binary-expr","locations":[{"start":{"line":87,"column":22},"end":{"line":87,"column":36}},{"start":{"line":87,"column":36},"end":{"line":87,"column":38}}],"line":87},"12":{"loc":{"start":{"line":88,"column":24},"end":{"line":88,"column":42}},"type":"binary-expr","locations":[{"start":{"line":88,"column":24},"end":{"line":88,"column":40}},{"start":{"line":88,"column":40},"end":{"line":88,"column":42}}],"line":88},"13":{"loc":{"start":{"line":89,"column":21},"end":{"line":89,"column":58}},"type":"binary-expr","locations":[{"start":{"line":89,"column":21},"end":{"line":89,"column":34}},{"start":{"line":89,"column":26},"end":{"line":89,"column":58}}],"line":89},"14":{"loc":{"start":{"line":90,"column":23},"end":{"line":90,"column":40}},"type":"binary-expr","locations":[{"start":{"line":90,"column":23},"end":{"line":90,"column":38}},{"start":{"line":90,"column":38},"end":{"line":90,"column":40}}],"line":90}},"s":{"0":2,"1":4,"2":1,"3":3,"4":3,"5":10,"6":9,"7":9,"8":9,"9":9,"10":1,"11":1,"12":3,"13":11,"14":2,"15":7,"16":7,"17":2,"18":5,"19":5,"20":5,"21":5,"22":0,"23":0,"24":2,"25":9,"26":1,"27":9,"28":9,"29":9,"30":9,"31":0,"32":0,"33":0},"f":{"0":4,"1":10,"2":9,"3":11,"4":7,"5":9},"b":{"0":[1,3],"1":[9,0],"2":[9,2],"3":[9,0],"4":[2,5],"5":[5,1],"6":[7,1],"7":[7,1],"8":[7,1],"9":[0,0],"10":[1,8],"11":[9,1],"12":[9,4],"13":[9,5],"14":[9,0]},"meta":{"lastBranch":15,"lastFunction":6,"lastStatement":34,"seen":{"s:18:24:48:Infinity":0,"f:18:24:18:25":0,"b:19:4:21:Infinity:undefined:undefined:undefined:undefined":0,"s:19:4:21:Infinity":1,"s:20:8:20:Infinity":2,"s:23:18:23:Infinity":3,"s:24:18:45:Infinity":4,"f:24:31:24:36":1,"s:24:36:24:53":5,"f:24:59:24:71":2,"s:25:8:44:Infinity":6,"s:26:28:26:Infinity":7,"s:27:45:27:Infinity":8,"s:28:12:34:Infinity":9,"b:30:23:30:37:30:37:30:Infinity":1,"b:31:25:31:41:31:41:31:Infinity":2,"b:32:22:32:35:32:35:32:Infinity":3,"s:36:12:36:Infinity":10,"s:37:12:43:Infinity":11,"s:47:4:47:Infinity":12,"f:47:22:47:23":3,"s:47:32:47:87":13,"s:50:23:79:Infinity":14,"f:50:23:50:24":4,"s:51:21:51:Infinity":15,"b:52:4:54:Infinity:undefined:undefined:undefined:undefined":4,"s:52:4:54:Infinity":16,"s:53:8:53:Infinity":17,"s:56:20:56:Infinity":18,"s:57:4:78:Infinity":19,"s:58:14:58:Infinity":20,"s:59:8:67:Infinity":21,"b:60:19:60:40:60:40:60:Infinity":5,"b:63:21:63:44:63:44:63:Infinity":6,"b:64:18:64:38:64:38:64:Infinity":7,"b:65:20:65:42:65:42:65:Infinity":8,"s:69:8:69:Infinity":22,"s:70:8:77:Infinity":23,"b:73:103:73:119:73:119:73:132":9,"s:81:24:102:Infinity":24,"f:81:24:81:25":5,"b:82:4:84:Infinity:undefined:undefined:undefined:undefined":10,"s:82:4:84:Infinity":25,"s:83:8:83:Infinity":26,"s:86:24:91:Infinity":27,"b:87:22:87:36:87:36:87:38":11,"b:88:24:88:40:88:40:88:42":12,"b:89:21:89:34:89:26:89:58":13,"b:90:23:90:38:90:38:90:40":14,"s:93:4:101:Infinity":28,"s:94:28:94:Infinity":29,"s:95:8:95:Infinity":30,"s:97:8:97:Infinity":31,"s:99:30:99:Infinity":32,"s:100:8:100:Infinity":33}}}
,"/home/mlapointe/secure/git/freebsdguy/src/App.tsx": {"path":"/home/mlapointe/secure/git/freebsdguy/src/App.tsx","statementMap":{"0":{"start":{"line":10,"column":12},"end":{"line":12,"column":null}},"1":{"start":{"line":15,"column":0},"end":{"line":21,"column":null}},"2":{"start":{"line":16,"column":18},"end":{"line":16,"column":null}},"3":{"start":{"line":17,"column":4},"end":{"line":19,"column":null}},"4":{"start":{"line":18,"column":8},"end":{"line":18,"column":null}},"5":{"start":{"line":20,"column":4},"end":{"line":20,"column":null}},"6":{"start":{"line":24,"column":19},"end":{"line":36,"column":null}},"7":{"start":{"line":25,"column":4},"end":{"line":35,"column":null}},"8":{"start":{"line":26,"column":20},"end":{"line":26,"column":null}},"9":{"start":{"line":27,"column":25},"end":{"line":27,"column":null}},"10":{"start":{"line":28,"column":26},"end":{"line":28,"column":null}},"11":{"start":{"line":29,"column":21},"end":{"line":29,"column":null}},"12":{"start":{"line":30,"column":8},"end":{"line":32,"column":null}},"13":{"start":{"line":31,"column":12},"end":{"line":31,"column":null}},"14":{"start":{"line":34,"column":8},"end":{"line":34,"column":null}},"15":{"start":{"line":38,"column":15},"end":{"line":104,"column":null}},"16":{"start":{"line":39,"column":26},"end":{"line":39,"column":null}},"17":{"start":{"line":40,"column":4},"end":{"line":50,"column":null}},"18":{"start":{"line":42,"column":8},"end":{"line":49,"column":null}},"19":{"start":{"line":43,"column":33},"end":{"line":43,"column":null}},"20":{"start":{"line":44,"column":12},"end":{"line":44,"column":null}},"21":{"start":{"line":45,"column":12},"end":{"line":45,"column":null}},"22":{"start":{"line":48,"column":12},"end":{"line":48,"column":null}},"23":{"start":{"line":52,"column":24},"end":{"line":61,"column":null}},"24":{"start":{"line":53,"column":25},"end":{"line":53,"column":null}},"25":{"start":{"line":54,"column":8},"end":{"line":60,"column":null}},"26":{"start":{"line":55,"column":12},"end":{"line":55,"column":null}},"27":{"start":{"line":56,"column":12},"end":{"line":56,"column":null}},"28":{"start":{"line":57,"column":12},"end":{"line":57,"column":null}},"29":{"start":{"line":59,"column":12},"end":{"line":59,"column":null}},"30":{"start":{"line":62,"column":10},"end":{"line":62,"column":null}},"31":{"start":{"line":63,"column":25},"end":{"line":69,"column":null}},"32":{"start":{"line":64,"column":8},"end":{"line":64,"column":null}},"33":{"start":{"line":65,"column":8},"end":{"line":65,"column":null}},"34":{"start":{"line":66,"column":8},"end":{"line":66,"column":null}},"35":{"start":{"line":67,"column":8},"end":{"line":67,"column":null}},"36":{"start":{"line":68,"column":8},"end":{"line":68,"column":null}},"37":{"start":{"line":71,"column":22},"end":{"line":71,"column":null}},"38":{"start":{"line":72,"column":22},"end":{"line":72,"column":null}},"39":{"start":{"line":73,"column":22},"end":{"line":73,"column":null}},"40":{"start":{"line":75,"column":4},"end":{"line":102,"column":null}},"41":{"start":{"line":106,"column":13},"end":{"line":149,"column":null}},"42":{"start":{"line":107,"column":26},"end":{"line":107,"column":null}},"43":{"start":{"line":108,"column":28},"end":{"line":108,"column":null}},"44":{"start":{"line":110,"column":4},"end":{"line":112,"column":null}},"45":{"start":{"line":111,"column":8},"end":{"line":111,"column":null}},"46":{"start":{"line":111,"column":38},"end":{"line":111,"column":56}},"47":{"start":{"line":114,"column":26},"end":{"line":117,"column":null}},"48":{"start":{"line":115,"column":8},"end":{"line":116,"column":null}},"49":{"start":{"line":119,"column":4},"end":{"line":147,"column":null}},"50":{"start":{"line":128,"column":37},"end":{"line":128,"column":null}},"51":{"start":{"line":133,"column":20},"end":{"line":144,"column":null}},"52":{"start":{"line":151,"column":19},"end":{"line":178,"column":null}},"53":{"start":{"line":152,"column":17},"end":{"line":152,"column":null}},"54":{"start":{"line":153,"column":24},"end":{"line":153,"column":null}},"55":{"start":{"line":155,"column":4},"end":{"line":157,"column":null}},"56":{"start":{"line":156,"column":8},"end":{"line":156,"column":null}},"57":{"start":{"line":156,"column":46},"end":{"line":156,"column":63}},"58":{"start":{"line":159,"column":4},"end":{"line":159,"column":null}},"59":{"start":{"line":159,"column":15},"end":{"line":159,"column":null}},"60":{"start":{"line":161,"column":4},"end":{"line":176,"column":null}},"61":{"start":{"line":180,"column":14},"end":{"line":231,"column":null}},"62":{"start":{"line":181,"column":32},"end":{"line":181,"column":null}},"63":{"start":{"line":182,"column":32},"end":{"line":182,"column":null}},"64":{"start":{"line":183,"column":26},"end":{"line":183,"column":null}},"65":{"start":{"line":184,"column":10},"end":{"line":184,"column":null}},"66":{"start":{"line":186,"column":25},"end":{"line":198,"column":null}},"67":{"start":{"line":187,"column":8},"end":{"line":187,"column":null}},"68":{"start":{"line":188,"column":8},"end":{"line":197,"column":null}},"69":{"start":{"line":189,"column":24},"end":{"line":189,"column":null}},"70":{"start":{"line":190,"column":12},"end":{"line":190,"column":null}},"71":{"start":{"line":191,"column":12},"end":{"line":191,"column":null}},"72":{"start":{"line":192,"column":12},"end":{"line":192,"column":null}},"73":{"start":{"line":193,"column":12},"end":{"line":193,"column":null}},"74":{"start":{"line":194,"column":12},"end":{"line":194,"column":null}},"75":{"start":{"line":196,"column":12},"end":{"line":196,"column":null}},"76":{"start":{"line":200,"column":4},"end":{"line":229,"column":null}},"77":{"start":{"line":211,"column":41},"end":{"line":211,"column":null}},"78":{"start":{"line":221,"column":41},"end":{"line":221,"column":null}},"79":{"start":{"line":233,"column":14},"end":{"line":261,"column":null}},"80":{"start":{"line":234,"column":4},"end":{"line":234,"column":null}},"81":{"start":{"line":234,"column":17},"end":{"line":234,"column":null}},"82":{"start":{"line":235,"column":4},"end":{"line":259,"column":null}},"83":{"start":{"line":263,"column":14},"end":{"line":750,"column":null}},"84":{"start":{"line":264,"column":34},"end":{"line":264,"column":null}},"85":{"start":{"line":265,"column":26},"end":{"line":265,"column":null}},"86":{"start":{"line":266,"column":26},"end":{"line":266,"column":null}},"87":{"start":{"line":267,"column":28},"end":{"line":267,"column":null}},"88":{"start":{"line":268,"column":28},"end":{"line":268,"column":null}},"89":{"start":{"line":269,"column":28},"end":{"line":276,"column":null}},"90":{"start":{"line":277,"column":38},"end":{"line":277,"column":null}},"91":{"start":{"line":278,"column":42},"end":{"line":278,"column":null}},"92":{"start":{"line":279,"column":40},"end":{"line":279,"column":null}},"93":{"start":{"line":280,"column":38},"end":{"line":286,"column":null}},"94":{"start":{"line":288,"column":4},"end":{"line":292,"column":null}},"95":{"start":{"line":289,"column":8},"end":{"line":291,"column":null}},"96":{"start":{"line":290,"column":12},"end":{"line":290,"column":null}},"97":{"start":{"line":294,"column":4},"end":{"line":302,"column":null}},"98":{"start":{"line":295,"column":8},"end":{"line":299,"column":null}},"99":{"start":{"line":296,"column":12},"end":{"line":296,"column":null}},"100":{"start":{"line":297,"column":12},"end":{"line":297,"column":null}},"101":{"start":{"line":298,"column":12},"end":{"line":298,"column":null}},"102":{"start":{"line":300,"column":8},"end":{"line":300,"column":null}},"103":{"start":{"line":301,"column":8},"end":{"line":301,"column":null}},"104":{"start":{"line":304,"column":23},"end":{"line":304,"column":null}},"105":{"start":{"line":304,"column":29},"end":{"line":304,"column":null}},"106":{"start":{"line":304,"column":65},"end":{"line":304,"column":83}},"107":{"start":{"line":305,"column":23},"end":{"line":305,"column":null}},"108":{"start":{"line":305,"column":29},"end":{"line":305,"column":null}},"109":{"start":{"line":305,"column":59},"end":{"line":305,"column":77}},"110":{"start":{"line":306,"column":24},"end":{"line":306,"column":null}},"111":{"start":{"line":306,"column":30},"end":{"line":306,"column":null}},"112":{"start":{"line":306,"column":67},"end":{"line":306,"column":86}},"113":{"start":{"line":307,"column":24},"end":{"line":307,"column":null}},"114":{"start":{"line":307,"column":30},"end":{"line":307,"column":null}},"115":{"start":{"line":307,"column":67},"end":{"line":307,"column":86}},"116":{"start":{"line":308,"column":24},"end":{"line":308,"column":null}},"117":{"start":{"line":308,"column":30},"end":{"line":308,"column":null}},"118":{"start":{"line":308,"column":61},"end":{"line":308,"column":80}},"119":{"start":{"line":310,"column":29},"end":{"line":315,"column":null}},"120":{"start":{"line":311,"column":8},"end":{"line":314,"column":null}},"121":{"start":{"line":312,"column":12},"end":{"line":312,"column":null}},"122":{"start":{"line":313,"column":12},"end":{"line":313,"column":null}},"123":{"start":{"line":317,"column":28},"end":{"line":323,"column":null}},"124":{"start":{"line":318,"column":8},"end":{"line":318,"column":null}},"125":{"start":{"line":318,"column":27},"end":{"line":318,"column":null}},"126":{"start":{"line":319,"column":8},"end":{"line":322,"column":null}},"127":{"start":{"line":320,"column":12},"end":{"line":320,"column":null}},"128":{"start":{"line":321,"column":12},"end":{"line":321,"column":null}},"129":{"start":{"line":325,"column":29},"end":{"line":329,"column":null}},"130":{"start":{"line":326,"column":8},"end":{"line":328,"column":null}},"131":{"start":{"line":327,"column":12},"end":{"line":327,"column":null}},"132":{"start":{"line":331,"column":29},"end":{"line":335,"column":null}},"133":{"start":{"line":332,"column":8},"end":{"line":334,"column":null}},"134":{"start":{"line":333,"column":12},"end":{"line":333,"column":null}},"135":{"start":{"line":337,"column":27},"end":{"line":343,"column":null}},"136":{"start":{"line":338,"column":8},"end":{"line":338,"column":null}},"137":{"start":{"line":339,"column":8},"end":{"line":342,"column":null}},"138":{"start":{"line":340,"column":12},"end":{"line":340,"column":null}},"139":{"start":{"line":341,"column":12},"end":{"line":341,"column":null}},"140":{"start":{"line":345,"column":29},"end":{"line":353,"column":null}},"141":{"start":{"line":346,"column":21},"end":{"line":346,"column":null}},"142":{"start":{"line":347,"column":8},"end":{"line":347,"column":null}},"143":{"start":{"line":347,"column":19},"end":{"line":347,"column":null}},"144":{"start":{"line":348,"column":25},"end":{"line":348,"column":null}},"145":{"start":{"line":349,"column":8},"end":{"line":349,"column":null}},"146":{"start":{"line":350,"column":8},"end":{"line":352,"column":null}},"147":{"start":{"line":351,"column":12},"end":{"line":351,"column":null}},"148":{"start":{"line":355,"column":32},"end":{"line":367,"column":null}},"149":{"start":{"line":356,"column":8},"end":{"line":356,"column":null}},"150":{"start":{"line":356,"column":50},"end":{"line":356,"column":null}},"151":{"start":{"line":357,"column":8},"end":{"line":357,"column":null}},"152":{"start":{"line":358,"column":8},"end":{"line":366,"column":null}},"153":{"start":{"line":359,"column":24},"end":{"line":359,"column":null}},"154":{"start":{"line":360,"column":12},"end":{"line":360,"column":null}},"155":{"start":{"line":362,"column":12},"end":{"line":362,"column":null}},"156":{"start":{"line":363,"column":12},"end":{"line":363,"column":null}},"157":{"start":{"line":365,"column":12},"end":{"line":365,"column":null}},"158":{"start":{"line":369,"column":4},"end":{"line":369,"column":null}},"159":{"start":{"line":369,"column":73},"end":{"line":369,"column":null}},"160":{"start":{"line":371,"column":22},"end":{"line":378,"column":null}},"161":{"start":{"line":372,"column":8},"end":{"line":378,"column":null}},"162":{"start":{"line":373,"column":27},"end":{"line":373,"column":null}},"163":{"start":{"line":381,"column":4},"end":{"line":748,"column":null}},"164":{"start":{"line":405,"column":47},"end":{"line":405,"column":null}},"165":{"start":{"line":418,"column":80},"end":{"line":418,"column":null}},"166":{"start":{"line":424,"column":81},"end":{"line":424,"column":null}},"167":{"start":{"line":443,"column":83},"end":{"line":443,"column":null}},"168":{"start":{"line":450,"column":59},"end":{"line":450,"column":null}},"169":{"start":{"line":490,"column":73},"end":{"line":490,"column":95}},"170":{"start":{"line":496,"column":36},"end":{"line":513,"column":null}},"171":{"start":{"line":503,"column":48},"end":{"line":503,"column":null}},"172":{"start":{"line":503,"column":91},"end":{"line":50
[...]
e":295,"column":12},"end":{"line":295,"column":43}},"type":"binary-expr","locations":[{"start":{"line":295,"column":12},"end":{"line":295,"column":20}},{"start":{"line":295,"column":20},"end":{"line":295,"column":43}}],"line":295},"16":{"loc":{"start":{"line":318,"column":8},"end":{"line":318,"column":null}},"type":"if","locations":[{"start":{"line":318,"column":8},"end":{"line":318,"column":null}},{"start":{},"end":{}}],"line":318},"17":{"loc":{"start":{"line":347,"column":8},"end":{"line":347,"column":null}},"type":"if","locations":[{"start":{"line":347,"column":8},"end":{"line":347,"column":null}},{"start":{},"end":{}}],"line":347},"18":{"loc":{"start":{"line":356,"column":8},"end":{"line":356,"column":null}},"type":"if","locations":[{"start":{"line":356,"column":8},"end":{"line":356,"column":null}},{"start":{},"end":{}}],"line":356},"19":{"loc":{"start":{"line":356,"column":12},"end":{"line":356,"column":50}},"type":"binary-expr","locations":[{"start":{"line":356,"column":12},"end":{"line":356,"column":28}},{"start":{"line":356,"column":28},"end":{"line":356,"column":50}}],"line":356},"20":{"loc":{"start":{"line":369,"column":4},"end":{"line":369,"column":null}},"type":"if","locations":[{"start":{"line":369,"column":4},"end":{"line":369,"column":null}},{"start":{},"end":{}}],"line":369},"21":{"loc":{"start":{"line":369,"column":8},"end":{"line":369,"column":73}},"type":"binary-expr","locations":[{"start":{"line":369,"column":8},"end":{"line":369,"column":18}},{"start":{"line":369,"column":18},"end":{"line":369,"column":43}},{"start":{"line":369,"column":43},"end":{"line":369,"column":73}}],"line":369},"22":{"loc":{"start":{"line":374,"column":76},"end":{"line":374,"column":157}},"type":"cond-expr","locations":[{"start":{"line":374,"column":95},"end":{"line":374,"column":120}},{"start":{"line":374,"column":120},"end":{"line":374,"column":157}}],"line":374},"23":{"loc":{"start":{"line":389,"column":17},"end":{"line":394,"column":null}},"type":"binary-expr","locations":[{"start":{"line":389,"column":17},"end":{"line":389,"column":null}},{"start":{"line":390,"column":20},"end":{"line":394,"column":null}}],"line":389},"24":{"loc":{"start":{"line":400,"column":17},"end":{"line":517,"column":null}},"type":"binary-expr","locations":[{"start":{"line":400,"column":17},"end":{"line":400,"column":null}},{"start":{"line":401,"column":20},"end":{"line":517,"column":null}}],"line":400},"25":{"loc":{"start":{"line":412,"column":25},"end":{"line":515,"column":null}},"type":"cond-expr","locations":[{"start":{"line":413,"column":28},"end":{"line":492,"column":null}},{"start":{"line":494,"column":28},"end":{"line":515,"column":null}}],"line":412},"26":{"loc":{"start":{"line":435,"column":54},"end":{"line":435,"column":null}},"type":"binary-expr","locations":[{"start":{"line":435,"column":54},"end":{"line":435,"column":71}},{"start":{"line":435,"column":71},"end":{"line":435,"column":null}}],"line":435},"27":{"loc":{"start":{"line":437,"column":68},"end":{"line":437,"column":null}},"type":"cond-expr","locations":[{"start":{"line":437,"column":84},"end":{"line":437,"column":103}},{"start":{"line":437,"column":103},"end":{"line":437,"column":null}}],"line":437},"28":{"loc":{"start":{"line":451,"column":47},"end":{"line":451,"column":null}},"type":"cond-expr","locations":[{"start":{"line":451,"column":119},"end":{"line":451,"column":129}},{"start":{"line":451,"column":129},"end":{"line":451,"column":null}}],"line":451},"29":{"loc":{"start":{"line":507,"column":45},"end":{"line":510,"column":null}},"type":"binary-expr","locations":[{"start":{"line":507,"column":45},"end":{"line":507,"column":null}},{"start":{"line":508,"column":48},"end":{"line":510,"column":null}}],"line":507},"30":{"loc":{"start":{"line":520,"column":17},"end":{"line":572,"column":null}},"type":"binary-expr","locations":[{"start":{"line":520,"column":17},"end":{"line":520,"column":null}},{"start":{"line":521,"column":20},"end":{"line":572,"column":null}}],"line":520},"31":{"loc":{"start":{"line":529,"column":89},"end":{"line":529,"column":217}},"type":"cond-expr","locations":[{"start":{"line":529,"column":117},"end":{"line":529,"column":159}},{"start":{"line":529,"column":159},"end":{"line":529,"column":217}}],"line":529},"32":{"loc":{"start":{"line":575,"column":17},"end":{"line":635,"column":null}},"type":"binary-expr","locations":[{"start":{"line":575,"column":17},"end":{"line":575,"column":null}},{"start":{"line":576,"column":20},"end":{"line":635,"column":null}}],"line":575},"33":{"loc":{"start":{"line":638,"column":17},"end":{"line":694,"column":null}},"type":"binary-expr","locations":[{"start":{"line":638,"column":17},"end":{"line":638,"column":null}},{"start":{"line":639,"column":20},"end":{"line":694,"column":null}}],"line":638},"34":{"loc":{"start":{"line":656,"column":37},"end":{"line":659,"column":null}},"type":"binary-expr","locations":[{"start":{"line":656,"column":37},"end":{"line":656,"column":null}},{"start":{"line":657,"column":40},"end":{"line":659,"column":null}}],"line":656},"35":{"loc":{"start":{"line":697,"column":17},"end":{"line":745,"column":null}},"type":"binary-expr","locations":[{"start":{"line":697,"column":17},"end":{"line":697,"column":null}},{"start":{"line":698,"column":20},"end":{"line":745,"column":null}}],"line":697},"36":{"loc":{"start":{"line":724,"column":45},"end":{"line":737,"column":null}},"type":"binary-expr","locations":[{"start":{"line":724,"column":45},"end":{"line":724,"column":null}},{"start":{"line":725,"column":48},"end":{"line":737,"column":null}}],"line":724},"37":{"loc":{"start":{"line":744,"column":25},"end":{"line":744,"column":null}},"type":"binary-expr","locations":[{"start":{"line":744,"column":25},"end":{"line":744,"column":48}},{"start":{"line":744,"column":48},"end":{"line":744,"column":null}}],"line":744},"38":{"loc":{"start":{"line":759,"column":12},"end":{"line":762,"column":null}},"type":"if","locations":[{"start":{"line":759,"column":12},"end":{"line":762,"column":null}},{"start":{},"end":{}}],"line":759},"39":{"loc":{"start":{"line":767,"column":8},"end":{"line":769,"column":null}},"type":"if","locations":[{"start":{"line":767,"column":8},"end":{"line":769,"column":null}},{"start":{},"end":{}}],"line":767},"40":{"loc":{"start":{"line":780,"column":32},"end":{"line":780,"column":47}},"type":"default-arg","locations":[{"start":{"line":780,"column":40},"end":{"line":780,"column":47}}],"line":780},"41":{"loc":{"start":{"line":790,"column":45},"end":{"line":790,"column":60}},"type":"default-arg","locations":[{"start":{"line":790,"column":53},"end":{"line":790,"column":60}}],"line":790}},"s":{"0":0,"1":0,"2":0,"3":0,"4":0,"5":0,"6":0,"7":0,"8":0,"9":0,"10":0,"11":0,"12":0,"13":0,"14":0,"15":0,"16":0,"17":0,"18":0,"19":0,"20":0,"21":0,"22":0,"23":0,"24":0,"25":0,"26":0,"27":0,"28":0,"29":0,"30":0,"31":0,"32":0,"33":0,"34":0,"35":0,"36":0,"37":0,"38":0,"39":0,"40":0,"41":0,"42":0,"43":0,"44":0,"45":0,"46":0,"47":0,"48":0,"49":0,"50":0,"51":0,"52":0,"53":0,"54":0,"55":0,"56":0,"57":0,"58":0,"59":0,"60":0,"61":0,"62":0,"63":0,"64":0,"65":0,"66":0,"67":0,"68":0,"69":0,"70":0,"71":0,"72":0,"73":0,"74":0,"75":0,"76":0,"77":0,"78":0,"79":0,"80":0,"81":0,"82":0,"83":0,"84":0,"85":0,"86":0,"87":0,"88":0,"89":0,"90":0,"91":0,"92":0,"93":0,"94":0,"95":0,"96":0,"97":0,"98":0,"99":0,"100":0,"101":0,"102":0,"103":0,"104":0,"105":0,"106":0,"107":0,"108":0,"109":0,"110":0,"111":0,"112":0,"113":0,"114":0,"115":0,"116":0,"117":0,"118":0,"119":0,"120":0,"121":0,"122":0,"123":0,"124":0,"125":0,"126":0,"127":0,"128":0,"129":0,"130":0,"131":0,"132":0,"133":0,"134":0,"135":0,"136":0,"137":0,"138":0,"139":0,"140":0,"141":0,"142":0,"143":0,"144":0,"145":0,"146":0,"147":0,"148":0,"149":0,"150":0,"151":0,"152":0,"153":0,"154":0,"155":0,"156":0,"157":0,"158":0,"159":0,"160":0,"161":0,"162":0,"163":0,"164":0,"165":0,"166":0,"167":0,"168":0,"169":0,"170":0,"171":0,"172":0,"173":0,"174":0,"175":0,"176":0,"177":0,"178":0,"179":0,"180":0,"181":0,"182":0,"183":0,"184":0,"185":0,"186":0,"187":0,"188":0,"189":0,"190":0,"191":0,"192":0,"193":0,"194":0,"195":0,"196":0,"197":0,"198":0,"199":0,"200":0,"201":0,"202":0,"203":0,"204":0,"205":0,"206":0,"207":0,"208":0,"209":0,"210":0,"211":0,"212":0,"213":0,"214":0,"215":0,"216":0,"217":0,"218":0,"219":0,"220":0,"221":0,"222":0,"223":0,"224":0},"f":{"0":0,"1":0,"2":0,"3":0,"4":0,"5":0,"6":0,"7":0,"8":0,"9":0,"10":0,"11":0,"12":0,"13":0,"14":0,"15":0,"16":0,"17":0,"18":0,"19":0,"20":0,"21":0,"22":0,"23":0,"24":0,"25":0,"26":0,"27":0,"28":0,"29":0,"30":0,"31":0,"32":0,"33":0,"34":0,"35":0,"36":0,"37":0,"38":0,"39":0,"40":0,"41":0,"42":0,"43":0,"44":0,"45":0,"46":0,"47":0,"48":0,"49":0,"50":0,"51":0,"52":0,"53":0,"54":0,"55":0,"56":0,"57":0,"58":0,"59":0,"60":0,"61":0,"62":0,"63":0,"64":0,"65":0,"66":0,"67":0,"68":0,"69":0,"70":0,"71":0,"72":0,"73":0,"74":0,"75":0,"76":0,"77":0,"78":0,"79":0,"80":0,"81":0,"82":0,"83":0,"84":0,"85":0,"86":0,"87":0,"88":0,"89":0,"90":0,"91":0},"b":{"0":[0,0],"1":[0,0],"2":[0,0],"3":[0,0],"4":[0,0],"5":[0,0,0],"6":[0,0],"7":[0,0],"8":[0,0],"9":[0,0],"10":[0,0],"11":[0,0],"12":[0,0],"13":[0,0],"14":[0,0],"15":[0,0],"16":[0,0],"17":[0,0],"18":[0,0],"19":[0,0],"20":[0,0],"21":[0,0,0],"22":[0,0],"23":[0,0],"24":[0,0],"25":[0,0],"26":[0,0],"27":[0,0],"28":[0,0],"29":[0,0],"30":[0,0],"31":[0,0],"32":[0,0],"33":[0,0],"34":[0,0],"35":[0,0],"36":[0,0],"37":[0,0],"38":[0,0],"39":[0,0],"40":[0],"41":[0]},"meta":{"lastBranch":42,"lastFunction":92,"lastStatement":225,"seen":{"s:10:12:12:Infinity":0,"s:15:0:21:Infinity":1,"f:15:29:15:39":0,"s:16:18:16:Infinity":2,"b:17:4:19:Infinity:undefined:undefined:undefined:undefined":0,"s:17:4:19:Infinity":3,"s:18:8:18:Infinity":4,"s:20:4:20:Infinity":5,"s:24:19:36:Infinity":6,"f:24:19:24:26":1,"s:25:4:35:Infinity":7,"s:26:20:26:Infinity":8,"b:26:32:26:61:26:61:26:Infinity":1,"s:27:25:27:Infinity":9,"s:28:26:28:Infinity":10,"s:29:21:29:Infinity":11,"s:30:8:32:Infinity":12,"f:30:42:30:43":2,"s:31:12:31:Infinity":13,"s:34:8:34:Infinity":14,"s:38:15:104:Infinity":15,"f:38:15:38:16":3,"s:39:26:39:Infinity":16,"s:40:4:50:Infinity":17,"f:40:14:40:20":4,"s:42:8:49:Infinity":18,"f:42:32:42:39":5,"s:43:33:43:Infinity":19,"s:44:12:44:Infinity":20,"s:45:12:45:Infinity":21,"f:46:17:46:23":6,"s:48:12:48:Infinity":22,"s:52:24:61:Infinity":23,"f:52:24:52:36":7,"s:53:25:53:Infinity":24,"b:53:44:53:54:53:54:53:Infinity":2,"s:54:8:60:Infinity":25,"s:55:12:55:Infinity":26,"s:56:12:56:Infinity":27,"s:57:12:57:Infinity":28,"s:59:12:59:Infinity":29,"s:62:10:62:Infinity":30,"s:63:25:69:Infinity":31,"f:63:25:63:31":8,"s:64:8:64:Infinity":32,"s:65:8:65:Infinity":33,"s:66:8:66:Infinity":34,"s:67:8:67:Infinity":35,"s:68:8:68:Infinity":36,"s:71:22:71:Infinity":37,"s:72:22:72:Infinity":38,"s:73:22:73:Infinity":39,"s:75:4:102:Infinity":40,"b:82:56:82:76:82:76:82:Infinity":3,"b:85:20:95:Infinity:97:20:99:Infinity":4,"b:87:26:87:51:87:51:87:Infinity:88:28:90:Infinity":5,"s:106:13:149:Infinity":41,"f:106:13:106:19":9,"s:107:26:107:Infinity":42,"s:108:28:108:Infinity":43,"s:110:4:112:Infinity":44,"f:110:14:110:20":10,"s:111:8:111:Infinity":45,"f:111:31:111:38":11,"s:111:38:111:56":46,"s:114:26:117:Infinity":47,"f:114:39:114:Infinity":12,"s:115:8:116:Infinity":48,"b:115:8:115:Infinity:116:8:116:Infinity":6,"s:119:4:147:Infinity":49,"f:128:30:128:31":13,"s:128:37:128:Infinity":50,"f:132:35:132:Infinity":14,"s:133:20:144:Infinity":51,"s:151:19:178:Infinity":52,"f:151:19:151:25":15,"s:152:17:152:Infinity":53,"s:153:24:153:Infinity":54,"s:155:4:157:Infinity":55,"f:155:14:155:20":16,"s:156:8:156:Infinity":56,"f:156:39:156:46":17,"s:156:46:156:63":57,"b:159:4:159:Infinity:undefined:undefined:undefined:undefined":7,"s:159:4:159:Infinity":58,"s:159:15:159:Infinity":59,"s:161:4:176:Infinity":60,"b:167:21:167:36:167:36:167:Infinity":8,"s:180:14:231:Infinity":61,"f:180:14:180:15":18,"s:181:32:181:Infinity":62,"s:182:32:182:Infinity":63,"s:183:26:183:Infinity":64,"s:184:10:184:Infinity":65,"s:186:25:198:Infinity":66,"f:186:25:186:32":19,"s:187:8:187:Infinity":67,"s:188:8:197:Infinity":68,"s:189:24:189:Infinity":69,"s:190:12:190:Infinity":70,"s:191:12:191:Infinity":71,"s:192:12:192:Infinity":72,"s:193:12:193:Infinity":73,"s:194:12:194:Infinity":74,"s:196:12:196:Infinity":75,"s:200:4:229:Infinity":76,"b:204:17:204:26:204:26:204:Infinity":9,"f:211:34:211:35":20,"s:211:41:211:Infinity":77,"f:221:34:221:35":21,"s:221:41:221:Infinity":78,"s:233:14:261:Infinity":79,"f:233:14:233:15":22,"b:234:4:234:Infinity:undefined:undefined:undefined:undefined":10,"s:234:4:234:Infinity":80,"s:234:17:234:Infinity":81,"s:235:4:259:Infinity":82,"b:239:58:239:68:239:68:239:Infinity":11,"b:239:89:239:108:239:108:239:Infinity":12,"b:243:21:243:Infinity:244:24:249:Infinity":13,"s:263:14:750:Infinity":83,"f:263:14:263:15":23,"s:264:34:264:Infinity":84,"s:265:26:265:Infinity":85,"s:266:26:266:Infinity":86,"s:267:28:267:Infinity":87,"s:268:28:268:Infinity":88,"s:269:28:276:Infinity":89,"s:277:38:277:Infinity":90,"s:278:42:278:Infinity":91,"s:279:40:279:Infinity":92,"s:280:38:286:Infinity":93,"s:288:4:292:Infinity":94,"f:288:14:288:20":24,"s:289:8:291:Infinity":95,"f:289:31:289:38":25,"s:290:12:290:Infinity":96,"s:294:4:302:Infinity":97,"f:294:14:294:20":26,"b:295:8:299:Infinity:undefined:undefined:undefined:undefined":14,"s:295:8:299:Infinity":98,"b:295:12:295:20:295:20:295:43":15,"s:296:12:296:Infinity":99,"s:297:12:297:Infinity":100,"s:298:12:298:Infinity":101,"s:300:8:300:Infinity":102,"s:301:8:301:Infinity":103,"s:304:23:304:Infinity":104,"f:304:23:304:29":27,"s:304:29:304:Infinity":105,"f:304:58:304:65":28,"s:304:65:304:83":106,"s:305:23:305:Infinity":107,"f:305:23:305:29":29,"s:305:29:305:Infinity":108,"f:305:52:305:59":30,"s:305:59:305:77":109,"s:306:24:306:Infinity":110,"f:306:24:306:30":31,"s:306:30:306:Infinity":111,"f:306:60:306:67":32,"s:306:67:306:86":112,"s:307:24:307:Infinity":113,"f:307:24:307:30":33,"s:307:30:307:Infinity":114,"f:307:60:307:67":34,"s:307:67:307:86":115,"s:308:24:308:Infinity":116,"f:308:24:308:30":35,"s:308:30:308:Infinity":117,"f:308:54:308:61":36,"s:308:61:308:80":118,"s:310:29:315:Infinity":119,"f:310:29:310:35":37,"s:311:8:314:Infinity":120,"f:311:47:311:53":38,"s:312:12:312:Infinity":121,"s:313:12:313:Infinity":122,"s:317:28:323:Infinity":123,"f:317:28:317:34":39,"b:318:8:318:Infinity:undefined:undefined:undefined:undefined":16,"s:318:8:318:Infinity":124,"s:318:27:318:Infinity":125,"s:319:8:322:Infinity":126,"f:319:68:319:74":40,"s:320:12:320:Infinity":127,"s:321:12:321:Infinity":128,"s:325:29:329:Infinity":129,"f:325:29:325:30":41,"s:326:8:328:Infinity":130,"f:326:105:326:111":42,"s:327:12:327:Infinity":131,"s:331:29:335:Infinity":132,"f:331:29:331:30":43,"s:332:8:334:Infinity":133,"f:332:101:332:107":44,"s:333:12:333:Infinity":134,"s:337:27:343:Infinity":135,"f:337:27:337:28":45,"s:338:8:338:Infinity":136,"s:339:8:342:Infinity":137,"f:339:45:339:51":46,"s:340:12:340:Infinity":138,"s:341:12:341:Infinity":139,"s:345:29:353:Infinity":140,"f:345:29:345:30":47,"s:346:21:346:Infinity":141,"b:347:8:347:Infinity:undefined:undefined:undefined:undefined":17,"s:347:8:347:Infinity":142,"s:347:19:347:Infinity":143,"s:348:25:348:Infinity":144,"s:349:8:349:Infinity":145,"s:350:8:352:Infinity":146,"f:350:49:350:55":48,"s:351:12:351:Infinity":147,"s:355:32:367:Infinity":148,"f:355:32:355:44":49,"b:356:8:356:Infinity:undefined:undefined:undefined:undefined":18,"s:356:8:356:Infinity":149,"b:356:12:356:28:356:28:356:50":19,"s:356:50:356:Infinity":150,"s:357:8:357:Infinity":151,"s:358:8:366:Infinity":152,"s:359:24:359:Infinity":153,"s:360:12:360:Infinity":154,"s:362:12:362:Infinity":155,"s:363:12:363:Infinity":156,"s:365:12:365:Infinity":157,"b:369:4:369:Infinity:undefined:undefined:undefined:undefined":20,"s:369:4:369:Infinity":158,"b:369:8:369:18:369:18:369:43:369:43:369:73":21,"s:369:73:369:Infinity":159,"s:371:22:378:Infinity":160,"f:371:22:371:23":50,"s:372:8:378:Infinity":161,"f:373:21:373:27":51,"s:373:27:373:Infinity":162,"b:374:95:374:120:374:120:374:157":22,"s:381:4:748:Infinity":163,"b:389:17:389:Infinity:390:20:394:Infinity":23,"b:400:17:400:Infinity:401:20:517:Infinity":24,"f:405:41:405:47":52,"s:405:47:405:Infinity":164,"b:413:28:492:Infinity:494:28:515:Infinity":25,"f:418:75:418:80":53,"s:418:80:418:Infinity":165,"f:424:76:424:81":54,"s:424:81:424:Infinity":166,"b:435:54:435:71:435:71:435:Infinity":26,"b:437:84:437:103:437:103:437:Infinity":27,"f:443:78:443:83":55,"s:443:83:443:Infinity":167,"f:450:50:450:51":56,"s:450:59:450:Infinity":168,"b:451:119:451:129:451:129:451:Infinity":28,"f:490:67:490:73":57,"s:490:73:490:95":169,"f:495:43:495:Infinity":58,"s:496:36:513:Infinity":170,"f:502:61:502:67":59,"s:503:48:503:Infinity":171,"f:503:84:503:91":60,"s:503:91:503:115":172,"b:507:45:507:Infinity:508:48:510:Infinity":29,"f:508:65:508:71":61,"s:508:71:508:100":173,"b:520:17:520:Infinity:521:20:572:Infinity":30,"f:525:44:525:Infinity":62,"s:526:36:532:Infinity":174,"f:528:49:528:55":63,"s:528:55:528:Infinity":175,"b:529:117:529:159:529:159:529:217":31,"f:541:69:541:70":64,"s:542:40:558:Infinity":176,"f:549:62:549:67":65,"s:549:67:549:Infinity":177,"f:554:62:554:67":66,"s:554:67:554:Infinity":178,"f:565:71:565:76":67,"s:565:76:565:Infinity":179,"b:575:17:575:Infinity:576:20:635:Infinity":32,"f:583:70:583:75":68,"s:583:75:583:Infinity":180,"f:591:76:591:81":69,"s:591:81:591:Infinity":181,"f:598:81:598:86":70,"s:598:86:598:Infinity":182,"f:613:72:613:77":71,"s:613:77:613:Infinity":183,"f:624:75:624:80":72,"s:624:80:624:Infinity":184,"b:638:17:638:Infinity:639:20:694:Infinity":33,"f:645:39:645:Infinity":73,"s:646:32:661:Infinity":185,"b:656:37:656:Infinity:657:40:659:Infinity":34,"f:657:57:657:63":74,"s:657:63:657:93":186,"f:667:44:667:45":75,"s:668:32:668:Infinity":187,"s:669:43:669:Infinity":188,"s:670:45:670:Infinity":189,"s:671:32:674:Infinity":190,"f:671:68:671:74":76,"s:672:36:672:Infinity":191,"s:673:36:673:Infinity":192,"b:697:17:697:Infinity:698:20:745:Infinity":35,"f:708:40:708:Infinity":77,"s:709:32:741:Infinity":193,"f:715:57:715:63":78,"s:716:52:716:Infinity":194,"s:717:52:717:Infinity":195,"b:724:45:724:Infinity:725:48:737:Infinity":36,"f:726:61:726:67":79,"s:727:72:727:Infinity":196,"s:728:56:731:Infinity":197,"s:732:56:732:Infinity":198,"b:744:25:744:48:744:48:744:Infinity":37,"f:752:24:752:30":80,"s:753:24:753:Infinity":199,"s:754:32:754:Infinity":200,"s:756:4:770:Infinity":201,"f:756:14:756:20":81,"s:757:8:757:Infinity":202,"s:758:8:763:Infinity":203,"f:758:32:758:39":82,"b:759:12:762:Infinity:undefined:undefined:undefined:undefined":38,"s:759:12:762:Infinity":204,"s:760:16:760:Infinity":205,"s:761:16:761:Infinity":206,"s:764:22:764:Infinity":207,"s:765:21:765:Infinity":208,"s:766:25:766:Infinity":209,"b:767:8:769:Infinity:undefined:undefined:undefined:undefined":39,"s:767:8:769:Infinity":210,"s:768:12:768:Infinity":211,"s:772:26:778:Infinity":212,"f:777:19:777:25":83,"s:780:22:788:Infinity":213,"f:780:22:780:23":84,"b:780:40:780:47":40,"s:781:8:787:Infinity":214,"f:786:23:786:29":85,"s:786:29:786:Infinity":215,"f:786:38:786:47":86,"s:786:47:786:74":216,"s:790:24:801:Infinity":217,"f:790:24:790:25":87,"b:790:53:790:60":41,"s:791:8:800:Infinity":218,"f:796:23:796:29":88,"s:797:16:797:Infinity":219,"s:798:16:798:Infinity":220,"f:798:25:798:34":89,"s:798:34:798:61":221,"s:803:4:825:Infinity":222,"f:823:26:823:32":90,"s:823:32:823:Infinity":223,"f:823:41:823:50":91,"s:823:50:823:77":224}}}
,"/home/mlapointe/secure/git/freebsdguy/src/main.tsx": {"path":"/home/mlapointe/secure/git/freebsdguy/src/main.tsx","statementMap":{"0":{"start":{"line":5,"column":0},"end":{"line":7,"column":null}}},"fnMap":{},"branchMap":{},"s":{"0":0},"f":{},"b":{},"meta":{"lastBranch":0,"lastFunction":0,"lastStatement":1,"seen":{"s:5:0:7:Infinity":0}}}
,"/home/mlapointe/secure/git/freebsdguy/src/vite-env.d.ts": {"path":"/home/mlapointe/secure/git/freebsdguy/src/vite-env.d.ts","statementMap":{},"fnMap":{},"branchMap":{},"s":{},"f":{},"b":{},"meta":{"lastBranch":0,"lastFunction":0,"lastStatement":0,"seen":{}}}
}
