{"/home/mlapointe/secure/git/freebsdguy/server/index.ts": {"path":"/home/mlapointe/secure/git/freebsdguy/server/index.ts","statementMap":{"0":{"start":{"line":7,"column":30},"end":{"line":7,"column":null}},"1":{"start":{"line":9,"column":19},"end":{"line":9,"column":null}},"2":{"start":{"line":10,"column":18},"end":{"line":10,"column":null}},"3":{"start":{"line":17,"column":0},"end":{"line":17,"column":null}},"4":{"start":{"line":23,"column":6},"end":{"line":23,"column":null}},"5":{"start":{"line":25,"column":13},"end":{"line":25,"column":null}},"6":{"start":{"line":26,"column":15},"end":{"line":26,"column":null}},"7":{"start":{"line":29,"column":16},"end":{"line":43,"column":null}},"8":{"start":{"line":31,"column":14},"end":{"line":31,"column":null}},"9":{"start":{"line":32,"column":26},"end":{"line":32,"column":null}},"10":{"start":{"line":33,"column":25},"end":{"line":33,"column":null}},"11":{"start":{"line":34,"column":26},"end":{"line":34,"column":null}},"12":{"start":{"line":35,"column":8},"end":{"line":37,"column":null}},"13":{"start":{"line":36,"column":12},"end":{"line":36,"column":null}},"14":{"start":{"line":38,"column":8},"end":{"line":38,"column":null}},"15":{"start":{"line":41,"column":8},"end":{"line":41,"column":null}},"16":{"start":{"line":44,"column":6},"end":{"line":44,"column":null}},"17":{"start":{"line":46,"column":0},"end":{"line":46,"column":null}},"18":{"start":{"line":47,"column":0},"end":{"line":47,"column":null}},"19":{"start":{"line":58,"column":21},"end":{"line":70,"column":null}},"20":{"start":{"line":59,"column":18},"end":{"line":59,"column":null}},"21":{"start":{"line":60,"column":4},"end":{"line":60,"column":null}},"22":{"start":{"line":60,"column":16},"end":{"line":60,"column":null}},"23":{"start":{"line":62,"column":4},"end":{"line":69,"column":null}},"24":{"start":{"line":63,"column":8},"end":{"line":66,"column":null}},"25":{"start":{"line":64,"column":12},"end":{"line":64,"column":null}},"26":{"start":{"line":65,"column":12},"end":{"line":65,"column":null}},"27":{"start":{"line":67,"column":8},"end":{"line":67,"column":null}},"28":{"start":{"line":68,"column":8},"end":{"line":68,"column":null}},"29":{"start":{"line":73,"column":0},"end":{"line":112,"column":null}},"30":{"start":{"line":74,"column":35},"end":{"line":74,"column":null}},"31":{"start":{"line":75,"column":10},"end":{"line":75,"column":null}},"32":{"start":{"line":77,"column":4},"end":{"line":77,"column":null}},"33":{"start":{"line":80,"column":4},"end":{"line":92,"column":null}},"34":{"start":{"line":81,"column":22},"end":{"line":81,"column":null}},"35":{"start":{"line":82,"column":8},"end":{"line":91,"column":null}},"36":{"start":{"line":83,"column":12},"end":{"line":83,"column":null}},"37":{"start":{"line":84,"column":26},"end":{"line":84,"column":null}},"38":{"start":{"line":85,"column":12},"end":{"line":90,"column":null}},"39":{"start":{"line":95,"column":17},"end":{"line":95,"column":null}},"40":{"start":{"line":95,"column":45},"end":{"line":95,"column":68}},"41":{"start":{"line":96,"column":4},"end":{"line":108,"column":null}},"42":{"start":{"line":97,"column":22},"end":{"line":97,"column":null}},"43":{"start":{"line":98,"column":8},"end":{"line":107,"column":null}},"44":{"start":{"line":99,"column":12},"end":{"line":99,"column":null}},"45":{"start":{"line":100,"column":26},"end":{"line":100,"column":null}},"46":{"start":{"line":101,"column":12},"end":{"line":106,"column":null}},"47":{"start":{"line":110,"column":4},"end":{"line":110,"column":null}},"48":{"start":{"line":111,"column":4},"end":{"line":111,"column":null}},"49":{"start":{"line":115,"column":0},"end":{"line":123,"column":null}},"50":{"start":{"line":116,"column":4},"end":{"line":116,"column":null}},"51":{"start":{"line":116,"column":35},"end":{"line":116,"column":null}},"52":{"start":{"line":117,"column":10},"end":{"line":117,"column":null}},"53":{"start":{"line":118,"column":18},"end":{"line":121,"column":null}},"54":{"start":{"line":120,"column":39},"end":{"line":120,"column":78}},"55":{"start":{"line":122,"column":4},"end":{"line":122,"column":null}},"56":{"start":{"line":126,"column":0},"end":{"line":146,"column":null}},"57":{"start":{"line":127,"column":4},"end":{"line":127,"column":null}},"58":{"start":{"line":127,"column":35},"end":{"line":127,"column":null}},"59":{"start":{"line":129,"column":41},"end":{"line":129,"column":null}},"60":{"start":{"line":131,"column":10},"end":{"line":131,"column":null}},"61":{"start":{"line":132,"column":10},"end":{"line":132,"column":null}},"62":{"start":{"line":134,"column":10},"end":{"line":134,"column":null}},"63":{"start":{"line":136,"column":4},"end":{"line":138,"column":null}},"64":{"start":{"line":136,"column":36},"end":{"line":136,"column":64}},"65":{"start":{"line":137,"column":8},"end":{"line":137,"column":null}},"66":{"start":{"line":140,"column":25},"end":{"line":140,"column":null}},"67":{"start":{"line":141,"column":4},"end":{"line":141,"column":null}},"68":{"start":{"line":142,"column":4},"end":{"line":142,"column":null}},"69":{"start":{"line":144,"column":4},"end":{"line":144,"column":null}},"70":{"start":{"line":145,"column":4},"end":{"line":145,"column":null}},"71":{"start":{"line":149,"column":0},"end":{"line":168,"column":null}},"72":{"start":{"line":150,"column":4},"end":{"line":150,"column":null}},"73":{"start":{"line":150,"column":35},"end":{"line":150,"column":null}},"74":{"start":{"line":151,"column":21},"end":{"line":151,"column":null}},"75":{"start":{"line":152,"column":10},"end":{"line":152,"column":null}},"76":{"start":{"line":154,"column":4},"end":{"line":156,"column":null}},"77":{"start":{"line":155,"column":8},"end":{"line":155,"column":null}},"78":{"start":{"line":158,"column":23},"end":{"line":158,"column":null}},"79":{"start":{"line":159,"column":4},"end":{"line":159,"column":null}},"80":{"start":{"line":159,"column":54},"end":{"line":159,"column":77}},"81":{"start":{"line":161,"column":4},"end":{"line":163,"column":null}},"82":{"start":{"line":162,"column":8},"end":{"line":162,"column":null}},"83":{"start":{"line":165,"column":4},"end":{"line":165,"column":null}},"84":{"start":{"line":166,"column":4},"end":{"line":166,"column":null}},"85":{"start":{"line":167,"column":4},"end":{"line":167,"column":null}},"86":{"start":{"line":171,"column":0},"end":{"line":177,"column":null}},"87":{"start":{"line":172,"column":10},"end":{"line":172,"column":null}},"88":{"start":{"line":173,"column":22},"end":{"line":173,"column":null}},"89":{"start":{"line":174,"column":21},"end":{"line":174,"column":null}},"90":{"start":{"line":175,"column":10},"end":{"line":175,"column":null}},"91":{"start":{"line":176,"column":4},"end":{"line":176,"column":null}},"92":{"start":{"line":180,"column":0},"end":{"line":208,"column":null}},"93":{"start":{"line":181,"column":10},"end":{"line":181,"column":null}},"94":{"start":{"line":182,"column":4},"end":{"line":184,"column":null}},"95":{"start":{"line":183,"column":8},"end":{"line":183,"column":null}},"96":{"start":{"line":185,"column":104},"end":{"line":185,"column":null}},"97":{"start":{"line":186,"column":4},"end":{"line":186,"column":null}},"98":{"start":{"line":186,"column":18},"end":{"line":186,"column":null}},"99":{"start":{"line":188,"column":22},"end":{"line":188,"column":null}},"100":{"start":{"line":189,"column":20},"end":{"line":189,"column":null}},"101":{"start":{"line":190,"column":20},"end":{"line":190,"column":null}},"102":{"start":{"line":192,"column":4},"end":{"line":194,"column":null}},"103":{"start":{"line":193,"column":8},"end":{"line":193,"column":null}},"104":{"start":{"line":196,"column":4},"end":{"line":207,"column":null}},"105":{"start":{"line":197,"column":24},"end":{"line":201,"column":null}},"106":{"start":{"line":202,"column":24},"end":{"line":202,"column":null}},"107":{"start":{"line":203,"column":8},"end":{"line":203,"column":null}},"108":{"start":{"line":205,"column":8},"end":{"line":205,"column":null}},"109":{"start":{"line":206,"column":8},"end":{"line":206,"column":null}},"110":{"start":{"line":211,"column":0},"end":{"line":239,"column":null}},"111":{"start":{"line":212,"column":10},"end":{"line":212,"column":null}},"112":{"start":{"line":213,"column":4},"end":{"line":215,"column":null}},"113":{"start":{"line":214,"column":8},"end":{"line":214,"column":null}},"114":{"start":{"line":216,"column":22},"end":{"line":216,"column":null}},"115":{"start":{"line":217,"column":20},"end":{"line":217,"column":null}},"116":{"start":{"line":219,"column":4},"end":{"line":219,"column":null}},"117":{"start":{"line":221,"column":4},"end":{"line":224,"column":null}},"118":{"start":{"line":222,"column":8},"end":{"line":222,"column":null}},"119":{"start":{"line":223,"column":8},"end":{"line":223,"column":null}},"120":{"start":{"line":226,"column":4},"end":{"line":238,"column":null}},"121":{"start":{"line":227,"column":24},"end":{"line":231,"column":null}},"122":{"start":{"line":232,"column":23},"end":{"line":232,"column":null}},"123":{"start":{"line":233,"column":8},"end":{"line":233,"column":null}},"124":{"start":{"line":234,"column":8},"end":{"line":234,"column":null}},"125":{"start":{"line":236,"column":8},"end":{"line":236,"column":null}},"126":{"start":{"line":237,"column":8},"end":{"line":237,"column":null}},"127":{"start":{"line":242,"column":0},"end":{"line":254,"column":null}},"128":{"start":{"line":243,"column":10},"end":{"line":243,"column":null}},"129":{"start":{"line":244,"column":22},"end":{"line":244,"column":null}},"130":{"start":{"line":245,"column":21},"end":{"line":245,"column":null}},"131":{"start":{"line":246,"column":17},"end":{"line":246,"column":null}},"132":{"start":{"line":247,"column":10},"end":{"line":247,"column":null}},"133":{"start":{"line":249,"column":4},"end":{"line":251,"column":null}},"134":{"start":{"line":250,"column":8},"end":{"line":250,"column":null}},"135":{"start":{"line":253,"column":4},"end":{"line":253,"column":null}},"136":{"start":{"line":257,"column":0},"end":{"line":273,"column":null}},"137":{"start":{"line":258,"column":52},"end":{"line":258,"column":null}},"138":{"start":{"line":259,"column":10},"end":{"line":259,"column":null}},"139":{"start":{"line":260,"column":22},"end":{"line":260,"column":null}},"140":{"start":{"line":261,"column":21},"end":{"line":261,"column":null}},"141":{"start":{"line":263,"column":4},"end":{"line":270,"column":null}},"142":{"start":{"line":272,"column":4},"end":{"line":272,"column":null}},"143":{"start":{"line":276,"column":0},"end":{"line":289,"column":null}},"144":{"start":{"line":277,"column":10},"end":{"line":277,"column":null}},"145":{"start":{"line":278,"column":22},"end":{"line":278,"column":null}},"146":{"start":{"line":279,"column":21},"end":{"line":279,"column":null}},"147":{"start":{"line":280,"column":22},"end":{"line":280,"column":null}},"148":{"start":{"line":281,"column":21},"end":{"line":281,"column":null}},"149":{"start":{"line":282,"column":21},"end":{"line":282,"column":null}},"150":{"start":{"line":284,"column":4},"end":{"line":288,"column":null}},"151":{"start":{"line":285,"column":8},"end":{"line":285,"column":null}},"152":{"start":{"line":287,"column":8},"end":{"line":287,"column":null}},"153":{"start":{"line":292,"column":17},"end":{"line":292,"column":null}},"154":{"start":{"line":293,"column":0},"end":{"line":298,"column":null}},"155":{"start":{"line":294,"column":4},"end":{"line":294,"column":null}},"156":{"start":{"line":295,"column":4},"end":{"line":297,"column":null}},"157":{"start":{"line":296,"column":8},"end":{"line":296,"column":null}},"158":{"start":{"line":301,"column":0},"end":{"line":312,"column":null}},"159":{"start":{"line":302,"column":10},"end":{"line":302,"column":null}},"160":{"start":{"line":303,"column":4},"end":{"line":311,"column":null}},"161":{"start":{"line":315,"column":0},"end":{"line":330,"column":null}},"162":{"start":{"line":316,"column":4},"end":{"line":316,"column":null}},"163":{"start":{"line":316,"column":35},"end":{"line":316,"column":null}},"164":{"start":{"line":317,"column":10},"end":{"line":317,"column":null}},"165":{"start":{"line":318,"column":60},"end":{"line":318,"column":null}},"166":{"start":{"line":320,"column":4},"end":{"line":326,"column":null}},"167":{"start":{"line":328,"column":4},"end":{"line":328,"column":null}},"168":{"start":{"line":329,"column":4},"end":{"line":329,"column":null}},"169":{"start":{"line":333,"column":0},"end":{"line":394,"column":null}},"170":{"start":{"line":334,"column":4},"end":{"line":334,"column":null}},"171":{"start":{"line":334,"column":35},"end":{"line":334,"column":null}},"172":{"start":{"line":335,"column":10},"end":{"line":335,"column":null}},"173":{"start":{"line":336,"column":97},"end":{"line":336,"column":null}},"174":{"start":{"line":338,"column":4},"end":{"line":338,"column":null}},"175":{"start":{"line":338,"column":18},"end":{"line":338,"column":null}},"176":{"start":{"line":339,"column":4},"end":{"line":339,"column":null}},"177":{"start":{"line":339,"column":22},"end":{"line":339,"column":null}},"178":{"start":{"line":340,"column":4},"end":{"line":340,"column":null}},"179":{"start":{"line":340,"column":34},"end":{"line":340,"column":null}},"180":{"start":{"line":341,"column":4},"end":{"line":341,"column":null}},"181":{"start":{"line":341,"column":16},"end":{"line":341,"column":null}},"182":{"start":{"line":342,"column":4},"end":{"line":342,"column":null}},"183":{"start":{"line":342,"column":19},"end":{"line":342,"column":null}},"184":{"start":{"line":343,"column":4},"end":{"line":343,"column":null}},"185":{"start":{"line":343,"column":25},"end":{"line":343,"column":null}},"186":{"start":{"line":345,"column":4},"end":{"line":353,"column":null}},"187":{"start":{"line":346,"column":8},"end":{"line":352,"column":null}},"188":{"start":{"line":355,"column":4},"end":{"line":355,"column":null}},"189":{"start":{"line":358,"column":4},"end":{"line":391,"column":null}},"190":{"start":{"line":359,"column":26},"end":{"line":359,"column":null}},"191":{"start":{"line":360,"column":25},"end":{"line":360,"column":null}},"192":{"start":{"line":361,"column":26},"end":{"line":361,"column":null}},"193":{"start":{"line":362,"column":8},"end":{"line":390,"column":null}},"194":{"start":{"line":364,"column":12},"end":{"line":364,"column":null}},"195":{"start":{"line":364,"column":42},"end":{"line":364,"column":null}},"196":{"start":{"line":365,"column":12},"end":{"line":389,"column":null}},"197":{"start":{"line":366,"column":16},"end":{"line":372,"column":null}},"198":{"start":{"line":373,"column":12},"end":{"line":389,"column":null}},"199":{"start":{"line":374,"column":16},"end":{"line":380,"column":null}},"200":{"start":{"line":382,"column":16},"end":{"line":388,"column":null}},"201":{"start":{"line":393,"column":4},"end":{"line":393,"column":null}},"202":{"start":{"line":397,"column":0},"end":{"line":401,"column":null}},"203":{"start":{"line":398,"column":4},"end":{"line":398,"column":null}},"204":{"start":{"line":398,"column":35},"end":{"line":398,"column":null}},"205":{"start":{"line":400,"column":4},"end":{"line":400,"column":null}},"206":{"start":{"line":404,"column":0},"end":{"line":432,"column":null}},"207":{"start":{"line":405,"column":4},"end":{"line":405,"column":null}},"208":{"start":{"line":405,"column":35},"end":{"line":405,"column":null}},"209":{"start":{"line":406,"column":17},"end":{"line":406,"column":null}},"210":{"start":{"line":408,"column":4},"end":{"line":410,"column":null}},"211":{"start":{"line":409,"column":8},"end":{"line":409,"column":null}},"212":{"start":{"line":412,"column":19},"end":{"line":412,"column":null}},"213":{"start":{"line":415,"column":33},"end":{"line":415,"column":null}},"214":{"start":{"line":416,"column":4},"end":{"line":420,"column":null}},"215":{"start":{"line":417,"column":8},"end":{"line":419,"column":null}},"216":{"start":{"line":418,"column":12},"end":{"line":418,"column":null}},"217":{"start":{"line":422,"column":10},"end":{"line":422,"column":null}},"218":{"start":{"line":423,"column":22},"end":{"line":423,"column":null}},"219":{"start":{"line":424,"column":21},"end":{"line":424,"column":null}},"220":{"start":{"line":426,"column":4},"end":{"line":428,"column":null}},"221":{"start":{"line":427,"column":8},"end":{"line":427,"column":null}},"222":{"start":{"line":430,"column":4},"end":{"line":430,"column":null}},"223":{"start":{"line":431,"column":4},"end":{"line":431,"column":null}},"224":{"start":{"line":435,"column":0},"end":{"line":449,"column":null}},"225":{"start":{"line":436,"column":4},"end":{"line":436,"column":null}},"226":{"start":{"line":436,"column":70},"end":{"line":436,"column":null}},"227":{"start":{"line":437,"column":17},"end":{"line":437,"column":null}},"228":{"start":{"line":438,"column":10},"end":{"line":438,"column":null}},"229":{"start":{"line":439,"column":22},"end":{"line":439,"column":null}},"230":{"start":{"line":440,"column":21},"end":{"line":440,"column":null}},"231":{"start":{"line":441,"column":21},"end":{"line":441,"column":null}},"232":{"start":{"line":443,"column":4},"end":{"line":448,"column":null}},"233":{"start":{"line":444,"column":8},"end":{"line":444,"column":null}},"234":{"start":{"line":445,"column":8},"end":{"line":445,"column":null}},"235":{"start":{"line":447,"column":8},"end":{"line":447,"column":null}},"236":{"start":{"line":452,"column":0},"end":{"line":455,"column":null}},"237":{"start":{"line":453,"column":4},"end":{"line":453,"column":null}},"238":{"start":{"line":453,"column":19},"end":{"line":453,"column":null}},"239":{"start":{"line":454,"column":4},"end":{"line":454,"column":null}},"240":{"start":{"line":458,"column":0},"end":{"line":468,"column":null}},"241":{"start":{"line":459,"column":4},"end":{"line":459,"column":null}},"242":{"start":{"line":459,"column":70},"end":{"line":459,"column":null}},"243":{"start":{"line":460,"column":10},"end":{"line":460,"column":null}},"244":{"start":{"line":461,"column":22},"end":{"line":461,"column":null}},"245":{"start":{"line":462,"column":21},"end":{"line":462,"column":null}},"246":{"start":{"line":463,"column":22},"end":{"line":463,"column":null}},"247":{"start":{"line":465,"column":4},"end":{"line":465,"column":null}},"248":{"start":{"line":465,"column":35},"end":{"line":465,"column":null}},"249":{"start":{"line":466,"column":18},"end":{"line":466,"column":null}},"250":{"start":{"line":467,"column":4},"end":{"line":467,"column":null}},"251":{"start":{"line":471,"column":0},"end":{"line":503,"column":null}},"252":{"start":{"line":472,"column":10},"end":{"line":472,"column":null}},"253":{"start":{"line":473,"column":22},"end":{"line":473,"column":null}},"254":{"start":{"line":474,"column":21},"end":{"line":474,"column":null}},"255":{"start":{"line":475,"column":23},"end":{"line":475,"column":null}},"256":{"start":{"line":476,"column":22},"end":{"line":476,"column":null}},"257":{"start":{"line":478,"column":4},"end":{"line":502,"column":null}},"258":{"start":{"line":479,"column":8},"end":{"line":484,"column":null}},"259":{"start":{"line":480,"column":12},"end":{"line":480,"column":null}},"260":{"start":{"line":482,"column":12},"end":{"line":482,"column":null}},"261":{"start":{"line":483,"column":12},"end":{"line":483,"column":null}},"262":{"start":{"line":485,"column":4},"end":{"line":502,"column":null}},"263":{"start":{"line":486,"column":8},"end":{"line":492,"column":null}},"264":{"start":{"line":495,"column":8},"end":{"line":501,"column":null}},"265":{"start":{"line":505,"column":0},"end":{"line":546,"column":null}},"266":{"start":{"line":506,"column":29},"end":{"line":506,"column":null}},"267":{"start":{"line":507,"column":4},"end":{"line":507,"column":null}},"268":{"start":{"line":507,"column":23},"end":{"line":507,"column":null}},"269":{"start":{"line":510,"column":18},"end":{"line":510,"column":null}},"270":{"start":{"line":511,"column":4},"end":{"line":540,"column":null}},"271":{"start":{"line":512,"column":8},"end":{"line":539,"column":null}},"272":{"start":{"line":513,"column":28},"end":{"line":513,"column":null}},"273":{"start":{"line":514,"column":12},"end":{"line":536,"column":null}},"274":{"start":{"line":515,"column":22},"end":{"line":515,"column":null}},"275":{"start":{"line":518,"column":16},"end":{"line":528,"column":null}},"276":{"start":{"line":519,"column":20},"end":{"line":519,"column":null}},"277":{"start":{"line":520,"column":20},"end":{"line":520,"column":null}},"278":{"start":{"line":522,"column":26},"end":{"line":522,"column":null}},"279":{"start":{"line":523,"column":20},"end":{"line":523,"column":null}},"280":{"start":{"line":524,"column":20},"end":{"line":524,"column":null}},"281":{"start":{"line":526,"column":20},"end":{"line":526,"column":null}},"282":{"start":{"line":527,"column":20},"end":{"line":527,"column":null}},"283":{"start":{"line":530,"column":34},"end":{"line":530,"column":null}},"284":{"start":{"line":530,"column":67},"end":{"line":530,"column":98}},"285":{"start":{"line":531,"column":16},"end":{"line":535,"column":null}},"286":{"start":{"line":532,"column":20},"end":{"line":532,"column":null}},"287":{"start":{"line":533,"column":20},"end":{"line":533,"column":null}},"288":{"start":{"line":534,"column":20},"end":{"line":534,"column":null}},"289":{"start":{"line":542,"column":10},"end":{"line":542,"column":null}},"290":{"start":{"line":543,"column":4},"end":{"line":543,"column":null}},"291":{"start":{"line":544,"column":4},"end":{"line":544,"column":null}},"292":{"start":{"line":545,"column":4},"end":{"line":545,"column":null}},"293":{"start":{"line":548,"column":0},"end":{"line":552,"column":null}},"294":{"start":{"line":549,"column":4},"end":{"line":551,"column":null}},"295":{"start":{"line":550,"column":8},"end":{"line":550,"column":null}}},"fnMap":{"0":{"name":"(anonymous_0)","decl":{"start":{"line":30,"column":17},"end":{"line":30,"column":18}},"loc":{"start":{"line":30,"column":38},"end":{"line":39,"column":null}},"line":30},"1":{"name":"(anonymous_1)","decl":{"start":{"line":40,"column":14},"end":{"line":40,"column":15}},"loc":{"start":{"line":40,"column":34},"end":{"line":42,"column":null}},"line":40},"2":{"name":"(anonymous_2)","decl":{"start":{"line":58,"column":21},"end":{"line":58,"column":22}},"loc":{"start":{"line":58,"column":87},"end":{"line":70,"column":null}},"line":58},"3":{"name":"(anonymous_3)","decl":{"start":{"line":62,"column":30},"end":{"line":62,"column":31}},"loc":{"start":{"line":62,"column":48},"end":{"line":69,"column":5}},"line":62},"4":{"name":"(anonymous_4)","decl":{"start":{"line":73,"column":23},"end":{"line":73,"column":30}},"loc":{"start":{"line":73,"column":62},"end":{"line":112,"column":1}},"line":73},"5":{"name":"(anonymous_5)","decl":{"start":{"line":95,"column":40},"end":{"line":95,"column":45}},"loc":{"start":{"line":95,"column":45},"end":{"line":95,"column":68}},"line":95},"6":{"name":"(anonymous_6)","decl":{"start":{"line":115,"column":42},"end":{"line":115,"column":43}},"loc":{"start":{"line":115,"column":88},"end":{"line":123,"column":1}},"line":115},"7":{"name":"(anonymous_7)","decl":{"start":{"line":120,"column":33},"end":{"line":120,"column":39}},"loc":{"start":{"line":120,"column":39},"end":{"line":120,"column":78}},"line":120},"8":{"name":"(anonymous_8)","decl":{"start":{"line":126,"column":43},"end":{"line":126,"column":50}},"loc":{"start":{"line":126,"column":95},"end":{"line":146,"column":1}},"line":126},"9":{"name":"(anonymous_9)","decl":{"start":{"line":136,"column":31},"end":{"line":136,"column":36}},"loc":{"start":{"line":136,"column":36},"end":{"line":136,"column":64}},"line":136},"10":{"name":"(anonymous_10)","decl":{"start":{"line":149,"column":55},"end":{"line":149,"column":56}},"loc":{"start":{"line":149,"column":101},"end":{"line":168,"column":1}},"line":149},"11":{"name":"(anonymous_11)","decl":{"start":{"line":159,"column":49},"end":{"line":159,"column":54}},"loc":{"start":{"line":159,"column":54},"end":{"line":159,"column":77}},"line":159},"12":{"name":"(anonymous_12)","decl":{"start":{"line":171,"column":22},"end":{"line":171,"column":23}},"loc":{"start":{"line":171,"column":56},"end":{"line":177,"column":1}},"line":171},"13":{"name":"(anonymous_13)","decl":{"start":{"line":180,"column":44},"end":{"line":180,"column":51}},"loc":{"start":{"line":180,"column":96},"end":{"line":208,"column":1}},"line":180},"14":{"name":"(anonymous_14)","decl":{"start":{"line":211,"column":40},"end":{"line":211,"column":47}},"loc":{"start":{"line":211,"column":92},"end":{"line":239,"column":1}},"line":211},"15":{"name":"(anonymous_15)","decl":{"start":{"line":242,"column":28},"end":{"line":242,"column":29}},"loc":{"start":{"line":242,"column":61},"end":{"line":254,"column":1}},"line":242},"16":{"name":"(anonymous_16)","decl":{"start":{"line":257,"column":37},"end":{"line":257,"column":38}},"loc":{"start":{"line":257,"column":83},"end":{"line":273,"column":1}},"line":257},"17":{"name":"(anonymous_17)","decl":{"start":{"line":276,"column":33},"end":{"line":276,"column":34}},"loc":{"start":{"line":276,"column":66},"end":{"line":289,"column":1}},"line":276},"18":{"name":"(anonymous_18)","decl":{"start":{"line":295,"column":28},"end":{"line":295,"column":29}},"loc":{"start":{"line":295,"column":62},"end":{"line":297,"column":5}},"line":295},"19":{"name":"(anonymous_19)","decl":{"start":{"line":301,"column":23},"end":{"line":301,"column":24}},"loc":{"start":{"line":301,"column":57},"end":{"line":312,"column":1}},"line":301},"20":{"name":"(anonymous_20)","decl":{"start":{"line":315,"column":47},"end":{"line":315,"column":48}},"loc":{"start":{"line":315,"column":93},"end":{"line":330,"column":1}},"line":315},"21":{"name":"(anonymous_21)","decl":{"start":{"line":333,"column":44},"end":{"line":333,"column":45}},"loc":{"start":{"line":333,"column":90},"end":{"line":394,"column":1}},"line":333},"22":{"name":"(anonymous_22)","decl":{"start":{"line":397,"column":43},"end":{"line":397,"column":44}},"loc":{"start":{"line":397,"column":89},"end":{"line":401,"column":1}},"line":397},"23":{"name":"(anonymous_23)","decl":{"start":{"line":404,"column":50},"end":{"line":404,"column":51}},"loc":{"start":{"line":404,"column":96},"end":{"line":432,"column":1}},"line":404},"24":{"name":"(anonymous_24)","decl":{"start":{"line":435,"column":45},"end":{"line":435,"column":46}},"loc":{"start":{"line":435,"column":91},"end":{"line":449,"column":1}},"line":435},"25":{"name":"(anonymous_25)","decl":{"start":{"line":452,"column":68},"end":{"line":452,"column":69}},"loc":{"start":{"line":452,"column":114},"end":{"line":455,"column":1}},"line":452},"26":{"name":"(anonymous_26)","decl":{"start":{"line":458,"column":43},"end":{"line":458,"column":44}},"loc":{"start":{"line":458,"column":89},"end":{"line":468,"column":1}},"line":458},"27":{"name":"(anonymous_27)","decl":{"start":{"line":471,"column":22},"end":{"line":471,"column":23}},"loc":{"start":{"line":471,"column":55},"end":{"line":503,"column":1}},"line":471},"28":{"name":"(anonymous_28)","decl":{"start":{"line":505,"column":23},"end":{"line":505,"column":24}},"loc":{"start":{"line":505,"column":56},"end":{"line":546,"column":1}},"line":505},"29":{"name":"(anonymous_29)","decl":{"start":{"line":530,"column":62},"end":{"line":530,"column":67}},"loc":{"start":{"line":530,"column":67},"end":{"line":530,"column":98}},"line":530},"30":{"name":"(anonymous_30)","decl":{"start":{"line":549,"column":21},"end":{"line":549,"column":27}},"loc":{"start":{"line":549,"column":27},"end":{"line":551,"column":5}},"line":549}},"branchMap":{"0":{"loc":{"start":{"line":25,"column":13},"end":{"line":25,"column":null}},"type":"binary-expr","locations":[{"start":{"line":25,"column":13},"end":{"line":25,"column":33}},{"start":{"line":25,"column":33},"end":{"line":25,"column":null}}],"line":25},"1":{"loc":{"start":{"line":26,"column":15},"end":{"line":26,"column":null}},"type":"binary-expr","locations":[{"start":{"line":26,"column":15},"end":{"line":26,"column":41}},{"start":{"line":26,"column":41},"end":{"line":26,"column":null}}],"line":26},"2":{"loc":{"start":{"line":35,"column":8},"end":{"line":37,"column":null}},"type":"if","locations":[{"start":{"line":35,"column":8},"end":{"line":37,"column":null}},{"start":{},"end":{}}],"line":35},"3":{"loc":{"start":{"line":60,"column":4},"end":{"line":60,"column":null}},"type":"if","locations":[{"start":{"line":60,"column":4},"end":{"line":60,"column":null}},{"start":{},"end":{}}],"line":60},"4":{"loc":{"start":{"line":63,"column":8},"end":{"line":66,"column":null}},"type":"if","locations":[{"start":{"line":63,"column":8},"end":{"line":66,"column":null}},{"start":{},"end":{}}],"line":63},"5":{"loc":{"start":{"line":80,"column":4},"end":{"line":92,"column":null}},"type":"if","locations":[{"start":{"line":80,"column":4},"end":{"line":92,"column":null}},{"start":{},"end":{}}],"line":80},"6":{"loc":{"start":{"line":82,"column":8},"end":{"line":91,"column":null}},"type":"if","locations":[{"start":{"line":82,"column":8},"end":{"line":91,"column":null}},{"start":{},"end":{}}],"line":82},"7":{"loc":{"start":{"line":96,"column":4},"end":{"line":108,"column":null}},"type":"if","locations":[{"start":{"line":96,"column":4},"end":{"line":108,"column":null}},{"start":{},"end":{}}],"line":96},"8":{"loc":{"start":{"line":98,"column":8},"end":{"line":107,"column":null}},"type":"if","locations":[{"start":{"line":98,"column":8},"end":{"line":107,"column":null}},{"start":{},"end":{}}],"line":98},"9":{"loc":{"start":{"line":116,"column":4},"end":{"line":116,"column":null}},"type":"if","locations":[{"start":{"line":116,"column":4},"end":{"line":116,"column":null}},{"start":{},"end":{}}],"line":116},"10":{"loc":{"start":{"line":127,"column":4},"end":{"line":127,"column":null}},"type":"if","locations":[{"start":{"line":127,"column":4},"end":{"line":127,"column":null}},{"start":{},"end":{}}],"line":127},"11":{"loc":{"start":{"line":136,"column":4},"end":{"line":138,"column":null}},"type":"if","locations":[{"start":{"line":136,"column":4},"end":{"line":138,"column":null}},{"start":{},"end":{}}],"line":136},"12":{"loc":{"start":{"line":136,"column":8},"end":{"line":136,"column":115}},"type":"binary-expr","locations":[{"start":{"line":136,"column":8},"end":{"line":136,"column":69}},{"start":{"line":136,"column":69},"end":{"line":136,"column":115}}],"line":136},"13":{"loc":{"start":{"line":150,"column":4},"end":{"line":150,"column":null}},"type":"if","locations":[{"start":{"line":150,"column":4},"end":{"line":150,"column":null}},{"start":{},"end":{}}],"line":150},"14":{"loc":{"start":{"line":154,"column":4},"end":{"line":156,"column":null}},"type":"if","locations":[{"start":{"line":154,"column":4},"end":{"line":156,"column":null}},{"start":{},"end":{}}],"line":154},"15":{"loc":{"start":{"line":161,"column":4},"end":{"line":163,"column":null}},"type":"if","locations":[{"start":{"line":161,"column":4},"end":{"line":163,"column":null}},{"start":{},"end":{}}],"line":161},"16":{"loc":{"start":{"line":182,"column":4},"end":{"line":184,"column":null}},"type":"if","locations":[{"start":{"line":182,"column":4},"end":{"line":184,"column":null}},{"start":{},"end":{}}],"line":182},"17":{"loc":{"start":{"line":186,"column":4},"end":{"line":186,"column":null}},"type":"if","locations":[{"start":{"line":186,"column":4},"end":{"line":186,"column":null}},{"start":{},"end":{}}],"line":186},"18":{"loc":{"start":{"line":188,"column":22},"end":{"line":188,"column":null}},"type":"binary-expr","locations":[{"start":{"line":188,"column":22},"end":{"line":188,"column":42}},{"start":{"line":188,"column":42},"end":{"line":188,"column":null}}],"line":188},"19":{"loc":{"start":{"line":189,"column":20},"end":{"line":189,"column":null}},"type":"binary-expr","locations":[{"start":{"line":189,"column":20},"end":{"line":189,"column":39}},{"start":{"line":189,"column":39},"end":{"line":189,"column":null}}],"line":189},"20":{"loc":{"start":{"line":190,"column":20},"end":{"line":190,"column":null}},"type":"binary-expr","locations":[{"start":{"line":190,"column":20},"end":{"line":190,"column":39}},{"start":{"line":190,"column":39},"end":{"line":190,"column":null}}],"line":190},"21":{"loc":{"start":{"line":192,"column":4},"end":{"line":194,"column":null}},"type":"if","locations":[{"start":{"line":192,"column":4},"end":{"line":194,"column":null}},{"start":{},"end":{}}],"line":192},"22":{"loc":{"start":{"line":192,"column":8},"end":{"line":192,"column":43}},"type":"binary-expr","locations":[{"start":{"line":192,"column":8},"end":{"line":192,"column":21}},{"start":{"line":192,"column":21},"end":{"line":192,"column":33}},{"start":{"line":192,"column":33},"end":{"line":192,"column":43}}],"line":192},"23":{"loc":{"start":{"line":206,"column":40},"end":{"line":206,"column":97}},"type":"binary-expr","locations":[{"start":{"line":206,"column":40},"end":{"line":206,"column":57}},{"start":{"line":206,"column":57},"end":{"line":206,"column":97}}],"line":206},"24":{"loc":{"start":{"line":213,"column":4},"end":{"line":215,"column":null}},"type":"if","locations":[{"start":{"line":213,"column":4},"end":{"line":215,"column":null}},{"start":{},"end":{}}],"line":213},"25":{"loc":{"start":{"line":216,"column":22},"end":{"line":216,"column":null}},"type":"binary-expr","locations":[{"start":{"line":216,"column":22},"end":{"line":216,"column":54}},{"start":{"line":216,"column":54},"end":{"line":216,"column":null}}],"line":216},"26":{"loc":{"start":{"line":217,"column":20},"end":{"line":217,"column":null}},"type":"binary-expr","locations":[{"start":{"line":217,"column":20},"end":{"line":217,"column":51}},{"start":{"line":217,"column":51},"end":{"line":217,"column":null}}],"line":217},"27":{"loc":{"start":{"line":221,"column":4},"end":{"line":224,"column":null}},"type":"if","locations":[{"start":{"line":221,"column":4},"end":{"line":224,"column":null}},{"start":{},"end":{}}],"line":221},"28":{"loc":{"start":{"line":221,"column":8},"end":{"line":221,"column":31}},"type":"binary-expr","locations":[{"start":{"line":221,"column":8},"end":{"line":221,"column":21}},{"start":{"line":221,"column":21},"end":{"line":221,"column":31}}],"line":221},"29":{"loc":{"start":{"line":230,"column":20},"end":{"line":230,"column":null}},"type":"binary-expr","locations":[{"start":{"line":230,"column":20},"end":{"line":230,"column":50}},{"start":{"line":230,"column":50},"end":{"line":230,"column":null}}],"line":230},"30":{"loc":{"start":{"line":249,"column":4},"end":{"line":251,"column":null}},"type":"if","locations":[{"start":{"line":249,"column":4},"end":{"line":251,"column":null}},{"start":{},"end":{}}],"line":249},"31":{"loc":{"start":{"line":284,"column":4},"end":{"line":288,"column":null}},"type":"if","locations":[{"start":{"line":284,"column":4},"end":{"line":288,"column":null}},{"start":{"line":286,"column":11},"end":{"line":288,"column":null}}],"line":284},"32":{"loc":{"start":{"line":293,"column":0},"end":{"line":298,"column":null}},"type":"if","locations":[{"start":{"line":293,"column":0},"end":{"line":298,"column":null}},{"start":{},"end":{}}],"line":293},"33":{"loc":{"start":{"line":304,"column":18},"end":{"line":304,"column":null}},"type":"binary-expr","locations":[{"start":{"line":304,"column":18},"end":{"line":304,"column":37}},{"start":{"line":304,"column":37},"end":{"line":304,"column":null}}],"line":304},"34":{"loc":{"start":{"line":306,"column":20},"end":{"line":306,"column":null}},"type":"binary-expr","locations":[{"start":{"line":306,"column":20},"end":{"line":306,"column":41}},{"start":{"line":306,"column":41},"end":{"line":306,"column":null}}],"line":306},"35":{"loc":{"start":{"line":307,"column":16},"end":{"line":307,"column":null}},"type":"binary-expr","locations":[{"start":{"line":307,"column":16},"end":{"line":307,"column":33}},{"start":{"line":307,"column":33},"end":{"line":307,"column":null}}],"line":307},"36":{"loc":{"start":{"line":308,"column":19},"end":{"line":308,"column":null}},"type":"binary-expr","locations":[{"start":{"line":308,"column":19},"end":{"line":308,"column":39}},{"start":{"line":308,"column":39},"end":{"line":308,"column":null}}],"line":308},"37":{"loc":{"start":{"line":309,"column":25},"end":{"line":309,"column":null}},"type":"binary-expr","locations":[{"start":{"line":309,"column":25},"end":{"line":309,"column":51}},{"start":{"line":309,"column":51},"end":{"line":309,"column":null}}],"line":309},"38":{"loc":{"start":{"line":316,"column":4},"end":{"line":316,"column":null}},"type":"if","locations":[{"start":{"line":316,"column":4},"end":{"line":316,"column":null}},{"start":{},"end":{}}],"line":316},"39":{"loc":{"start":{"line":322,"column":18},"end":{"line":322,"column":null}},"type":"cond-expr","locations":[{"start":{"line":322,"column":42},"end":{"line":322,"column":53}},{"start":{"line":322,"column":53},"end":{"line":322,"column":null}}],"line":322},"40":{"loc":{"start":{"line":323,"column":30},"end":{"line":323,"column":45}},"type":"binary-expr","locations":[{"start":{"line":323,"column":30},"end":{"line":323,"column":41}},{"start":{"line":323,"column":41},"end":{"line":323,"column":45}}],"line":323},"41":{"loc":{"start":{"line":324,"column":29},"end":{"line":324,"column":43}},"type":"binary-expr","locations":[{"start":{"line":324,"column":29},"end":{"line":324,"column":39}},{"start":{"line":324,"column":39},"end":{"line":324,"column":43}}],"line":324},"42":{"loc":{"start":{"line":325,"column":30},"end":{"line":325,"column":45}},"type":"binary-expr","locations":[{"start":{"line":325,"column":30},"end":{"line":325,"column":41}},{"start":{"line":325,"column":41},"end":{"line":325,"column":45}}],"line":325},"43":{"loc":{"start":{"line":334,"column":4},"end":{"line":334,"column":null}},"type":"if","locations":[{"start":{"line":334,"column":4},"end":{"line":334,"column":null}},{"start":{},"end":{}}],"line":334},"44":{"loc":{"start":{"line":338,"column":4},"end":{"line":338,"column":null}},"type":"if","locations":[{"start":{"line":338,"column":4},"end":{"line":338,"column":null}},{"start":{},"end":{}}],"line":338},"45":{"loc":{"start":{"line":339,"column":4},"end":{"line":339,"column":null}},"type":"if","locations":[{"start":{"line":339,"column":4},"end":{"line":339,"column":null}},{"start":{},"end":{}}],"line":339},"46":{"loc":{"start":{"line":340,"column":4},"end":{"line":340,"column":null}},"type":"if","locations":[{"start":{"line":340,"column":4},"end":{"line":340,"column":null}},{"start":{},"end":{}}],"line":340},"47":{"loc":{"start":{"line":341,"column":4},"end":{"line":341,"column":null}},"type":"if","locations":[{"start":{"line":341,"column":4},"end":{"line":341,"column":null}},{"start":{},"end":{}}],"line":341},"48":{"loc":{"start":{"line":342,"column":4},"end":{"line":342,"column":null}},"type":"if","locations":[{"start":{"line":342,"column":4},"end":{"line":342,"column":null}},{"start":{},"end":{}}],"line":342},"49":{"loc":{"start":{"line":343,"column":4},"end":{"line":343,"column":null}},"type":"if","locations":[{"start":{"line":343,"column":4},"end":{"line":343,"column":null}},{"start":{},"end":{}}],"line":343},"50":{"loc":{"start":{"line":345,"column":4},"end":{"line":353,"column":null}},"type":"if","locations":[{"start":{"line":345,"column":4},"end":{"line":353,"column":null}},{"start":{},"end":{}}],"line":345},"51":{"loc":{"start":{"line":348,"column":22},"end":{"line":348,"column":null}},"type":"cond-expr","locations":[{"start":{"line":348,"column":55},"end":{"line":348,"column":66}},{"start":{"line":348,"column":66},"end":{"line":348,"column":null}}],"line":348},"52":{"loc":{"start":{"line":349,"column":34},"end":{"line":349,"column":58}},"type":"binary-expr","locations":[{"start":{"line":349,"column":34},"end":{"line":349,"column":54}},{"start":{"line":349,"column":54},"end":{"line":349,"column":58}}],"line":349},"53":{"loc":{"start":{"line":350,"column":33},"end":{"line":350,"column":56}},"type":"binary-expr","locations":[{"start":{"line":350,"column":33},"end":{"line":350,"column":52}},{"start":{"line":350,"column":52},"end":{"line":350,"column":56}}],"line":350},"54":{"loc":{"start":{"line":351,"column":34},"end":{"line":351,"column":58}},"type":"binary-expr","locations":[{"start":{"line":351,"column":34},"end":{"line":351,"column":54}},{"start":{"line":351,"column":54},"end":{"line":351,"column":58}}],"line":351},"55":{"loc":{"start":{"line":358,"column":4},"end":{"line":391,"column":null}},"type":"if","locations":[{"start":{"line":358,"column":4},"end":{"line":391,"column":null}},{"start":{},"end":{}}],"line":358},"56":{"loc":{"start":{"line":362,"column":8},"end":{"line":390,"column":null}},"type":"if","locations":[{"start":{"line":362,"column":8},"end":{"line":390,"column":null}},{"start":{},"end":{}}],"line":362},"57":{"loc":{"start":{"line":364,"column":12},"end":{"line":364,"column":null}},"type":"if","locations":[{"start":{"line":364,"column":12},"end":{"line":364,"column":null}},{"start":{},"end":{}}],"line":364},"58":{"loc":{"start":{"line":365,"column":12},"end":{"line":389,"column":null}},"type":"if","locations":[{"start":{"line":365,"column":12},"end":{"line":389,"column":null}},{"start":{"line":373,"column":12},"end":{"line":389,"column":null}}],"line":365},"59":{"loc":{"start":{"line":373,"column":12},"end":{"line":389,"column":null}},"type":"if","locations":[{"start":{"line":373,"column":12},"end":{"line":389,"column":null}},{"start":{"line":381,"column":19},"end":{"line":389,"column":null}}],"line":373},"60":{"loc":{"start":{"line":398,"column":4},"end":{"line":398,"column":null}},"type":"if","locations":[{"start":{"line":398,"column":4},"end":{"line":398,"column":null}},{"start":{},"end":{}}],"line":398},"61":{"loc":{"start":{"line":405,"column":4},"end":{"line":405,"column":null}},"type":"if","locations":[{"start":{"line":405,"column":4},"end":{"line":405,"column":null}},{"start":{},"end":{}}],"line":405},"62":{"loc":{"start":{"line":408,"column":4},"end":{"line":410,"column":null}},"type":"if","locations":[{"start":{"line":408,"column":4},"end":{"line":410,"column":null}},{"start":{},"end":{}}],"line":408},"63":{"loc":{"start":{"line":408,"column":8},"end":{"line":408,"column":45}},"type":"binary-expr","locations":[{"start":{"line":408,"column":8},"end":{"line":408,"column":28}},{"start":{"line":408,"column":28},"end":{"line":408,"column":45}}],"line":408},"64":{"loc":{"start":{"line":417,"column":8},"end":{"line":419,"column":null}},"type":"if","locations":[{"start":{"line":417,"column":8},"end":{"line":419,"column":null}},{"start":{},"end":{}}],"line":417},"65":{"loc":{"start":{"line":417,"column":12},"end":{"line":417,"column":63}},"type":"binary-expr","locations":[{"start":{"line":417,"column":12},"end":{"line":417,"column":36}},{"start":{"line":417,"column":36},"end":{"line":417,"column":63}}],"line":417},"66":{"loc":{"start":{"line":426,"column":4},"end":{"line":428,"column":null}},"type":"if","locations":[{"start":{"line":426,"column":4},"end":{"line":428,"column":null}},{"start":{},"end":{}}],"line":426},"67":{"loc":{"start":{"line":436,"column":4},"end":{"line":436,"column":null}},"type":"if","locations":[{"start":{"line":436,"column":4},"end":{"line":436,"column":null}},{"start":{},"end":{}}],"line":436},"68":{"loc":{"start":{"line":436,"column":8},"end":{"line":436,"column":70}},"type":"binary-expr","locations":[{"start":{"line":436,"column":8},"end":{"line":436,"column":37}},{"start":{"line":436,"column":37},"end":{"line":436,"column":70}}],"line":436},"69":{"loc":{"start":{"line":443,"column":4},"end":{"line":448,"column":null}},"type":"if","locations":[{"start":{"line":443,"column":4},"end":{"line":448,"column":null}},{"start":{"line":446,"column":11},"end":{"line":448,"column":null}}],"line":443},"70":{"loc":{"start":{"line":453,"column":4},"end":{"line":453,"column":null}},"type":"if","locations":[{"start":{"line":453,"column":4},"end":{"line":453,"column":null}},{"start":{},"end":{}}],"line":453},"71":{"loc":{"start":{"line":459,"column":4},"end":{"line":459,"column":null}},"type":"if","locations":[{"start":{"line":459,"column":4},"end":{"line":459,"column":null}},{"start":{},"end":{}}],"line":459},"72":{"loc":{"start":{"line":459,"column":8},"end":{"line":459,"column":70}},"type":"binary-expr","locations":[{"start":{"line":459,"column":8},"end":{"line":459,"column":37}},{"start":{"line":459,"column":37},"end":{"line":459,"column":70}}],"line":459},"73":{"loc":{"start":{"line":465,"column":4},"end":{"line":465,"column":null}},"type":"if","locations":[{"start":{"line":465,"column":4},"end":{"line":465,"column":null}},{"start":{},"end":{}}],"line":465},"74":{"loc":{"start":{"line":475,"column":23},"end":{"line":475,"column":null}},"type":"binary-expr","locations":[{"start":{"line":475,"column":23},"end":{"line":475,"column":52}},{"start":{"line":475,"column":52},"end":{"line":475,"column":null}}],"line":475},"75":{"loc":{"start":{"line":478,"column":4},"end":{"line":502,"column":null}},"type":"if","locations":[{"start":{"line":478,"column":4},"end":{"line":502,"column":null}},{"start":{"line":485,"column":4},"end":{"line":502,"column":null}}],"line":478},"76":{"loc":{"start":{"line":485,"column":4},"end":{"line":502,"column":null}},"type":"if","locations":[{"start":{"line":485,"column":4},"end":{"line":502,"column":null}},{"start":{"line":493,"column":11},"end":{"line":502,"column":null}}],"line":485},"77":{"loc":{"start":{"line":507,"column":4},"end":{"line":507,"column":null}},"type":"if","locations":[{"start":{"line":507,"column":4},"end":{"line":507,"column":null}},{"start":{},"end":{}}],"line":507},"78":{"loc":{"start":{"line":511,"column":4},"end":{"line":540,"column":null}},"type":"if","locations":[{"start":{"line":511,"column":4},"end":{"line":540,"column":null}},{"start":{},"end":{}}],"line":511},"79":{"loc":{"start":{"line":514,"column":12},"end":{"line":536,"column":null}},"type":"if","locations":[{"start":{"line":514,"column":12},"end":{"line":536,"column":null}},{"start":{},"end":{}}],"line":514},"80":{"loc":{"start":{"line":514,"column":16},"end":{"line":514,"column":45}},"type":"binary-expr","locations":[{"start":{"line":514,"column":16},"end":{"line":514,"column":27}},{"start":{"line":514,"column":27},"end":{"line":514,"column":45}}],"line":514},"81":{"loc":{"start":{"line":518,"column":16},"end":{"line":528,"column":null}},"type":"if","locations":[{"start":{"line":518,"column":16},"end":{"line":528,"column":null}},{"start":{},"end":{}}],"line":518},"82":{"loc":{"start":{"line":531,"column":16},"end":{"line":535,"column":null}},"type":"if","locations":[{"start":{"line":531,"column":16},"end":{"line":535,"column":null}},{"start":{},"end":{}}],"line":531},"83":{"loc":{"start":{"line":548,"column":0},"end":{"line":552,"column":null}},"type":"if","locations":[{"start":{"line":548,"column":0},"end":{"line":552,"column":null}},{"start":{},"end":{}}],"line":548},"84":{"loc":{"start":{"line":548,"column":4},"end":{"line":548,"column":68}},"type":"binary-expr","locations":[{"start":{"line":548,"column":4},"end":{"line":548,"column":45}},{"start":{"line":548,"column":45},"end":{"line":548,"column":68}}],"line":548}},"s":{"0":1,"1":1,"2":1,"3":1,"4":1,"5":1,"6":1,"7":1,"8":0,"9":0,"10":0,"11":0,"12":0,"13":0,"14":0,"15":0,"16":1,"17":1,"18":1,"19":1,"20":38,"21":38,"22":1,"23":37,"24":37,"25":1,"26":1,"27":36,"28":36,"29":1,"30":4,"31":4,"32":4,"33":4,"34":2,"35":2,"36":1,"37":1,"38":1,"39":3,"40":76,"41":3,"42":1,"43":1,"44":1,"45":1,"46":1,"47":2,"48":2,"49":1,"50":2,"51":1,"52":1,"53":1,"54":38,"55":1,"56":1,"57":2,"58":0,"59":2,"60":2,"61":2,"62":2,"63":2,"64":74,"65":1,"66":1,"67":1,"68":1,"69":1,"70":1,"71":1,"72":3,"73":0,"74":3,"75":3,"76":3,"77":1,"78":2,"79":2,"80":75,"81":2,"82":1,"83":1,"84":1,"85":1,"86":1,"87":1,"88":1,"89":1,"90":1,"91":1,"92":1,"93":5,"94":5,"95":1,"96":4,"97":4,"98":1,"99":3,"100":5,"101":5,"102":5,"103":1,"104":2,"105":2,"106":5,"107":0,"108":2,"109":2,"110":1,"111":5,"112":5,"113":1,"114":4,"115":5,"116":5,"117":5,"118":1,"119":1,"120":3,"121":3,"122":5,"123":3,"124":3,"125":0,"126":0,"127":1,"128":2,"129":2,"130":2,"131":2,"132":2,"133":2,"134":1,"135":1,"136":1,"137":2,"138":2,"139":2,"140":2,"141":2,"142":2,"143":1,"144":1,"145":1,"146":1,"147":1,"148":1,"149":1,"150":1,"151":0,"152":1,"153":1,"154":1,"155":1,"156":1,"157":0,"158":1,"159":3,"160":3,"161":1,"162":9,"163":0,"164":9,"165":9,"166":9,"167":9,"168":9,"169":1,"170":2,"171":0,"172":2,"173":2,"174":2,"175":2,"176":2,"177":1,"178":2,"179":1,"180":2,"181":1,"182":2,"183":1,"184":2,"185":1,"186":2,"187":0,"188":2,"189":2,"190":1,"191":1,"192":1,"193":1,"194":0,"195":0,"196":0,"197":0,"198":0,"199":0,"200":0,"201":2,"202":1,"203":1,"204":0,"205":1,"206":1,"207":2,"208":0,"209":2,"210":2,"211":0,"212":2,"213":2,"214":2,"215":6,"216":6,"217":2,"218":2,"219":2,"220":2,"221":0,"222":2,"223":2,"224":1,"225":2,"226":0,"227":2,"228":2,"229":2,"230":2,"231":2,"232":2,"233":1,"234":1,"235":1,"236":1,"237":0,"238":0,"239":0,"240":1,"241":1,"242":0,"243":1,"244":1,"245":1,"246":1,"247":1,"248":1,"249":0,"250":0,"251":1,"252":3,"253":3,"254":3,"255":3,"256":3,"257":3,"258":3,"259":3,"260":0,"261":0,"262":0,"263":0,"264":0,"265":1,"266":1,"267":1,"268":0,"269":1,"270":1,"271":0,"272":0,"273":0,"274":0,"275":0,"276":0,"277":0,"278":0,"279":0,"280":0,"281":0,"282":0,"283":0,"284":0,"285":0,"286":0,"287":0,"288":0,"289":1,"290":1,"291":1,"292":1,"293":1,"294":0,"295":0},"f":{"0":0,"1":0,"2":38,"3":37,"4":4,"5":76,"6":2,"7":38,"8":2,"9":74,"10":3,"11":75,"12":1,"13":5,"14":5,"15":2,"16":2,"17":1,"18":0,"19":3,"20":9,"21":2,"22":1,"23":2,"24":2,"25":0,"26":1,"27":3,"28":1,"29":0,"30":0},"b":{"0":[1,1],"1":[1,1],"2":[0,0],"3":[1,37],"4":[1,36],"5":[2,2],"6":[1,1],"7":[1,2],"8":[1,0],"9":[1,1],"10":[0,2],"11":[1,1],"12":[2,2],"13":[0,3],"14":[1,2],"15":[1,1],"16":[1,4],"17":[1,3],"18":[3,1],"19":[5,1],"20":[5,1],"21":[1,4],"22":[5,3,2],"23":[2,0],"24":[1,4],"25":[4,1],"26":[5,1],"27":[1,4],"28":[5,4],"29":[3,3],"30":[1,1],"31":[0,1],"32":[1,0],"33":[3,0],"34":[3,0],"35":[3,0],"36":[3,0],"37":[3,0],"38":[0,9],"39":[1,8],"40":[9,2],"41":[9,8],"42":[9,2],"43":[0,2],"44":[2,0],"45":[1,1],"46":[1,1],"47":[1,1],"48":[1,1],"49":[1,1],"50":[0,2],"51":[0,0],"52":[0,0],"53":[0,0],"54":[0,0],"55":[1,1],"56":[0,1],"57":[0,0],"58":[0,0],"59":[0,0],"60":[0,1],"61":[0,2],"62":[0,2],"63":[2,2],"64":[6,0],"65":[6,6],"66":[0,2],"67":[0,2],"68":[2,0],"69":[1,1],"70":[0,0],"71":[0,1],"72":[1,0],"73":[1,0],"74":[3,1],"75":[3,0],"76":[0,0],"77":[0,1],"78":[0,1],"79":[0,0],"80":[0,0],"81":[0,0],"82":[0,0],"83":[0,1],"84":[1,1]},"meta":{"lastBranch":85,"lastFunction":31,"lastStatement":296,"seen":{"s:7:30:7:Infinity":0,"s:9:19:9:Infinity":1,"s:10:18:10:Infinity":2,"s:17:0:17:Infinity":3,"s:23:6:23:Infinity":4,"s:25:13:25:Infinity":5,"b:25:13:25:33:25:33:25:Infinity":0,"s:26:15:26:Infinity":6,"b:26:15:26:41:26:41:26:Infinity":1,"s:29:16:43:Infinity":7,"f:30:17:30:18":0,"s:31:14:31:Infinity":8,"s:32:26:32:Infinity":9,"s:33:25:33:Infinity":10,"s:34:26:34:Infinity":11,"b:35:8:37:Infinity:undefined:undefined:undefined:undefined":2,"s:35:8:37:Infinity":12,"s:36:12:36:Infinity":13,"s:38:8:38:Infinity":14,"f:40:14:40:15":1,"s:41:8:41:Infinity":15,"s:44:6:44:Infinity":16,"s:46:0:46:Infinity":17,"s:47:0:47:Infinity":18,"s:58:21:70:Infinity":19,"f:58:21:58:22":2,"s:59:18:59:Infinity":20,"b:60:4:60:Infinity:undefined:undefined:undefined:undefined":3,"s:60:4:60:Infinity":21,"s:60:16:60:Infinity":22,"s:62:4:69:Infinity":23,"f:62:30:62:31":3,"b:63:8:66:Infinity:undefined:undefined:undefined:undefined":4,"s:63:8:66:Infinity":24,"s:64:12:64:Infinity":25,"s:65:12:65:Infinity":26,"s:67:8:67:Infinity":27,"s:68:8:68:Infinity":28,"s:73:0:112:Infinity":29,"f:73:23:73:30":4,"s:74:35:74:Infinity":30,"s:75:10:75:Infinity":31,"s:77:4:77:Infinity":32,"b:80:4:92:Infinity:undefined:undefined:undefined:undefined":5,"s:80:4:92:Infinity":33,"s:81:22:81:Infinity":34,"b:82:8:91:Infinity:undefined:undefined:undefined:undefined":6,"s:82:8:91:Infinity":35,"s:83:12:83:Infinity":36,"s:84:26:84:Infinity":37,"s:85:12:90:Infinity":38,"s:95:17:95:Infinity":39,"f:95:40:95:45":5,"s:95:45:95:68":40,"b:96:4:108:Infinity:undefined:undefined:undefined:undefined":7,"s:96:4:108:Infinity":41,"s:97:22:97:Infinity":42,"b:98:8:107:Infinity:undefined:undefined:undefined:undefined":8,"s:98:8:107:Infinity":43,"s:99:12:99:Infinity":44,"s:100:26:100:Infinity":45,"s:101:12:106:Infinity":46,"s:110:4:110:Infinity":47,"s:111:4:111:Infinity":48,"s:115:0:123:Infinity":49,"f:115:42:115:43":6,"b:116:4:116:Infinity:undefined:undefined:undefined:undefined":9,"s:116:4:116:Infinity":50,"s:116:35:116:Infinity":51,"s:117:10:117:Infinity":52,"s:118:18:121:Infinity":53,"f:120:33:120:39":7,"s:120:39:120:78":54,"s:122:4:122:Infinity":55,"s:126:0:146:Infinity":56,"f:126:43:126:50":8,"b:127:4:127:Infinity:undefined:undefined:undefined:undefined":10,"s:127:4:127:Infinity":57,"s:127:35:127:Infinity":58,"s:129:41:129:Infinity":59,"s:131:10:131:Infinity":60,"s:132:10:132:Infinity":61,"s:134:10:134:Infinity":62,"b:136:4:138:Infinity:undefined:undefined:undefined:undefined":11,"s:136:4:138:Infinity":63,"b:136:8:136:69:136:69:136:115":12,"f:136:31:136:36":9,"s:136:36:136:64":64,"s:137:8:137:Infinity":65,"s:140:25:140:Infinity":66,"s:141:4:141:Infinity":67,"s:142:4:142:Infinity":68,"s:144:4:144:Infinity":69,"s:145:4:145:Infinity":70,"s:149:0:168:Infinity":71,"f:149:55:149:56":10,"b:150:4:150:Infinity:undefined:undefined:undefined:undefined":13,"s:150:4:150:Infinity":72,"s:150:35:150:Infinity":73,"s:151:21:151:Infinity":74,"s:152:10:152:Infinity":75,"b:154:4:156:Infinity:undefined:undefined:undefined:undefined":14,"s:154:4:156:Infinity":76,"s:155:8:155:Infinity":77,"s:158:23:158:Infinity":78,"s:159:4:159:Infinity":79,"f:159:49:159:54":11,"s:159:54:159:77":80,"b:161:4:163:Infinity:undefined:undefined:undefined:undefined":15,"s:161:4:163:Infinity":81,"s:162:8:162:Infinity":82,"s:165:4:165:Infinity":83,"s:166:4:166:Infinity":84,"s:167:4:167:Infinity":85,"s:171:0:177:Infinity":86,"f:171:22:171:23":12,"s:172:10:172:Infinity":87,"s:173:22:173:Infinity":88,"s:174:21:174:Infinity":89,"s:175:10:175:Infinity":90,"s:176:4:176:Infinity":91,"s:180:0:208:Infinity":92,"f:180:44:180:51":13,"s:181:10:181:Infinity":93,"b:182:4:184:Infinity:undefined:undefined:undefined:undefined":16,"s:182:4:184:Infinity":94,"s:183:8:183:Infinity":95,"s:185:104:185:Infinity":96,"b:186:4:186:Infinity:undefined:undefined:undefined:undefined":17,"s:186:4:186:Infinity":97,"s:186:18:186:Infinity":98,"s:188:22:188:Infinity":99,"b:188:22:188:42:188:42:188:Infinity":18,"s:189:20:189:Infinity":100,"b:189:20:189:39:189:39:189:Infinity":19,"s:190:20:190:Infinity":101,"b:190:20:190:39:190:39:190:Infinity":20,"b:192:4:194:Infinity:undefined:undefined:undefined:undefined":21,"s:192:4:194:Infinity":102,"b:192:8:192:21:192:21:192:33:192:33:192:43":22,"s:193:8:193:Infinity":103,"s:196:4:207:Infinity":104,"s:197:24:201:Infinity":105,"s:202:24:202:Infinity":106,"s:203:8:203:Infinity":107,"s:205:8:205:Infinity":108,"s:206:8:206:Infinity":109,"b:206:40:206:57:206:57:206:97":23,"s:211:0:239:Infinity":110,"f:211:40:211:47":14,"s:212:10:212:Infinity":111,"b:213:4:215:Infinity:undefined:undefined:undefined:undefined":24,"s:213:4:215:Infinity":112,"s:214:8:214:Infinity":113,"s:216:22:216:Infinity":114,"b:216:22:216:54:216:54:216:Infinity":25,"s:217:20:217:Infinity":115,"b:217:20:217:51:217:51:217:Infinity":26,"s:219:4:219:Infinity":116,"b:221:4:224:Infinity:undefined:undefined:undefined:undefined":27,"s:221:4:224:Infinity":117,"b:221:8:221:21:221:21:221:31":28,"s:222:8:222:Infinity":118,"s:223:8:223:Infinity":119,"s:226:4:238:Infinity":120,"s:227:24:231:Infinity":121,"b:230:20:230:50:230:50:230:Infinity":29,"s:232:23:232:Infinity":122,"s:233:8:233:Infinity":123,"s:234:8:234:Infinity":124,"s:236:8:236:Infinity":125,"s:237:8:237:Infinity":126,"s:242:0:254:Infinity":127,"f:242:28:242:29":15,"s:243:10:243:Infinity":128,"s:244:22:244:Infinity":129,"s:245:21:245:Infinity":130,"s:246:17:246:Infinity":131,"s:247:10:247:Infinity":132,"b:249:4:251:Infinity:undefined:undefined:undefined:undefined":30,"s:249:4:251:Infinity":133,"s:250:8:250:Infinity":134,"s:253:4:253:Infinity":135,"s:257:0:273:Infinity":136,"f:257:37:257:38":16,"s:258:52:258:Infinity":137,"s:259:10:259:Infinity":138,"s:260:22:260:Infinity":139,"s:261:21:261:Infinity":140,"s:263:4:270:Infinity":141,"s:272:4:272:Infinity":142,"s:276:0:289:Infinity":143,"f:276:33:276:34":17,"s:277:10:277:Infinity":144,"s:278:22:278:Infinity":145,"s:279:21:279:Infinity":146,"s:280:22:280:Infinity":147,"s:281:21:281:Infinity":148,"s:282:21:282:Infinity":149,"b:284:4:288:Infinity:286:11:288:Infinity":31,"s:284:4:288:Infinity":150,"s:285:8:285:Infinity":151,"s:287:8:287:Infinity":152,"s:292:17:292:Infinity":153,"b:293:0:298:Infinity:undefined:undefined:undefined:undefined":32,"s:293:0:298:Infinity":154,"s:294:4:294:Infinity":155,"s:295:4:297:Infinity":156,"f:295:28:295:29":18,"s:296:8:296:Infinity":157,"s:301:0:312:Infinity":158,"f:301:23:301:24":19,"s:302:10:302:Infinity":159,"s:303:4:311:Infinity":160,"b:304:18:304:37:304:37:304:Infinity":33,"b:306:20:306:41:306:41:306:Infinity":34,"b:307:16:307:33:307:33:307:Infinity":35,"b:308:19:308:39:308:39:308:Infinity":36,"b:309:25:309:51:309:51:309:Infinity":37,"s:315:0:330:Infinity":161,"f:315:47:315:48":20,"b:316:4:316:Infinity:undefined:undefined:undefined:undefined":38,"s:316:4:316:Infinity":162,"s:316:35:316:Infinity":163,"s:317:10:317:Infinity":164,"s:318:60:318:Infinity":165,"s:320:4:326:Infinity":166,"b:322:42:322:53:322:53:322:Infinity":39,"b:323:30:323:41:323:41:323:45":40,"b:324:29:324:39:324:39:324:43":41,"b:325:30:325:41:325:41:325:45":42,"s:328:4:328:Infinity":167,"s:329:4:329:Infinity":168,"s:333:0:394:Infinity":169,"f:333:44:333:45":21,"b:334:4:334:Infinity:undefined:undefined:undefined:undefined":43,"s:334:4:334:Infinity":170,"s:334:35:334:Infinity":171,"s:335:10:335:Infinity":172,"s:336:97:336:Infinity":173,"b:338:4:338:Infinity:undefined:undefined:undefined:undefined":44,"s:338:4:338:Infinity":174,"s:338:18:338:Infinity":175,"b:339:4:339:Infinity:undefined:undefined:undefined:undefined":45,"s:339:4:339:Infinity":176,"s:339:22:339:Infinity":177,"b:340:4:340:Infinity:undefined:undefined:undefined:undefined":46,"s:340:4:340:Infinity":178,"s:340:34:340:Infinity":179,"b:341:4:341:Infinity:undefined:undefined:undefined:undefined":47,"s:341:4:341:Infinity":180,"s:341:16:341:Infinity":181,"b:342:4:342:Infinity:undefined:undefined:undefined:undefined":48,"s:342:4:342:Infinity":182,"s:342:19:342:Infinity":183,"b:343:4:343:Infinity:undefined:undefined:undefined:undefined":49,"s:343:4:343:Infinity":184,"s:343:25:343:Infinity":185,"b:345:4:353:Infinity:undefined:undefined:undefined:undefined":50,"s:345:4:353:Infinity":186,"s:346:8:352:Infinity":187,"b:348:55:348:66:348:66:348:Infinity":51,"b:349:34:349:54:349:54:349:58":52,"b:350:33:350:52:350:52:350:56":53,"b:351:34:351:54:351:54:351:58":54,"s:355:4:355:Infinity":188,"b:358:4:391:Infinity:undefined:undefined:undefined:undefined":55,"s:358:4:391:Infinity":189,"s:359:26:359:Infinity":190,"s:360:25:360:Infinity":191,"s:361:26:361:Infinity":192,"b:362:8:390:Infinity:undefined:undefined:undefined:undefined":56,"s:362:8:390:Infinity":193,"b:364:12:364:Infinity:undefined:undefined:undefined:undefined":57,"s:364:12:364:Infinity":194,"s:364:42:364:Infinity":195,"b:365:12:389:Infinity:373:12:389:Infinity":58,"s:365:12:389:Infinity":196,"s:366:16:372:Infinity":197,"b:373:12:389:Infinity:381:19:389:Infinity":59,"s:373:12:389:Infinity":198,"s:374:16:380:Infinity":199,"s:382:16:388:Infinity":200,"s:393:4:393:Infinity":201,"s:397:0:401:Infinity":202,"f:397:43:397:44":22,"b:398:4:398:Infinity:undefined:undefined:undefined:undefined":60,"s:398:4:398:Infinity":203,"s:398:35:398:Infinity":204,"s:400:4:400:Infinity":205,"s:404:0:432:Infinity":206,"f:404:50:404:51":23,"b:405:4:405:Infinity:undefined:undefined:undefined:undefined":61,"s:405:4:405:Infinity":207,"s:405:35:405:Infinity":208,"s:406:17:406:Infinity":209,"b:408:4:410:Infinity:undefined:undefined:undefined:undefined":62,"s:408:4:410:Infinity":210,"b:408:8:408:28:408:28:408:45":63,"s:409:8:409:Infinity":211,"s:412:19:412:Infinity":212,"s:415:33:415:Infinity":213,"s:416:4:420:Infinity":214,"b:417:8:419:Infinity:undefined:undefined:undefined:undefined":64,"s:417:8:419:Infinity":215,"b:417:12:417:36:417:36:417:63":65,"s:418:12:418:Infinity":216,"s:422:10:422:Infinity":217,"s:423:22:423:Infinity":218,"s:424:21:424:Infinity":219,"b:426:4:428:Infinity:undefined:undefined:undefined:undefined":66,"s:426:4:428:Infinity":220,"s:427:8:427:Infinity":221,"s:430:4:430:Infinity":222,"s:431:4:431:Infinity":223,"s:435:0:449:Infinity":224,"f:435:45:435:46":24,"b:436:4:436:Infinity:undefined:undefined:undefined:undefined":67,"s:436:4:436:Infinity":225,"b:436:8:436:37:436:37:436:70":68,"s:436:70:436:Infinity":226,"s:437:17:437:Infinity":227,"s:438:10:438:Infinity":228,"s:439:22:439:Infinity":229,"s:440:21:440:Infinity":230,"s:441:21:441:Infinity":231,"b:443:4:448:Infinity:446:11:448:Infinity":69,"s:443:4:448:Infinity":232,"s:444:8:444:Infinity":233,"s:445:8:445:Infinity":234,"s:447:8:447:Infinity":235,"s:452:0:455:Infinity":236,"f:452:68:452:69":25,"b:453:4:453:Infinity:undefined:undefined:undefined:undefined":70,"s:453:4:453:Infinity":237,"s:453:19:453:Infinity":238,"s:454:4:454:Infinity":239,"s:458:0:468:Infinity":240,"f:458:43:458:44":26,"b:459:4:459:Infinity:undefined:undefined:undefined:undefined":71,"s:459:4:459:Infinity":241,"b:459:8:459:37:459:37:459:70":72,"s:459:70:459:Infinity":242,"s:460:10:460:Infinity":243,"s:461:22:461:Infinity":244,"s:462:21:462:Infinity":245,"s:463:22:463:Infinity":246,"b:465:4:465:Infinity:undefined:undefined:undefined:undefined":73,"s:465:4:465:Infinity":247,"s:465:35:465:Infinity":248,"s:466:18:466:Infinity":249,"s:467:4:467:Infinity":250,"s:471:0:503:Infinity":251,"f:471:22:471:23":27,"s:472:10:472:Infinity":252,"s:473:22:473:Infinity":253,"s:474:21:474:Infinity":254,"s:475:23:475:Infinity":255,"b:475:23:475:52:475:52:475:Infinity":74,"s:476:22:476:Infinity":256,"b:478:4:502:Infinity:485:4:502:Infinity":75,"s:478:4:502:Infinity":257,"s:479:8:484:Infinity":258,"s:480:12:480:Infinity":259,"s:482:12:482:Infinity":260,"s:483:12:483:Infinity":261,"b:485:4:502:Infinity:493:11:502:Infinity":76,"s:485:4:502:Infinity":262,"s:486:8:492:Infinity":263,"s:495:8:501:Infinity":264,"s:505:0:546:Infinity":265,"f:505:23:505:24":28,"s:506:29:506:Infinity":266,"b:507:4:507:Infinity:undefined:undefined:undefined:undefined":77,"s:507:4:507:Infinity":267,"s:507:23:507:Infinity":268,"s:510:18:510:Infinity":269,"b:511:4:540:Infinity:undefined:undefined:undefined:undefined":78,"s:511:4:540:Infinity":270,"s:512:8:539:Infinity":271,"s:513:28:513:Infinity":272,"b:514:12:536:Infinity:undefined:undefined:undefined:undefined":79,"s:514:12:536:Infinity":273,"b:514:16:514:27:514:27:514:45":80,"s:515:22:515:Infinity":274,"b:518:16:528:Infinity:undefined:undefined:undefined:undefined":81,"s:518:16:528:Infinity":275,"s:519:20:519:Infinity":276,"s:520:20:520:Infinity":277,"s:522:26:522:Infinity":278,"s:523:20:523:Infinity":279,"s:524:20:524:Infinity":280,"s:526:20:526:Infinity":281,"s:527:20:527:Infinity":282,"s:530:34:530:Infinity":283,"f:530:62:530:67":29,"s:530:67:530:98":284,"b:531:16:535:Infinity:undefined:undefined:undefined:undefined":82,"s:531:16:535:Infinity":285,"s:532:20:532:Infinity":286,"s:533:20:533:Infinity":287,"s:534:20:534:Infinity":288,"s:542:10:542:Infinity":289,"s:543:4:543:Infinity":290,"s:544:4:544:Infinity":291,"s:545:4:545:Infinity":292,"b:548:0:552:Infinity:undefined:undefined:undefined:undefined":83,"s:548:0:552:Infinity":293,"b:548:4:548:45:548:45:548:68":84,"s:549:4:551:Infinity":294,"f:549:21:549:27":30,"s:550:8:550:Infinity":295}}}
,"/home/mlapointe/secure/git/freebsdguy/server/lib/ai-service.ts": {"path":"/home/mlapointe/secure/git/freebsdguy/server/lib/ai-service.ts","statementMap":{"0":{"start":{"line":13,"column":8},"end":{"line":13,"column":null}},"1":{"start":{"line":22,"column":8},"end":{"line":22,"column":null}},"2":{"start":{"line":23,"column":8},"end":{"line":46,"column":null}},"3":{"start":{"line":24,"column":29},"end":{"line":37,"column":null}},"4":{"start":{"line":39,"column":12},"end":{"line":39,"column":null}},"5":{"start":{"line":41,"column":12},"end":{"line":41,"column":null}},"6":{"start":{"line":42,"column":12},"end":{"line":44,"column":null}},"7":{"start":{"line":43,"column":16},"end":{"line":43,"column":null}},"8":{"start":{"line":45,"column":12},"end":{"line":45,"column":null}},"9":{"start":{"line":50,"column":8},"end":{"line":50,"column":null}},"10":{"start":{"line":51,"column":8},"end":{"line":57,"column":null}},"11":{"start":{"line":52,"column":29},"end":{"line":52,"column":null}},"12":{"start":{"line":53,"column":12},"end":{"line":53,"column":null}},"13":{"start":{"line":53,"column":64},"end":{"line":53,"column":70}},"14":{"start":{"line":55,"column":12},"end":{"line":55,"column":null}},"15":{"start":{"line":56,"column":12},"end":{"line":56,"column":null}},"16":{"start":{"line":63,"column":8},"end":{"line":63,"column":null}},"17":{"start":{"line":64,"column":8},"end":{"line":95,"column":null}},"18":{"start":{"line":65,"column":24},"end":{"line":65,"column":null}},"19":{"start":{"line":66,"column":29},"end":{"line":84,"column":null}},"20":{"start":{"line":85,"column":12},"end":{"line":85,"column":null}},"21":{"start":{"line":87,"column":12},"end":{"line":87,"column":null}},"22":{"start":{"line":88,"column":12},"end":{"line":90,"column":null}},"23":{"start":{"line":89,"column":16},"end":{"line":89,"column":null}},"24":{"start":{"line":91,"column":12},"end":{"line":93,"column":null}},"25":{"start":{"line":92,"column":16},"end":{"line":92,"column":null}},"26":{"start":{"line":94,"column":12},"end":{"line":94,"column":null}},"27":{"start":{"line":100,"column":8},"end":{"line":100,"column":null}},"28":{"start":{"line":106,"column":8},"end":{"line":110,"column":null}},"29":{"start":{"line":107,"column":12},"end":{"line":107,"column":null}},"30":{"start":{"line":109,"column":12},"end":{"line":109,"column":null}}},"fnMap":{"0":{"name":"(anonymous_0)","decl":{"start":{"line":12,"column":4},"end":{"line":12,"column":16}},"loc":{"start":{"line":12,"column":41},"end":{"line":14,"column":null}},"line":12},"1":{"name":"(anonymous_1)","decl":{"start":{"line":21,"column":10},"end":{"line":21,"column":20}},"loc":{"start":{"line":21,"column":54},"end":{"line":47,"column":null}},"line":21},"2":{"name":"(anonymous_2)","decl":{"start":{"line":49,"column":10},"end":{"line":49,"column":41}},"loc":{"start":{"line":49,"column":41},"end":{"line":58,"column":null}},"line":49},"3":{"name":"(anonymous_3)","decl":{"start":{"line":53,"column":52},"end":{"line":53,"column":53}},"loc":{"start":{"line":53,"column":64},"end":{"line":53,"column":70}},"line":53},"4":{"name":"(anonymous_4)","decl":{"start":{"line":62,"column":10},"end":{"line":62,"column":20}},"loc":{"start":{"line":62,"column":54},"end":{"line":96,"column":null}},"line":62},"5":{"name":"(anonymous_5)","decl":{"start":{"line":98,"column":10},"end":{"line":98,"column":41}},"loc":{"start":{"line":98,"column":41},"end":{"line":101,"column":null}},"line":98},"6":{"name":"(anonymous_6)","decl":{"start":{"line":105,"column":11},"end":{"line":105,"column":18}},"loc":{"start":{"line":105,"column":85},"end":{"line":111,"column":null}},"line":105}},"branchMap":{"0":{"loc":{"start":{"line":42,"column":12},"end":{"line":44,"column":null}},"type":"if","locations":[{"start":{"line":42,"column":12},"end":{"line":44,"column":null}},{"start":{},"end":{}}],"line":42},"1":{"loc":{"start":{"line":53,"column":20},"end":{"line":53,"column":48}},"type":"binary-expr","locations":[{"start":{"line":53,"column":20},"end":{"line":53,"column":44}},{"start":{"line":53,"column":44},"end":{"line":53,"column":48}}],"line":53},"2":{"loc":{"start":{"line":80,"column":37},"end":{"line":80,"column":null}},"type":"cond-expr","locations":[{"start":{"line":80,"column":58},"end":{"line":80,"column":91}},{"start":{"line":80,"column":91},"end":{"line":80,"column":null}}],"line":80},"3":{"loc":{"start":{"line":88,"column":12},"end":{"line":90,"column":null}},"type":"if","locations":[{"start":{"line":88,"column":12},"end":{"line":90,"column":null}},{"start":{},"end":{}}],"line":88},"4":{"loc":{"start":{"line":91,"column":12},"end":{"line":93,"column":null}},"type":"if","locations":[{"start":{"line":91,"column":12},"end":{"line":93,"column":null}},{"start":{},"end":{}}],"line":91},"5":{"loc":{"start":{"line":106,"column":8},"end":{"line":110,"column":null}},"type":"if","locations":[{"start":{"line":106,"column":8},"end":{"line":110,"column":null}},{"start":{"line":108,"column":15},"end":{"line":110,"column":null}}],"line":106}},"s":{"0":9,"1":4,"2":4,"3":4,"4":1,"5":3,"6":3,"7":2,"8":1,"9":3,"10":3,"11":3,"12":2,"13":31,"14":1,"15":1,"16":5,"17":5,"18":5,"19":5,"20":1,"21":4,"22":4,"23":2,"24":2,"25":1,"26":1,"27":3,"28":7,"29":3,"30":4},"f":{"0":9,"1":4,"2":3,"3":31,"4":5,"5":3,"6":2},"b":{"0":[2,1],"1":[2,0],"2":[4,1],"3":[2,2],"4":[1,1],"5":[3,4]},"meta":{"lastBranch":6,"lastFunction":7,"lastStatement":31,"seen":{"f:12:4:12:16":0,"s:13:8:13:Infinity":0,"f:21:10:21:20":1,"s:22:8:22:Infinity":1,"s:23:8:46:Infinity":2,"s:24:29:37:Infinity":3,"s:39:12:39:Infinity":4,"s:41:12:41:Infinity":5,"b:42:12:44:Infinity:undefined:undefined:undefined:undefined":0,"s:42:12:44:Infinity":6,"s:43:16:43:Infinity":7,"s:45:12:45:Infinity":8,"f:49:10:49:41":2,"s:50:8:50:Infinity":9,"s:51:8:57:Infinity":10,"s:52:29:52:Infinity":11,"s:53:12:53:Infinity":12,"b:53:20:53:44:53:44:53:48":1,"f:53:52:53:53":3,"s:53:64:53:70":13,"s:55:12:55:Infinity":14,"s:56:12:56:Infinity":15,"f:62:10:62:20":4,"s:63:8:63:Infinity":16,"s:64:8:95:Infinity":17,"s:65:24:65:Infinity":18,"s:66:29:84:Infinity":19,"b:80:58:80:91:80:91:80:Infinity":2,"s:85:12:85:Infinity":20,"s:87:12:87:Infinity":21,"b:88:12:90:Infinity:undefined:undefined:undefined:undefined":3,"s:88:12:90:Infinity":22,"s:89:16:89:Infinity":23,"b:91:12:93:Infinity:undefined:undefined:undefined:undefined":4,"s:91:12:93:Infinity":24,"s:92:16:92:Infinity":25,"s:94:12:94:Infinity":26,"f:98:10:98:41":5,"s:100:8:100:Infinity":27,"f:105:11:105:18":6,"b:106:8:110:Infinity:108:15:110:Infinity":5,"s:106:8:110:Infinity":28,"s:107:12:107:Infinity":29,"s:109:12:109:Infinity":30}}}
,"/home/mlapointe/secure/git/freebsdguy/server/lib/auth.ts": {"path":"/home/mlapointe/secure/git/freebsdguy/server/lib/auth.ts","statementMap":{"0":{"start":{"line":4,"column":30},"end":{"line":20,"column":null}},"1":{"start":{"line":5,"column":20},"end":{"line":5,"column":null}},"2":{"start":{"line":6,"column":27},"end":{"line":6,"column":null}},"3":{"start":{"line":8,"column":4},"end":{"line":17,"column":null}},"4":{"start":{"line":9,"column":8},"end":{"line":9,"column":null}},"5":{"start":{"line":10,"column":8},"end":{"line":10,"column":null}},"6":{"start":{"line":11,"column":4},"end":{"line":17,"column":null}},"7":{"start":{"line":12,"column":26},"end":{"line":12,"column":null}},"8":{"start":{"line":12,"column":62},"end":{"line":12,"column":85}},"9":{"start":{"line":13,"column":8},"end":{"line":16,"column":null}},"10":{"start":{"line":14,"column":12},"end":{"line":14,"column":null}},"11":{"start":{"line":15,"column":12},"end":{"line":15,"column":null}},"12":{"start":{"line":19,"column":4},"end":{"line":19,"column":null}}},"fnMap":{"0":{"name":"(anonymous_0)","decl":{"start":{"line":4,"column":30},"end":{"line":4,"column":37}},"loc":{"start":{"line":4,"column":162},"end":{"line":20,"column":null}},"line":4},"1":{"name":"(anonymous_1)","decl":{"start":{"line":12,"column":57},"end":{"line":12,"column":62}},"loc":{"start":{"line":12,"column":62},"end":{"line":12,"column":85}},"line":12}},"branchMap":{"0":{"loc":{"start":{"line":8,"column":4},"end":{"line":17,"column":null}},"type":"if","locations":[{"start":{"line":8,"column":4},"end":{"line":17,"column":null}},{"start":{"line":11,"column":4},"end":{"line":17,"column":null}}],"line":8},"1":{"loc":{"start":{"line":8,"column":8},"end":{"line":8,"column":76}},"type":"binary-expr","locations":[{"start":{"line":8,"column":8},"end":{"line":8,"column":32}},{"start":{"line":8,"column":32},"end":{"line":8,"column":76}}],"line":8},"2":{"loc":{"start":{"line":11,"column":4},"end":{"line":17,"column":null}},"type":"if","locations":[{"start":{"line":11,"column":4},"end":{"line":17,"column":null}},{"start":{},"end":{}}],"line":11},"3":{"loc":{"start":{"line":13,"column":8},"end":{"line":16,"column":null}},"type":"if","locations":[{"start":{"line":13,"column":8},"end":{"line":16,"column":null}},{"start":{},"end":{}}],"line":13}},"s":{"0":1,"1":3,"2":3,"3":3,"4":1,"5":1,"6":2,"7":2,"8":2,"9":2,"10":1,"11":1,"12":3},"f":{"0":3,"1":2},"b":{"0":[1,2],"1":[3,3],"2":[2,0],"3":[1,1]},"meta":{"lastBranch":4,"lastFunction":2,"lastStatement":13,"seen":{"s:4:30:20:Infinity":0,"f:4:30:4:37":0,"s:5:20:5:Infinity":1,"s:6:27:6:Infinity":2,"b:8:4:17:Infinity:11:4:17:Infinity":0,"s:8:4:17:Infinity":3,"b:8:8:8:32:8:32:8:76":1,"s:9:8:9:Infinity":4,"s:10:8:10:Infinity":5,"b:11:4:17:Infinity:undefined:undefined:undefined:undefined":2,"s:11:4:17:Infinity":6,"s:12:26:12:Infinity":7,"f:12:57:12:62":1,"s:12:62:12:85":8,"b:13:8:16:Infinity:undefined:undefined:undefined:undefined":3,"s:13:8:16:Infinity":9,"s:14:12:14:Infinity":10,"s:15:12:15:Infinity":11,"s:19:4:19:Infinity":12}}}
,"/home/mlapointe/secure/git/freebsdguy/server/lib/config.ts": {"path":"/home/mlapointe/secure/git/freebsdguy/server/lib/config.ts","statementMap":{"0":{"start":{"line":4,"column":30},"end":{"line":4,"column":null}},"1":{"start":{"line":6,"column":19},"end":{"line":6,"column":null}},"2":{"start":{"line":7,"column":18},"end":{"line":7,"column":null}},"3":{"start":{"line":9,"column":17},"end":{"line":9,"column":null}},"4":{"start":{"line":11,"column":25},"end":{"line":50,"column":null}},"5":{"start":{"line":12,"column":4},"end":{"line":12,"column":null}},"6":{"start":{"line":12,"column":32},"end":{"line":12,"column":null}},"7":{"start":{"line":14,"column":22},"end":{"line":18,"column":null}},"8":{"start":{"line":21,"column":27},"end":{"line":21,"column":null}},"9":{"start":{"line":22,"column":4},"end":{"line":28,"column":null}},"10":{"start":{"line":23,"column":8},"end":{"line":23,"column":null}},"11":{"start":{"line":24,"column":4},"end":{"line":28,"column":null}},"12":{"start":{"line":25,"column":8},"end":{"line":25,"column":null}},"13":{"start":{"line":27,"column":8},"end":{"line":27,"column":null}},"14":{"start":{"line":30,"column":4},"end":{"line":46,"column":null}},"15":{"start":{"line":31,"column":8},"end":{"line":45,"column":null}},"16":{"start":{"line":33,"column":12},"end":{"line":42,"column":null}},"17":{"start":{"line":34,"column":16},"end":{"line":34,"column":null}},"18":{"start":{"line":35,"column":16},"end":{"line":35,"column":null}},"19":{"start":{"line":37,"column":31},"end":{"line":37,"column":null}},"20":{"start":{"line":38,"column":16},"end":{"line":41,"column":null}},"21":{"start":{"line":39,"column":20},"end":{"line":39,"column":null}},"22":{"start":{"line":40,"column":20},"end":{"line":40,"column":null}},"23":{"start":{"line":44,"column":12},"end":{"line":44,"column":null}},"24":{"start":{"line":49,"column":4},"end":{"line":49,"column":null}},"25":{"start":{"line":52,"column":22},"end":{"line":52,"column":null}},"26":{"start":{"line":54,"column":26},"end":{"line":54,"column":null}},"27":{"start":{"line":54,"column":32},"end":{"line":54,"column":null}},"28":{"start":{"line":55,"column":25},"end":{"line":55,"column":null}},"29":{"start":{"line":55,"column":31},"end":{"line":55,"column":null}},"30":{"start":{"line":89,"column":30},"end":{"line":94,"column":null}},"31":{"start":{"line":90,"column":16},"end":{"line":90,"column":null}},"32":{"start":{"line":91,"column":4},"end":{"line":93,"column":null}},"33":{"start":{"line":92,"column":8},"end":{"line":92,"column":null}},"34":{"start":{"line":96,"column":24},"end":{"line":104,"column":null}},"35":{"start":{"line":97,"column":4},"end":{"line":103,"column":null}},"36":{"start":{"line":98,"column":28},"end":{"line":98,"column":null}},"37":{"start":{"line":99,"column":8},"end":{"line":102,"column":null}},"38":{"start":{"line":100,"column":12},"end":{"line":100,"column":null}},"39":{"start":{"line":101,"column":12},"end":{"line":101,"column":null}},"40":{"start":{"line":106,"column":26},"end":{"line":131,"column":null}},"41":{"start":{"line":107,"column":23},"end":{"line":107,"column":null}},"42":{"start":{"line":108,"column":4},"end":{"line":110,"column":null}},"43":{"start":{"line":109,"column":8},"end":{"line":109,"column":null}},"44":{"start":{"line":112,"column":4},"end":{"line":120,"column":null}},"45":{"start":{"line":114,"column":8},"end":{"line":119,"column":null}},"46":{"start":{"line":121,"column":4},"end":{"line":130,"column":null}},"47":{"start":{"line":122,"column":8},"end":{"line":122,"column":null}},"48":{"start":{"line":124,"column":8},"end":{"line":129,"column":null}},"49":{"start":{"line":133,"column":28},"end":{"line":136,"column":null}},"50":{"start":{"line":134,"column":19},"end":{"line":134,"column":null}},"51":{"start":{"line":135,"column":4},"end":{"line":135,"column":null}},"52":{"start":{"line":138,"column":26},"end":{"line":142,"column":null}},"53":{"start":{"line":139,"column":23},"end":{"line":139,"column":null}},"54":{"start":{"line":140,"column":4},"end":{"line":140,"column":null}},"55":{"start":{"line":141,"column":4},"end":{"line":141,"column":null}},"56":{"start":{"line":144,"column":25},"end":{"line":178,"column":null}},"57":{"start":{"line":145,"column":23},"end":{"line":145,"column":null}},"58":{"start":{"line":146,"column":4},"end":{"line":148,"column":null}},"59":{"start":{"line":147,"column":8},"end":{"line":147,"column":null}},"60":{"start":{"line":150,"column":4},"end":{"line":165,"column":null}},"61":{"start":{"line":152,"column":43},"end":{"line":159,"column":null}},"62":{"start":{"line":161,"column":8},"end":{"line":161,"column":null}},"63":{"start":{"line":163,"column":8},"end":{"line":163,"column":null}},"64":{"start":{"line":164,"column":8},"end":{"line":164,"column":null}},"65":{"start":{"line":166,"column":4},"end":{"line":177,"column":null}},"66":{"start":{"line":167,"column":8},"end":{"line":167,"column":null}},"67":{"start":{"line":169,"column":8},"end":{"line":176,"column":null}},"68":{"start":{"line":180,"column":25},"end":{"line":184,"column":null}},"69":{"start":{"line":181,"column":23},"end":{"line":181,"column":null}},"70":{"start":{"line":182,"column":4},"end":{"line":182,"column":null}},"71":{"start":{"line":183,"column":4},"end":{"line":183,"column":null}}},"fnMap":{"0":{"name":"(anonymous_0)","decl":{"start":{"line":11,"column":25},"end":{"line":11,"column":31}},"loc":{"start":{"line":11,"column":31},"end":{"line":50,"column":null}},"line":11},"1":{"name":"(anonymous_1)","decl":{"start":{"line":54,"column":26},"end":{"line":54,"column":32}},"loc":{"start":{"line":54,"column":32},"end":{"line":54,"column":null}},"line":54},"2":{"name":"(anonymous_2)","decl":{"start":{"line":55,"column":25},"end":{"line":55,"column":31}},"loc":{"start":{"line":55,"column":31},"end":{"line":55,"column":null}},"line":55},"3":{"name":"(anonymous_3)","decl":{"start":{"line":89,"column":30},"end":{"line":89,"column":31}},"loc":{"start":{"line":89,"column":52},"end":{"line":94,"column":null}},"line":89},"4":{"name":"(anonymous_4)","decl":{"start":{"line":96,"column":24},"end":{"line":96,"column":25}},"loc":{"start":{"line":96,"column":66},"end":{"line":104,"column":null}},"line":96},"5":{"name":"(anonymous_5)","decl":{"start":{"line":106,"column":26},"end":{"line":106,"column":27}},"loc":{"start":{"line":106,"column":59},"end":{"line":131,"column":null}},"line":106},"6":{"name":"(anonymous_6)","decl":{"start":{"line":133,"column":28},"end":{"line":133,"column":29}},"loc":{"start":{"line":133,"column":70},"end":{"line":136,"column":null}},"line":133},"7":{"name":"(anonymous_7)","decl":{"start":{"line":138,"column":26},"end":{"line":138,"column":27}},"loc":{"start":{"line":138,"column":67},"end":{"line":142,"column":null}},"line":138},"8":{"name":"(anonymous_8)","decl":{"start":{"lin
[...]
2,2],"9":[0,0],"10":[2,1],"11":[0,1],"12":[1,1],"13":[0,1],"14":[1,0,0,0],"15":[1,0],"16":[1,0],"17":[0,0],"18":[0,0],"19":[0,0],"20":[2,0],"21":[0,2],"22":[0,0,0],"23":[0,0],"24":[0,0],"25":[0,0],"26":[0,0],"27":[0,0],"28":[0,0,0],"29":[0,0],"30":[2,0],"31":[0,0],"32":[0,0],"33":[2,0],"34":[0,0],"35":[0,0],"36":[0,0],"37":[0,0],"38":[0,0],"39":[0,0],"40":[0,0],"41":[0,0],"42":[0,0],"43":[0,0],"44":[0,0],"45":[0,0],"46":[0,0],"47":[0,0],"48":[0,0,0],"49":[0,0,0],"50":[0,0],"51":[0,0],"52":[0,0],"53":[0,0],"54":[0,0],"55":[0,0],"56":[0,0],"57":[0,0,0,0],"58":[0,0],"59":[0,0],"60":[0,0],"61":[0,0],"62":[0,0],"63":[0,0],"64":[0,0],"65":[0,0],"66":[0,0],"67":[0,0],"68":[0,0,0],"69":[0,0],"70":[0,0],"71":[0,0],"72":[0,0],"73":[0,0],"74":[0,0],"75":[0,0],"76":[0,0],"77":[0,0],"78":[0,0],"79":[0,0],"80":[0,0],"81":[0,0],"82":[0,0],"83":[0,0],"84":[0,0],"85":[0,0],"86":[0,0],"87":[0,0],"88":[0,0],"89":[0,0],"90":[0,0],"91":[0,0],"92":[0,0,0],"93":[0,0],"94":[0,0],"95":[0,0],"96":[0,0],"97":[0,0],"98":[0,0],"99":[0,0],"100":[0,0],"101":[0,0],"102":[0,0],"103":[0,0],"104":[0,1],"105":[1,1],"106":[1,0],"107":[1,0],"108":[0,1],"109":[0,0],"110":[0,0],"111":[0],"112":[0]},"meta":{"lastBranch":113,"lastFunction":133,"lastStatement":368,"seen":{"s:11:19:13:Infinity":0,"s:16:0:22:Infinity":1,"f:16:29:16:39":0,"s:17:18:17:Infinity":2,"b:18:4:20:Infinity:undefined:undefined:undefined:undefined":0,"s:18:4:20:Infinity":3,"s:19:8:19:Infinity":4,"s:21:4:21:Infinity":5,"s:25:0:47:Infinity":6,"f:26:4:26:16":1,"s:26:16:26:Infinity":7,"f:27:4:27:13":2,"b:28:8:44:Infinity:undefined:undefined:undefined:undefined":1,"s:28:8:44:Infinity":8,"b:28:12:28:31:28:31:28:64:28:64:28:96":2,"s:30:32:33:Infinity":9,"b:30:32:30:Infinity:31:31:31:Infinity:32:31:32:Infinity:33:31:33:Infinity":3,"s:36:26:36:Infinity":10,"b:37:12:43:Infinity:undefined:undefined:undefined:undefined":4,"s:37:12:43:Infinity":11,"b:37:16:37:25:37:25:37:38":5,"s:38:16:38:Infinity":12,"s:39:16:39:Infinity":13,"s:40:16:40:Infinity":14,"s:41:16:41:Infinity":15,"s:42:16:42:Infinity":16,"s:45:8:45:Infinity":17,"s:50:19:71:Infinity":18,"f:50:19:50:26":3,"s:51:4:70:Infinity":19,"s:52:20:52:Infinity":20,"b:52:32:52:61:52:61:52:Infinity":6,"s:53:25:53:Infinity":21,"s:54:26:54:Infinity":22,"s:55:21:55:Infinity":23,"s:56:8:58:Infinity":24,"f:56:42:56:43":4,"s:57:12:57:Infinity":25,"b:61:8:67:Infinity:63:8:67:Infinity":7,"s:61:8:67:Infinity":26,"b:61:12:61:37:61:37:61:59":8,"s:62:12:62:Infinity":27,"b:63:8:67:Infinity:undefined:undefined:undefined:undefined":9,"s:63:8:67:Infinity":28,"s:66:12:66:Infinity":29,"s:69:8:69:Infinity":30,"s:73:15:168:Infinity":31,"f:73:15:73:16":5,"s:74:26:74:Infinity":32,"b:74:39:74:72:74:72:74:78":10,"s:75:4:110:Infinity":33,"f:75:14:75:20":6,"s:76:26:99:Infinity":34,"f:76:26:76:38":7,"s:77:31:77:Infinity":35,"b:79:12:98:Infinity:82:12:98:Infinity":11,"s:79:12:98:Infinity":36,"b:79:16:79:42:79:42:79:65":12,"s:80:16:80:Infinity":37,"s:81:16:81:Infinity":38,"b:82:12:98:Infinity:86:19:98:Infinity":13,"s:82:12:98:Infinity":39,"b:82:23:82:31:82:31:82:46:82:46:82:72:82:72:82:96":14,"s:84:16:84:Infinity":40,"s:85:16:85:Infinity":41,"s:88:16:97:Infinity":42,"s:89:32:89:Infinity":43,"s:90:41:90:Infinity":44,"s:93:20:93:Infinity":45,"b:93:83:93:98:93:98:93:104":15,"b:93:29:93:56:93:56:93:83":16,"s:94:20:94:Infinity":46,"s:96:20:96:Infinity":47,"s:101:8:101:Infinity":48,"s:103:35:107:Infinity":49,"f:103:35:103:36":8,"b:104:12:106:Infinity:undefined:undefined:undefined:undefined":17,"s:104:12:106:Infinity":50,"b:104:16:104:28:104:28:104:58":18,"s:105:16:105:Infinity":51,"s:108:8:108:Infinity":52,"s:109:8:109:Infinity":53,"f:109:15:109:21":9,"s:109:21:109:Infinity":54,"s:112:24:124:Infinity":55,"f:112:24:112:36":10,"s:114:26:114:Infinity":56,"b:114:46:114:56:114:56:114:Infinity":19,"s:115:8:123:Infinity":57,"s:116:12:116:Infinity":58,"s:117:12:117:Infinity":59,"s:118:12:118:Infinity":60,"s:120:12:120:Infinity":61,"s:122:12:122:Infinity":62,"s:125:10:125:Infinity":63,"s:126:25:133:Infinity":64,"f:126:25:126:31":11,"s:127:8:127:Infinity":65,"s:128:8:128:Infinity":66,"s:129:8:129:Infinity":67,"s:130:8:130:Infinity":68,"s:131:8:131:Infinity":69,"s:132:8:132:Infinity":70,"s:135:22:135:Infinity":71,"s:136:22:136:Infinity":72,"s:137:22:137:Infinity":73,"s:139:4:166:Infinity":74,"b:146:56:146:76:146:76:146:Infinity":20,"b:149:20:159:Infinity:161:20:163:Infinity":21,"b:151:26:151:51:151:51:151:Infinity:152:28:154:Infinity":22,"s:170:13:215:Infinity":75,"f:170:13:170:19":12,"s:171:26:171:Infinity":76,"s:172:28:172:Infinity":77,"s:174:4:176:Infinity":78,"f:174:14:174:20":13,"s:175:8:175:Infinity":79,"f:175:31:175:38":14,"s:175:38:175:56":80,"s:178:26:181:Infinity":81,"f:178:39:178:Infinity":15,"s:179:8:180:Infinity":82,"b:179:8:179:Infinity:180:8:180:Infinity":23,"s:183:4:213:Infinity":83,"f:193:30:193:31":16,"s:193:37:193:Infinity":84,"f:198:35:198:Infinity":17,"s:199:20:210:Infinity":85,"s:217:19:244:Infinity":86,"f:217:19:217:25":18,"s:218:17:218:Infinity":87,"s:219:24:219:Infinity":88,"s:221:4:223:Infinity":89,"f:221:14:221:20":19,"s:222:8:222:Infinity":90,"f:222:39:222:46":20,"s:222:46:222:63":91,"b:225:4:225:Infinity:undefined:undefined:undefined:undefined":24,"s:225:4:225:Infinity":92,"s:225:15:225:Infinity":93,"s:227:4:242:Infinity":94,"b:233:21:233:36:233:36:233:Infinity":25,"s:246:14:315:Infinity":95,"f:246:14:246:15":21,"s:247:32:247:Infinity":96,"s:248:32:248:Infinity":97,"s:249:26:249:Infinity":98,"s:250:10:250:Infinity":99,"s:252:25:276:Infinity":100,"f:252:25:252:32":22,"s:253:8:253:Infinity":101,"s:254:8:275:Infinity":102,"s:255:24:255:Infinity":103,"s:256:12:256:Infinity":104,"s:257:12:257:Infinity":105,"s:258:28:262:Infinity":106,"b:259:26:259:47:259:47:259:Infinity":26,"b:263:12:269:Infinity:266:19:269:Infinity":27,"s:263:12:269:Infinity":107,"b:263:16:263:35:263:35:263:65:263:65:263:93":28,"s:264:16:264:Infinity":108,"s:265:16:265:Infinity":109,"s:267:16:267:Infinity":110,"s:268:16:268:Infinity":111,"s:270:12:270:Infinity":112,"s:271:12:271:Infinity":113,"s:272:12:272:Infinity":114,"s:274:12:274:Infinity":115,"s:278:4:313:Infinity":116,"b:282:17:282:26:282:26:282:Infinity":29,"f:291:34:291:35":23,"s:291:41:291:Infinity":117,"f:304:34:304:35":24,"s:304:41:304:Infinity":118,"s:317:14:345:Infinity":119,"f:317:14:317:15":25,"b:318:4:318:Infinity:undefined:undefined:undefined:undefined":30,"s:318:4:318:Infinity":120,"s:318:17:318:Infinity":121,"s:319:4:343:Infinity":122,"b:323:58:323:68:323:68:323:Infinity":31,"b:323:89:323:108:323:108:323:Infinity":32,"b:327:21:327:Infinity:328:24:333:Infinity":33,"s:347:21:366:Infinity":123,"f:347:21:347:22":26,"s:348:4:353:Infinity":124,"f:348:14:348:20":27,"s:349:22:351:Infinity":125,"f:349:33:349:39":28,"s:350:12:350:Infinity":126,"s:352:8:352:Infinity":127,"f:352:15:352:21":29,"s:352:21:352:Infinity":128,"s:355:4:364:Infinity":129,"b:358:17:358:26:358:26:358:Infinity":34,"f:361:29:361:35":30,"s:361:35:361:48":130,"s:368:18:479:Infinity":131,"f:368:18:368:19":31,"b:369:4:369:Infinity:undefined:undefined:undefined:undefined":35,"s:369:4:369:Infinity":132,"s:369:17:369:Infinity":133,"s:370:4:477:Infinity":134,"b:375:74:375:88:375:88:375:Infinity":36,"f:390:60:390:65":32,"s:390:65:390:Infinity":135,"f:401:61:401:66":33,"s:401:66:401:Infinity":136,"b:410:29:410:Infinity:411:32:418:Infinity":37,"b:415:46:415:63:415:63:415:Infinity":38,"b:417:76:417:95:417:95:417:Infinity":39,"f:425:59:425:64":34,"s:425:64:425:Infinity":137,"f:433:38:433:39":35,"s:433:47:433:Infinity":138,"b:434:114:434:124:434:124:434:Infinity":40,"s:481:14:1124:Infinity":139,"f:481:14:481:15":36,"s:482:34:482:Infinity":140,"s:483:26:483:Infinity":141,"s:484:26:484:Infinity":142,"s:485:28:485:Infinity":143,"s:486:28:486:Infinity":144,"s:487:28:501:Infinity":145,"s:502:38:502:Infinity":146,"s:503:42:503:Infinity":147,"s:504:46:504:Infinity":148,"s:505:46:505:Infinity":149,"s:506:38:506:Infinity":150,"s:508:4:515:Infinity":151,"f:508:14:508:20":37,"b:509:8:514:Infinity:undefined:undefined:undefined:undefined":41,"s:509:8:514:Infinity":152,"s:510:25:510:Infinity":153,"s:511:12:513:Infinity":154,"f:511:48:511:49":38,"s:512:16:512:Infinity":155,"s:517:4:523:Infinity":156,"f:517:14:517:20":39,"b:518:8:522:Infinity:undefined:undefined:undefined:undefined":42,"s:518:8:522:Infinity":157,"b:518:12:518:42:518:42:518:56":43,"s:519:12:521:Infinity":158,"f:519:63:519:70":40,"s:520:16:520:Infinity":159,"s:525:4:537:Infinity":160,"f:525:14:525:20":41,"s:526:35:534:Infinity":161,"f:526:35:526:36":42,"s:527:29:527:Infinity":162,"b:528:12:533:Infinity:undefined:undefined:undefined:undefined":44,"s:528:12:533:Infinity":163,"b:528:16:528:28:528:28:528:58":45,"s:529:16:529:Infinity":164,"f:529:26:529:35":43,"s:529:35:529:71":165,"s:530:16:532:Infinity":166,"f:530:56:530:63":44,"s:531:20:531:Infinity":167,"s:535:8:535:Infinity":168,"s:536:8:536:Infinity":169,"f:536:15:536:21":45,"s:536:21:536:Infinity":170,"s:539:4:547:Infinity":171,"f:539:14:539:20":46,"b:540:8:544:Infinity:undefined:undefined:undefined:undefined":46,"s:540:8:544:Infinity":172,"b:540:12:540:20:540:20:540:43":47,"s:541:12:541:Infinity":173,"s:542:12:542:Infinity":174,"s:543:12:543:Infinity":175,"s:545:8:545:Infinity":176,"s:546:8:546:Infinity":177,"s:549:23:549:Infinity":178,"f:549:23:549:29":47,"s:549:29:549:Infinity":179,"f:549:58:549:65":48,"s:549:67:549:87":180,"s:549:87:549:99":181,"s:550:23:550:Infinity":182,"f:550:23:550:29":49,"s:550:29:550:Infinity":183,"f:550:52:550:59":50,"s:550:61:550:81":184,"s:550:81:550:93":185,"s:551:24:551:Infinity":186,"f:551:24:551:30":51,"s:551:30:551:Infinity":187,"f:551:60:551:67":52,"s:551:69:551:90":188,"s:551:90:551:102":189,"s:552:24:552:Infinity":190,"f:552:24:552:30":53,"s:552:30:552:Infinity":191,"f:552:60:552:67":54,"s:552:69:552:90":192,"s:552:90:552:102":193,"s:553:24:553:Infinity":194,"f:553:24:553:30":55,"s:553:30:553:Infinity":195,"f:553:54:553:61":56,"s:553:63:553:84":196,"s:553:84:553:96":197,"s:555:26:578:Infinity":198,"f:555:26:555:27":57,"s:556:25:556:Infinity":199,"b:556:25:556:30:556:30:556:59:556:59:556:Infinity":48,"s:557:24:557:Infinity":200,"b:557:24:557:29:557:29:557:58:557:58:557:Infinity":49,"b:557:82:557:109:557:109:557:Infinity":50,"s:558:23:558:Infinity":201,"b:558:41:558:46:558:46:558:Infinity":51,"b:558:46:558:73:558:73:558:Infinity":52,"s:560:8:560:Infinity":202,"b:562:8:565:Infinity:undefined:undefined:undefined:undefined":53,"s:562:8:565:Infinity":203,"b:562:12:562:37:562:37:562:47":54,"s:563:12:563:Infinity":204,"s:564:12:564:Infinity":205,"s:567:8:567:Infinity":206,"s:568:8:577:Infinity":207,"f:569:18:569:25":58,"s:570:16:570:Infinity":208,"b:570:57:570:77:570:77:570:78":55,"s:571:16:571:Infinity":209,"f:573:19:573:26":59,"s:574:16:574:Infinity":210,"s:575:16:575:Infinity":211,"f:577:21:577:27":60,"s:577:27:577:52":212,"s:580:4:584:Infinity":213,"f:580:14:580:20":61,"b:581:8:583:Infinity:undefined:undefined:undefined:undefined":56,"s:581:8:583:Infinity":214,"b:581:12:581:34:581:34:581:76:581:76:581:108:581:108:581:134":57,"s:582:12:582:Infinity":215,"s:586:29:595:Infinity":216,"f:586:29:586:35":62,"s:587:8:594:Infinity":217,"f:587:47:587:53":63,"s:588:12:588:Infinity":218,"s:589:12:589:Infinity":219,"s:590:12:590:Infinity":220,"s:592:12:592:Infinity":221,"s:593:12:593:Infinity":222,"s:597:31:603:Infinity":223,"f:597:31:597:37":64,"s:598:8:602:Infinity":224,"f:598:59:598:65":65,"s:599:12:601:Infinity":225,"f:599:31:599:37":66,"s:600:16:600:Infinity":226,"s:605:28:610:Infinity":227,"f:605:28:605:34":67,"s:606:8:609:Infinity":228,"f:606:75:606:81":68,"s:607:12:607:Infinity":229,"s:608:12:608:Infinity":230,"s:612:29:616:Infinity":231,"f:612:29:612:30":69,"s:613:8:615:Infinity":232,"f:613:105:613:111":70,"s:614:12:614:Infinity":233,"s:618:29:622:Infinity":234,"f:618:29:618:30":71,"s:619:8:621:Infinity":235,"f:619:101:619:107":72,"s:620:12:620:Infinity":236,"s:624:27:631:Infinity":237,"f:624:27:624:28":73,"s:625:8:625:Infinity":238,"s:626:8:630:Infinity":239,"f:626:45:626:51":74,"s:627:12:627:Infinity":240,"s:628:12:628:Infinity":241,"s:629:12:629:Infinity":242,"s:633:29:641:Infinity":243,"f:633:29:633:30":75,"s:634:21:634:Infinity":244,"b:635:8:635:Infinity:undefined:undefined:undefined:undefined":58,"s:635:8:635:Infinity":245,"s:635:19:635:Infinity":246,"s:636:25:636:Infinity":247,"s:637:8:637:Infinity":248,"s:638:8:640:Infinity":249,"f:638:49:638:55":76,"s:639:12:639:Infinity":250,"s:643:32:665:Infinity":251,"f:643:32:643:44":77,"b:644:8:644:Infinity:undefined:undefined:undefined:undefined":59,"s:644:8:644:Infinity":252,"b:644:12:644:28:644:28:644:50":60,"s:644:50:644:Infinity":253,"s:645:8:645:Infinity":254,"s:646:8:664:Infinity":255,"s:647:29:647:Infinity":256,"b:647:29:647:58:647:58:647:Infinity":61,"s:648:28:648:Infinity":257,"b:648:28:648:57:648:57:648:Infinity":62,"b:648:81:648:108:648:108:648:Infinity":63,"s:649:28:649:Infinity":258,"b:649:28:649:57:649:57:649:Infinity":64,"b:649:81:649:92:649:92:649:Infinity":65,"s:651:24:656:Infinity":259,"s:657:12:657:Infinity":260,"s:659:12:659:Infinity":261,"s:660:29:660:Infinity":262,"b:660:29:660:62:660:62:660:Infinity":66,"s:661:12:661:Infinity":263,"s:663:12:663:Infinity":264,"b:667:4:667:Infinity:undefined:undefined:undefined:undefined":67,"s:667:4:667:Infinity":265,"b:667:8:667:18:667:18:667:43:667:43:667:73":68,"s:667:73:667:Infinity":266,"s:669:22:676:Infinity":267,"f:669:22:669:23":78,"s:670:8:676:Infinity":268,"f:671:21:671:27":79,"s:671:27:671:Infinity":269,"b:672:95:672:120:672:120:672:157":69,"s:679:4:1122:Infinity":270,"b:687:17:687:Infinity:688:20:693:Infinity":70,"b:699:17:699:Infinity:700:20:733:Infinity":71,"f:704:41:704:47":80,"s:704:47:704:Infinity":271,"f:712:39:712:Infinity":81,"s:713:32:730:Infinity":272,"f:719:57:719:63":82,"s:720:44:720:Infinity":273,"f:720:80:720:87":83,"s:720:87:720:111":274,"b:724:41:724:Infinity:725:44:727:Infinity":72,"f:725:61:725:67":84,"s:725:67:725:96":275,"b:738:26:738:41:738:41:738:Infinity":73,"f:740:30:740:36":85,"s:740:36:740:Infinity":276,"b:747:17:747:Infinity:748:20:794:Infinity":74,"f:752:44:752:Infinity":86,"s:753:36:759:Infinity":277,"f:755:49:755:55":87,"s:755:55:755:Infinity":278,"b:756:117:756:159:756:159:756:217":75,"b:769:37:769:52:769:52:787:Infinity":76,"f:769:84:769:85":88,"s:770:40:786:Infinity":279,"f:777:62:777:67":89,"s:777:67:777:Infinity":280,"f:782:62:782:67":90,"s:782:67:782:Infinity":281,"b:797:17:797:Infinity:798:20:864:Infinity":77,"f:806:70:806:75":91,"s:806:75:806:Infinity":282,"f:816:76:816:81":92,"s:816:81:816:Infinity":283,"f:825:81:825:86":93,"s:825:86:825:Infinity":284,"f:841:72:841:77":94,"s:841:77:841:Infinity":285,"f:853:75:853:80":95,"s:853:80:853:Infinity":286,"b:867:17:867:Infinity:868:20:1009:Infinity":78,"f:870:40:870:41":96,"s:870:49:870:69":287,"s:870:69:870:91":288,"b:876:45:876:73:876:73:876:Infinity":79,"f:877:46:877:51":97,"s:878:58:878:Infinity":289,"s:879:40:879:Infinity":290,"f:879:50:879:59":98,"s:879:59:879:185":291,"b:879:84:879:101:879:101:879:164":80,"b:885:29:885:Infinity:886:32:888:Infinity":81,"b:891:104:891:139:891:139:891:141":82,"b:897:47:897:76:897:76:897:Infinity":83,"f:898:50:898:55":99,"s:899:64:899:Infinity":292,"s:900:61:902:Infinity":293,"b:901:50:901:Infinity:902:50:902:Infinity":84,"s:904:44:912:Infinity":294,"b:907:56:907:75:907:75:907:Infinity":85,"b:923:106:923:133:923:133:923:Infinity":86,"b:925:47:925:75:925:75:925:Infinity":87,"f:926:50:926:55":100,"s:927:59:927:Infinity":295,"s:928:44:928:Infinity":296,"f:928:54:928:63":101,"s:928:63:928:188":297,"b:928:88:928:105:928:105:928:170":88,"b:938:44:954:Infinity:956:44:967:Infinity":89,"b:941:55:941:83:941:83:941:Infinity":90,"f:942:58:942:63":102,"s:943:67:943:Infinity":298,"s:944:52:944:Infinity":299,"f:944:62:944:71":103,"s:944:71:944:196":300,"b:944:96:944:113:944:113:944:178":91,"f:948:69:948:Infinity":104,"s:949:52:949:Infinity":301,"b:951:49:951:77:951:77:951:Infinity:952:52:952:Infinity":92,"b:961:55:961:83:961:83:961:Infinity":93,"f:962:58:962:63":105,"s:963:67:963:Infinity":302,"s:964:52:964:Infinity":303,"f:964:62:964:71":106,"s:964:71:964:196":304,"b:964:96:964:113:964:113:964:178":94,"b:969:41:969:Infinity:970:44:988:Infinity":95,"f:973:57:973:58":107,"s:974:52:974:Infinity":305,"s:975:52:975:Infinity":306,"s:977:52:981:Infinity":307,"b:987:88:987:105:987:105:987:109":96,"b:998:47:998:74:998:74:998:Infinity":97,"f:999:50:999:55":108,"s:1000:59:1000:Infinity":308,"s:1001:44:1001:Infinity":309,"f:1001:54:1001:63":109,"s:1001:63:1001:188":310,"b:1001:88:1001:105:1001:105:1001:171":98,"b:1012:17:1012:Infinity:1013:20:1068:Infinity":99,"f:1019:39:1019:Infinity":110,"s:1020:32:1035:Infinity":311,"b:1030:37:1030:Infinity:1031:40:1033:Infinity":100,"f:1031:57:1031:63":111,"s:1031:63:1031:93":312,"f:1041:44:1041:45":112,"s:1042:32:1042:Infinity":313,"s:1043:43:1043:Infinity":314,"s:1044:45:1044:Infinity":315,"s:1045:32:1048:Infinity":316,"f:1045:68:1045:74":113,"s:1046:36:1046:Infinity":317,"s:1047:36:1047:Infinity":318,"b:1071:17:1071:Infinity:1072:20:1119:Infinity":101,"f:1082:40:1082:Infinity":114,"s:1083:32:1115:Infinity":319,"f:1089:57:1089:63":115,"s:1090:52:1090:Infinity":320,"s:1091:52:1091:Infinity":321,"b:1098:45:1098:Infinity:1099:48:1111:Infinity":102,"f:1100:61:1100:67":116,"s:1101:72:1101:Infinity":322,"s:1102:56:1105:Infinity":323,"s:1106:56:1106:Infinity":324,"b:1118:25:1118:48:1118:48:1118:Infinity":103,"f:1126:24:1126:30":117,"s:1127:24:1127:Infinity":325,"s:1128:32:1128:Infinity":326,"s:1129:42:1129:Infinity":327,"s:1131:4:1166:Infinity":328,"f:1131:14:1131:20":118,"s:1132:26:1149:Infinity":329,"f:1132:26:1132:38":119,"s:1133:31:1133:Infinity":330,"b:1135:12:1148:Infinity:1137:19:1148:Infinity":104,"s:1135:12:1148:Infinity":331,"b:1135:16:1135:42:1135:42:1135:65":105,"s:1136:16:1136:Infinity":332,"s:1138:16:1147:Infinity":333,"s:1139:32:1139:Infinity":334,"b:1140:20:1144:Infinity:1142:27:1144:Infinity":106,"s:1140:20:1144:Infinity":335,"s:1141:24:1141:Infinity":336,"s:1143:24:1143:Infinity":337,"s:1146:20:1146:Infinity":338,"s:1151:8:1151:Infinity":339,"s:1153:8:1158:Infinity":340,"f:1153:32:1153:39":120,"b:1154:12:1157:Infinity:undefined:undefined:undefined:undefined":107,"s:1154:12:1157:Infinity":341,"s:1155:16:1155:Infinity":342,"s:1156:16:1156:Infinity":343,"s:1159:22:1159:Infinity":344,"s:1160:21:1160:Infinity":345,"s:1161:25:1161:Infinity":346,"b:1162:8:1165:Infinity:undefined:undefined:undefined:undefined":108,"s:1162:8:1165:Infinity":347,"s:1163:31:1163:Infinity":348,"s:1164:12:1164:Infinity":349,"b:1164:97:1164:110:1164:110:1164:115":109,"b:1164:46:1164:72:1164:72:1164:97":110,"s:1168:26:1174:Infinity":350,"f:1173:19:1173:25":121,"s:1176:22:1179:Infinity":351,"f:1176:22:1176:23":122,"b:1176:40:1176:47":111,"s:1177:19:1177:Infinity":352,"s:1178:8:1178:Infinity":353,"f:1178:25:1178:33":123,"s:1178:33:1178:66":354,"s:1181:31:1183:Infinity":355,"f:1181:31:1181:32":124,"s:1182:8:1182:Infinity":356,"f:1182:25:1182:33":125,"s:1182:33:1182:62":357,"f:1182:45:1182:50":126,"s:1182:50:1182:61":358,"s:1185:24:1196:Infinity":359,"f:1185:24:1185:25":127,"b:1185:53:1185:60":112,"s:1186:8:1195:Infinity":360,"f:1191:23:1191:29":128,"s:1192:16:1192:Infinity":361,"s:1193:16:1193:Infinity":362,"f:1193:25:1193:34":129,"s:1193:34:1193:61":363,"s:1198:4:1225:Infinity":364,"f:1213:35:1213:Infinity":130,"s:1214:20:1214:Infinity":365,"f:1223:26:1223:32":131,"s:1223:32:1223:Infinity":366,"f:1223:41:1223:50":132,"s:1223:50:1223:77":367}}}
,"/home/mlapointe/secure/git/freebsdguy/src/main.tsx": {"path":"/home/mlapointe/secure/git/freebsdguy/src/main.tsx","statementMap":{"0":{"start":{"line":5,"column":0},"end":{"line":7,"column":null}}},"fnMap":{},"branchMap":{},"s":{"0":0},"f":{},"b":{},"meta":{"lastBranch":0,"lastFunction":0,"lastStatement":1,"seen":{"s:5:0:7:Infinity":0}}}
,"/home/mlapointe/secure/git/freebsdguy/src/vite-env.d.ts": {"path":"/home/mlapointe/secure/git/freebsdguy/src/vite-env.d.ts","statementMap":{},"fnMap":{},"branchMap":{},"s":{},"f":{},"b":{},"meta":{"lastBranch":0,"lastFunction":0,"lastStatement":0,"seen":{}}}
}
